   1              		.syntax unified
   2              		.cpu cortex-m3
   3              		.fpu softvfp
   4              		.eabi_attribute 20, 1
   5              		.eabi_attribute 21, 1
   6              		.eabi_attribute 23, 3
   7              		.eabi_attribute 24, 1
   8              		.eabi_attribute 25, 1
   9              		.eabi_attribute 26, 1
  10              		.eabi_attribute 30, 4
  11              		.eabi_attribute 18, 4
  12              		.thumb
  13              		.file	"delay_util.cpp"
  14              		.section	.text._ZN7Delay_t4InitEv,"ax",%progbits
  15              		.align	1
  16              		.global	_ZN7Delay_t4InitEv
  17              		.thumb
  18              		.thumb_func
  20              	_ZN7Delay_t4InitEv:
  21              		@ args = 0, pretend = 0, frame = 16
  22              		@ frame_needed = 0, uses_anonymous_args = 0
  23 0000 30B5     		push	{r4, r5, lr}
  24 0002 85B0     		sub	sp, sp, #20
  25 0004 0124     		movs	r4, #1
  26 0006 1C23     		movs	r3, #28
  27 0008 0025     		movs	r5, #0
  28 000a 03A8     		add	r0, sp, #12
  29 000c 8DF80C30 		strb	r3, [sp, #12]
  30 0010 8DF80D40 		strb	r4, [sp, #13]
  31 0014 8DF80E50 		strb	r5, [sp, #14]
  32 0018 8DF80F40 		strb	r4, [sp, #15]
  33 001c FFF7FEFF 		bl	NVIC_Init
  34 0020 2046     		mov	r0, r4
  35 0022 2146     		mov	r1, r4
  36 0024 FFF7FEFF 		bl	RCC_APB1PeriphClockCmd
  37 0028 6422     		movs	r2, #100
  38 002a ADF80420 		strh	r2, [sp, #4]	@ movhi
  39 002e 124A     		ldr	r2, .L2
  40 0030 4FF08040 		mov	r0, #1073741824
  41 0034 1168     		ldr	r1, [r2, #0]
  42 0036 114A     		ldr	r2, .L2+4
  43 0038 ADF80250 		strh	r5, [sp, #2]	@ movhi
  44 003c B1FBF2F2 		udiv	r2, r1, r2
  45 0040 013A     		subs	r2, r2, #1
  46 0042 6946     		mov	r1, sp
  47 0044 ADF80020 		strh	r2, [sp, #0]	@ movhi
  48 0048 ADF80650 		strh	r5, [sp, #6]	@ movhi
  49 004c 8DF80850 		strb	r5, [sp, #8]
  50 0050 FFF7FEFF 		bl	TIM_TimeBaseInit
  51 0054 2146     		mov	r1, r4
  52 0056 4FF08040 		mov	r0, #1073741824
  53 005a FFF7FEFF 		bl	TIM_Cmd
  54 005e 2146     		mov	r1, r4
  55 0060 4FF08040 		mov	r0, #1073741824
  56 0064 FFF7FEFF 		bl	TIM_ClearFlag
  57 0068 4FF08040 		mov	r0, #1073741824
  58 006c 2146     		mov	r1, r4
  59 006e 2246     		mov	r2, r4
  60 0070 FFF7FEFF 		bl	TIM_ITConfig
  61 0074 05B0     		add	sp, sp, #20
  62 0076 30BD     		pop	{r4, r5, pc}
  63              	.L3:
  64              		.align	2
  65              	.L2:
  66 0078 00000000 		.word	SystemCoreClock
  67 007c A0860100 		.word	100000
  69              		.section	.text._ZN7Delay_t7ElapsedEPmm,"ax",%progbits
  70              		.align	1
  71              		.global	_ZN7Delay_t7ElapsedEPmm
  72              		.thumb
  73              		.thumb_func
  75              	_ZN7Delay_t7ElapsedEPmm:
  76              		@ args = 0, pretend = 0, frame = 0
  77              		@ frame_needed = 0, uses_anonymous_args = 0
  78              		@ link register save eliminated.
  79 0000 0368     		ldr	r3, [r0, #0]
  80 0002 0868     		ldr	r0, [r1, #0]
  81 0004 181A     		subs	r0, r3, r0
  82 0006 9042     		cmp	r0, r2
  83 0008 02D3     		bcc	.L6
  84 000a 0B60     		str	r3, [r1, #0]
  85 000c 0120     		movs	r0, #1
  86 000e 7047     		bx	lr
  87              	.L6:
  88 0010 0020     		movs	r0, #0
  89 0012 7047     		bx	lr
  91              		.section	.text._ZN7Delay_t4LoopEm,"ax",%progbits
  92              		.align	1
  93              		.global	_ZN7Delay_t4LoopEm
  94              		.thumb
  95              		.thumb_func
  97              	_ZN7Delay_t4LoopEm:
  98              		@ args = 0, pretend = 0, frame = 8
  99              		@ frame_needed = 0, uses_anonymous_args = 0
 100              		@ link register save eliminated.
 101 0000 82B0     		sub	sp, sp, #8
 102 0002 0191     		str	r1, [sp, #4]
 103 0004 02E0     		b	.L8
 104              	.L9:
 105 0006 019B     		ldr	r3, [sp, #4]
 106 0008 013B     		subs	r3, r3, #1
 107 000a 0193     		str	r3, [sp, #4]
 108              	.L8:
 109 000c 019B     		ldr	r3, [sp, #4]
 110 000e 002B     		cmp	r3, #0
 111 0010 F9D1     		bne	.L9
 112 0012 02B0     		add	sp, sp, #8
 113 0014 7047     		bx	lr
 115              		.section	.text._ZN7Delay_t2msEm,"ax",%progbits
 116              		.align	1
 117              		.global	_ZN7Delay_t2msEm
 118              		.thumb
 119              		.thumb_func
 121              	_ZN7Delay_t2msEm:
 122              		@ args = 0, pretend = 0, frame = 0
 123              		@ frame_needed = 0, uses_anonymous_args = 0
 124              		@ link register save eliminated.
 125 0000 044B     		ldr	r3, .L11
 126 0002 1A68     		ldr	r2, [r3, #0]
 127 0004 42F21073 		movw	r3, #10000
 128 0008 B2FBF3F3 		udiv	r3, r2, r3
 129 000c 5943     		muls	r1, r3, r1
 130 000e FFF7FEBF 		b	_ZN7Delay_t4LoopEm
 131              	.L12:
 132 0012 00BF     		.align	2
 133              	.L11:
 134 0014 00000000 		.word	SystemCoreClock
 136              		.section	.text.TIM2_IRQHandler,"ax",%progbits
 137              		.align	1
 138              		.global	TIM2_IRQHandler
 139              		.thumb
 140              		.thumb_func
 142              	TIM2_IRQHandler:
 143              		@ args = 0, pretend = 0, frame = 0
 144              		@ frame_needed = 0, uses_anonymous_args = 0
 145 0000 08B5     		push	{r3, lr}
 146 0002 4FF08040 		mov	r0, #1073741824
 147 0006 0121     		movs	r1, #1
 148 0008 FFF7FEFF 		bl	TIM_ClearITPendingBit
 149 000c 024B     		ldr	r3, .L14
 150 000e 1A68     		ldr	r2, [r3, #0]
 151 0010 0132     		adds	r2, r2, #1
 152 0012 1A60     		str	r2, [r3, #0]
 153 0014 08BD     		pop	{r3, pc}
 154              	.L15:
 155 0016 00BF     		.align	2
 156              	.L14:
 157 0018 00000000 		.word	.LANCHOR0
 159              		.global	Delay
 160              		.section	.bss.Delay,"aw",%nobits
 161              		.align	2
 162              		.set	.LANCHOR0,. + 0
 165              	Delay:
 166 0000 00000000 		.space	4
 167              		.ident	"GCC: (GNU) 4.6.2"
DEFINED SYMBOLS
                            *ABS*:00000000 delay_util.cpp
C:\Users\kreyl\AppData\Local\Temp\ccXjoijG.s:15     .text._ZN7Delay_t4InitEv:00000000 $t
C:\Users\kreyl\AppData\Local\Temp\ccXjoijG.s:20     .text._ZN7Delay_t4InitEv:00000000 _ZN7Delay_t4InitEv
C:\Users\kreyl\AppData\Local\Temp\ccXjoijG.s:66     .text._ZN7Delay_t4InitEv:00000078 $d
C:\Users\kreyl\AppData\Local\Temp\ccXjoijG.s:70     .text._ZN7Delay_t7ElapsedEPmm:00000000 $t
C:\Users\kreyl\AppData\Local\Temp\ccXjoijG.s:75     .text._ZN7Delay_t7ElapsedEPmm:00000000 _ZN7Delay_t7ElapsedEPmm
C:\Users\kreyl\AppData\Local\Temp\ccXjoijG.s:92     .text._ZN7Delay_t4LoopEm:00000000 $t
C:\Users\kreyl\AppData\Local\Temp\ccXjoijG.s:97     .text._ZN7Delay_t4LoopEm:00000000 _ZN7Delay_t4LoopEm
C:\Users\kreyl\AppData\Local\Temp\ccXjoijG.s:116    .text._ZN7Delay_t2msEm:00000000 $t
C:\Users\kreyl\AppData\Local\Temp\ccXjoijG.s:121    .text._ZN7Delay_t2msEm:00000000 _ZN7Delay_t2msEm
C:\Users\kreyl\AppData\Local\Temp\ccXjoijG.s:134    .text._ZN7Delay_t2msEm:00000014 $d
C:\Users\kreyl\AppData\Local\Temp\ccXjoijG.s:137    .text.TIM2_IRQHandler:00000000 $t
C:\Users\kreyl\AppData\Local\Temp\ccXjoijG.s:142    .text.TIM2_IRQHandler:00000000 TIM2_IRQHandler
C:\Users\kreyl\AppData\Local\Temp\ccXjoijG.s:157    .text.TIM2_IRQHandler:00000018 $d
C:\Users\kreyl\AppData\Local\Temp\ccXjoijG.s:165    .bss.Delay:00000000 Delay
C:\Users\kreyl\AppData\Local\Temp\ccXjoijG.s:161    .bss.Delay:00000000 $d

UNDEFINED SYMBOLS
NVIC_Init
RCC_APB1PeriphClockCmd
TIM_TimeBaseInit
TIM_Cmd
TIM_ClearFlag
TIM_ITConfig
SystemCoreClock
TIM_ClearITPendingBit
