   1              		.syntax unified
   2              		.cpu cortex-m3
   3              		.fpu softvfp
   4              		.eabi_attribute 20, 1
   5              		.eabi_attribute 21, 1
   6              		.eabi_attribute 23, 3
   7              		.eabi_attribute 24, 1
   8              		.eabi_attribute 25, 1
   9              		.eabi_attribute 26, 1
  10              		.eabi_attribute 30, 4
  11              		.eabi_attribute 18, 4
  12              		.thumb
  13              		.file	"stm32f10x_i2c.c"
  14              		.section	.text.I2C_DeInit,"ax",%progbits
  15              		.align	1
  16              		.global	I2C_DeInit
  17              		.thumb
  18              		.thumb_func
  20              	I2C_DeInit:
  21              		@ args = 0, pretend = 0, frame = 0
  22              		@ frame_needed = 0, uses_anonymous_args = 0
  23 0000 08B5     		push	{r3, lr}
  24 0002 0B4B     		ldr	r3, .L4
  25 0004 9842     		cmp	r0, r3
  26 0006 07D1     		bne	.L2
  27 0008 4FF40010 		mov	r0, #2097152
  28 000c 0121     		movs	r1, #1
  29 000e FFF7FEFF 		bl	RCC_APB1PeriphResetCmd
  30 0012 4FF40010 		mov	r0, #2097152
  31 0016 06E0     		b	.L3
  32              	.L2:
  33 0018 4FF48000 		mov	r0, #4194304
  34 001c 0121     		movs	r1, #1
  35 001e FFF7FEFF 		bl	RCC_APB1PeriphResetCmd
  36 0022 4FF48000 		mov	r0, #4194304
  37              	.L3:
  38 0026 0021     		movs	r1, #0
  39 0028 BDE80840 		pop	{r3, lr}
  40 002c FFF7FEBF 		b	RCC_APB1PeriphResetCmd
  41              	.L5:
  42              		.align	2
  43              	.L4:
  44 0030 00540040 		.word	1073763328
  46              		.section	.text.I2C_Init,"ax",%progbits
  47              		.align	1
  48              		.global	I2C_Init
  49              		.thumb
  50              		.thumb_func
  52              	I2C_Init:
  53              		@ args = 0, pretend = 0, frame = 24
  54              		@ frame_needed = 0, uses_anonymous_args = 0
  55 0000 70B5     		push	{r4, r5, r6, lr}
  56 0002 86B0     		sub	sp, sp, #24
  57 0004 0446     		mov	r4, r0
  58 0006 8688     		ldrh	r6, [r0, #4]
  59 0008 01A8     		add	r0, sp, #4
  60 000a 0D46     		mov	r5, r1
  61 000c FFF7FEFF 		bl	RCC_GetClocksFreq
  62 0010 0399     		ldr	r1, [sp, #12]
  63 0012 2D48     		ldr	r0, .L14
  64 0014 26F03F06 		bic	r6, r6, #63
  65 0018 3604     		lsls	r6, r6, #16
  66 001a B1FBF0F0 		udiv	r0, r1, r0
  67 001e 360C     		lsrs	r6, r6, #16
  68 0020 80B2     		uxth	r0, r0
  69 0022 0643     		orrs	r6, r6, r0
  70 0024 A680     		strh	r6, [r4, #4]	@ movhi
  71 0026 2288     		ldrh	r2, [r4, #0]
  72 0028 2B68     		ldr	r3, [r5, #0]
  73 002a 22F00102 		bic	r2, r2, #1
  74 002e 1204     		lsls	r2, r2, #16
  75 0030 120C     		lsrs	r2, r2, #16
  76 0032 2280     		strh	r2, [r4, #0]	@ movhi
  77 0034 254A     		ldr	r2, .L14+4
  78 0036 9342     		cmp	r3, r2
  79 0038 0AD8     		bhi	.L7
  80 003a 5B00     		lsls	r3, r3, #1
  81 003c B1FBF3F3 		udiv	r3, r1, r3
  82 0040 0130     		adds	r0, r0, #1
  83 0042 9BB2     		uxth	r3, r3
  84 0044 80B2     		uxth	r0, r0
  85 0046 2084     		strh	r0, [r4, #32]	@ movhi
  86 0048 032B     		cmp	r3, #3
  87 004a 98BF     		it	ls
  88 004c 0423     		movls	r3, #4
  89 004e 21E0     		b	.L9
  90              	.L7:
  91 0050 EE88     		ldrh	r6, [r5, #6]
  92 0052 4BF6FF72 		movw	r2, #49151
  93 0056 9642     		cmp	r6, r2
  94 0058 05D1     		bne	.L10
  95 005a 0322     		movs	r2, #3
  96 005c 5343     		muls	r3, r2, r3
  97 005e B1FBF3F3 		udiv	r3, r1, r3
  98 0062 9BB2     		uxth	r3, r3
  99 0064 06E0     		b	.L11
 100              	.L10:
 101 0066 1922     		movs	r2, #25
 102 0068 5343     		muls	r3, r2, r3
 103 006a B1FBF3F3 		udiv	r3, r1, r3
 104 006e 9BB2     		uxth	r3, r3
 105 0070 43F48043 		orr	r3, r3, #16384
 106              	.L11:
 107 0074 1A05     		lsls	r2, r3, #20
 108 0076 4FF49672 		mov	r2, #300
 109 007a 08BF     		it	eq
 110 007c 43F00103 		orreq	r3, r3, #1
 111 0080 5043     		muls	r0, r2, r0
 112 0082 4FF47A72 		mov	r2, #1000
 113 0086 90FBF2F0 		sdiv	r0, r0, r2
 114 008a 0130     		adds	r0, r0, #1
 115 008c 80B2     		uxth	r0, r0
 116 008e 43F40043 		orr	r3, r3, #32768
 117 0092 2084     		strh	r0, [r4, #32]	@ movhi
 118              	.L9:
 119 0094 A383     		strh	r3, [r4, #28]	@ movhi
 120 0096 2388     		ldrh	r3, [r4, #0]
 121 0098 6989     		ldrh	r1, [r5, #10]
 122 009a 9BB2     		uxth	r3, r3
 123 009c 43F00103 		orr	r3, r3, #1
 124 00a0 2380     		strh	r3, [r4, #0]	@ movhi
 125 00a2 2388     		ldrh	r3, [r4, #0]
 126 00a4 AA88     		ldrh	r2, [r5, #4]
 127 00a6 23F48063 		bic	r3, r3, #1024
 128 00aa 23F00A03 		bic	r3, r3, #10
 129 00ae 1B04     		lsls	r3, r3, #16
 130 00b0 0A43     		orrs	r2, r2, r1
 131 00b2 1B0C     		lsrs	r3, r3, #16
 132 00b4 1343     		orrs	r3, r3, r2
 133 00b6 9BB2     		uxth	r3, r3
 134 00b8 2380     		strh	r3, [r4, #0]	@ movhi
 135 00ba 2A89     		ldrh	r2, [r5, #8]
 136 00bc AB89     		ldrh	r3, [r5, #12]
 137 00be 1343     		orrs	r3, r3, r2
 138 00c0 9BB2     		uxth	r3, r3
 139 00c2 2381     		strh	r3, [r4, #8]	@ movhi
 140 00c4 06B0     		add	sp, sp, #24
 141 00c6 70BD     		pop	{r4, r5, r6, pc}
 142              	.L15:
 143              		.align	2
 144              	.L14:
 145 00c8 40420F00 		.word	1000000
 146 00cc A0860100 		.word	100000
 148              		.section	.text.I2C_StructInit,"ax",%progbits
 149              		.align	1
 150              		.global	I2C_StructInit
 151              		.thumb
 152              		.thumb_func
 154              	I2C_StructInit:
 155              		@ args = 0, pretend = 0, frame = 0
 156              		@ frame_needed = 0, uses_anonymous_args = 0
 157              		@ link register save eliminated.
 158 0000 41F28833 		movw	r3, #5000
 159 0004 0360     		str	r3, [r0, #0]
 160 0006 0023     		movs	r3, #0
 161 0008 8380     		strh	r3, [r0, #4]	@ movhi
 162 000a 4BF6FF72 		movw	r2, 49151	@ movhi
 163 000e 0381     		strh	r3, [r0, #8]	@ movhi
 164 0010 4381     		strh	r3, [r0, #10]	@ movhi
 165 0012 4FF48043 		mov	r3, #16384	@ movhi
 166 0016 C280     		strh	r2, [r0, #6]	@ movhi
 167 0018 8381     		strh	r3, [r0, #12]	@ movhi
 168 001a 7047     		bx	lr
 170              		.section	.text.I2C_Cmd,"ax",%progbits
 171              		.align	1
 172              		.global	I2C_Cmd
 173              		.thumb
 174              		.thumb_func
 176              	I2C_Cmd:
 177              		@ args = 0, pretend = 0, frame = 0
 178              		@ frame_needed = 0, uses_anonymous_args = 0
 179              		@ link register save eliminated.
 180 0000 0388     		ldrh	r3, [r0, #0]
 181 0002 19B1     		cbz	r1, .L18
 182 0004 9BB2     		uxth	r3, r3
 183 0006 43F00103 		orr	r3, r3, #1
 184 000a 03E0     		b	.L20
 185              	.L18:
 186 000c 23F00103 		bic	r3, r3, #1
 187 0010 1B04     		lsls	r3, r3, #16
 188 0012 1B0C     		lsrs	r3, r3, #16
 189              	.L20:
 190 0014 0380     		strh	r3, [r0, #0]	@ movhi
 191 0016 7047     		bx	lr
 193              		.section	.text.I2C_DMACmd,"ax",%progbits
 194              		.align	1
 195              		.global	I2C_DMACmd
 196              		.thumb
 197              		.thumb_func
 199              	I2C_DMACmd:
 200              		@ args = 0, pretend = 0, frame = 0
 201              		@ frame_needed = 0, uses_anonymous_args = 0
 202              		@ link register save eliminated.
 203 0000 8388     		ldrh	r3, [r0, #4]
 204 0002 19B1     		cbz	r1, .L22
 205 0004 9BB2     		uxth	r3, r3
 206 0006 43F40063 		orr	r3, r3, #2048
 207 000a 03E0     		b	.L24
 208              	.L22:
 209 000c 23F40063 		bic	r3, r3, #2048
 210 0010 1B04     		lsls	r3, r3, #16
 211 0012 1B0C     		lsrs	r3, r3, #16
 212              	.L24:
 213 0014 8380     		strh	r3, [r0, #4]	@ movhi
 214 0016 7047     		bx	lr
 216              		.section	.text.I2C_DMALastTransferCmd,"ax",%progbits
 217              		.align	1
 218              		.global	I2C_DMALastTransferCmd
 219              		.thumb
 220              		.thumb_func
 222              	I2C_DMALastTransferCmd:
 223              		@ args = 0, pretend = 0, frame = 0
 224              		@ frame_needed = 0, uses_anonymous_args = 0
 225              		@ link register save eliminated.
 226 0000 8388     		ldrh	r3, [r0, #4]
 227 0002 19B1     		cbz	r1, .L26
 228 0004 9BB2     		uxth	r3, r3
 229 0006 43F48053 		orr	r3, r3, #4096
 230 000a 03E0     		b	.L28
 231              	.L26:
 232 000c 23F48053 		bic	r3, r3, #4096
 233 0010 1B04     		lsls	r3, r3, #16
 234 0012 1B0C     		lsrs	r3, r3, #16
 235              	.L28:
 236 0014 8380     		strh	r3, [r0, #4]	@ movhi
 237 0016 7047     		bx	lr
 239              		.section	.text.I2C_GenerateSTART,"ax",%progbits
 240              		.align	1
 241              		.global	I2C_GenerateSTART
 242              		.thumb
 243              		.thumb_func
 245              	I2C_GenerateSTART:
 246              		@ args = 0, pretend = 0, frame = 0
 247              		@ frame_needed = 0, uses_anonymous_args = 0
 248              		@ link register save eliminated.
 249 0000 0388     		ldrh	r3, [r0, #0]
 250 0002 19B1     		cbz	r1, .L30
 251 0004 9BB2     		uxth	r3, r3
 252 0006 43F48073 		orr	r3, r3, #256
 253 000a 03E0     		b	.L32
 254              	.L30:
 255 000c 23F48073 		bic	r3, r3, #256
 256 0010 1B04     		lsls	r3, r3, #16
 257 0012 1B0C     		lsrs	r3, r3, #16
 258              	.L32:
 259 0014 0380     		strh	r3, [r0, #0]	@ movhi
 260 0016 7047     		bx	lr
 262              		.section	.text.I2C_GenerateSTOP,"ax",%progbits
 263              		.align	1
 264              		.global	I2C_GenerateSTOP
 265              		.thumb
 266              		.thumb_func
 268              	I2C_GenerateSTOP:
 269              		@ args = 0, pretend = 0, frame = 0
 270              		@ frame_needed = 0, uses_anonymous_args = 0
 271              		@ link register save eliminated.
 272 0000 0388     		ldrh	r3, [r0, #0]
 273 0002 19B1     		cbz	r1, .L34
 274 0004 9BB2     		uxth	r3, r3
 275 0006 43F40073 		orr	r3, r3, #512
 276 000a 03E0     		b	.L36
 277              	.L34:
 278 000c 23F40073 		bic	r3, r3, #512
 279 0010 1B04     		lsls	r3, r3, #16
 280 0012 1B0C     		lsrs	r3, r3, #16
 281              	.L36:
 282 0014 0380     		strh	r3, [r0, #0]	@ movhi
 283 0016 7047     		bx	lr
 285              		.section	.text.I2C_AcknowledgeConfig,"ax",%progbits
 286              		.align	1
 287              		.global	I2C_AcknowledgeConfig
 288              		.thumb
 289              		.thumb_func
 291              	I2C_AcknowledgeConfig:
 292              		@ args = 0, pretend = 0, frame = 0
 293              		@ frame_needed = 0, uses_anonymous_args = 0
 294              		@ link register save eliminated.
 295 0000 0388     		ldrh	r3, [r0, #0]
 296 0002 19B1     		cbz	r1, .L38
 297 0004 9BB2     		uxth	r3, r3
 298 0006 43F48063 		orr	r3, r3, #1024
 299 000a 03E0     		b	.L40
 300              	.L38:
 301 000c 23F48063 		bic	r3, r3, #1024
 302 0010 1B04     		lsls	r3, r3, #16
 303 0012 1B0C     		lsrs	r3, r3, #16
 304              	.L40:
 305 0014 0380     		strh	r3, [r0, #0]	@ movhi
 306 0016 7047     		bx	lr
 308              		.section	.text.I2C_OwnAddress2Config,"ax",%progbits
 309              		.align	1
 310              		.global	I2C_OwnAddress2Config
 311              		.thumb
 312              		.thumb_func
 314              	I2C_OwnAddress2Config:
 315              		@ args = 0, pretend = 0, frame = 0
 316              		@ frame_needed = 0, uses_anonymous_args = 0
 317              		@ link register save eliminated.
 318 0000 8389     		ldrh	r3, [r0, #12]
 319 0002 01F0FE01 		and	r1, r1, #254
 320 0006 9BB2     		uxth	r3, r3
 321 0008 23F0FE03 		bic	r3, r3, #254
 322 000c 1943     		orrs	r1, r1, r3
 323 000e 8181     		strh	r1, [r0, #12]	@ movhi
 324 0010 7047     		bx	lr
 326              		.section	.text.I2C_DualAddressCmd,"ax",%progbits
 327              		.align	1
 328              		.global	I2C_DualAddressCmd
 329              		.thumb
 330              		.thumb_func
 332              	I2C_DualAddressCmd:
 333              		@ args = 0, pretend = 0, frame = 0
 334              		@ frame_needed = 0, uses_anonymous_args = 0
 335              		@ link register save eliminated.
 336 0000 8389     		ldrh	r3, [r0, #12]
 337 0002 19B1     		cbz	r1, .L43
 338 0004 9BB2     		uxth	r3, r3
 339 0006 43F00103 		orr	r3, r3, #1
 340 000a 03E0     		b	.L45
 341              	.L43:
 342 000c 23F00103 		bic	r3, r3, #1
 343 0010 1B04     		lsls	r3, r3, #16
 344 0012 1B0C     		lsrs	r3, r3, #16
 345              	.L45:
 346 0014 8381     		strh	r3, [r0, #12]	@ movhi
 347 0016 7047     		bx	lr
 349              		.section	.text.I2C_GeneralCallCmd,"ax",%progbits
 350              		.align	1
 351              		.global	I2C_GeneralCallCmd
 352              		.thumb
 353              		.thumb_func
 355              	I2C_GeneralCallCmd:
 356              		@ args = 0, pretend = 0, frame = 0
 357              		@ frame_needed = 0, uses_anonymous_args = 0
 358              		@ link register save eliminated.
 359 0000 0388     		ldrh	r3, [r0, #0]
 360 0002 19B1     		cbz	r1, .L47
 361 0004 9BB2     		uxth	r3, r3
 362 0006 43F04003 		orr	r3, r3, #64
 363 000a 03E0     		b	.L49
 364              	.L47:
 365 000c 23F04003 		bic	r3, r3, #64
 366 0010 1B04     		lsls	r3, r3, #16
 367 0012 1B0C     		lsrs	r3, r3, #16
 368              	.L49:
 369 0014 0380     		strh	r3, [r0, #0]	@ movhi
 370 0016 7047     		bx	lr
 372              		.section	.text.I2C_ITConfig,"ax",%progbits
 373              		.align	1
 374              		.global	I2C_ITConfig
 375              		.thumb
 376              		.thumb_func
 378              	I2C_ITConfig:
 379              		@ args = 0, pretend = 0, frame = 0
 380              		@ frame_needed = 0, uses_anonymous_args = 0
 381              		@ link register save eliminated.
 382 0000 8388     		ldrh	r3, [r0, #4]
 383 0002 9BB2     		uxth	r3, r3
 384 0004 0AB1     		cbz	r2, .L51
 385 0006 1943     		orrs	r1, r1, r3
 386 0008 01E0     		b	.L53
 387              	.L51:
 388 000a 23EA0101 		bic	r1, r3, r1
 389              	.L53:
 390 000e 8180     		strh	r1, [r0, #4]	@ movhi
 391 0010 7047     		bx	lr
 393              		.section	.text.I2C_SendData,"ax",%progbits
 394              		.align	1
 395              		.global	I2C_SendData
 396              		.thumb
 397              		.thumb_func
 399              	I2C_SendData:
 400              		@ args = 0, pretend = 0, frame = 0
 401              		@ frame_needed = 0, uses_anonymous_args = 0
 402              		@ link register save eliminated.
 403 0000 0182     		strh	r1, [r0, #16]	@ movhi
 404 0002 7047     		bx	lr
 406              		.section	.text.I2C_ReceiveData,"ax",%progbits
 407              		.align	1
 408              		.global	I2C_ReceiveData
 409              		.thumb
 410              		.thumb_func
 412              	I2C_ReceiveData:
 413              		@ args = 0, pretend = 0, frame = 0
 414              		@ frame_needed = 0, uses_anonymous_args = 0
 415              		@ link register save eliminated.
 416 0000 008A     		ldrh	r0, [r0, #16]
 417 0002 C0B2     		uxtb	r0, r0
 418 0004 7047     		bx	lr
 420              		.section	.text.I2C_Send7bitAddress,"ax",%progbits
 421              		.align	1
 422              		.global	I2C_Send7bitAddress
 423              		.thumb
 424              		.thumb_func
 426              	I2C_Send7bitAddress:
 427              		@ args = 0, pretend = 0, frame = 0
 428              		@ frame_needed = 0, uses_anonymous_args = 0
 429              		@ link register save eliminated.
 430 0000 12B1     		cbz	r2, .L57
 431 0002 41F00101 		orr	r1, r1, #1
 432 0006 01E0     		b	.L58
 433              	.L57:
 434 0008 01F0FE01 		and	r1, r1, #254
 435              	.L58:
 436 000c 0182     		strh	r1, [r0, #16]	@ movhi
 437 000e 7047     		bx	lr
 439              		.section	.text.I2C_ReadRegister,"ax",%progbits
 440              		.align	1
 441              		.global	I2C_ReadRegister
 442              		.thumb
 443              		.thumb_func
 445              	I2C_ReadRegister:
 446              		@ args = 0, pretend = 0, frame = 8
 447              		@ frame_needed = 0, uses_anonymous_args = 0
 448              		@ link register save eliminated.
 449 0000 82B0     		sub	sp, sp, #8
 450 0002 0023     		movs	r3, #0
 451 0004 0193     		str	r3, [sp, #4]
 452 0006 0190     		str	r0, [sp, #4]
 453 0008 019B     		ldr	r3, [sp, #4]
 454 000a C918     		adds	r1, r1, r3
 455 000c 0191     		str	r1, [sp, #4]
 456 000e 019B     		ldr	r3, [sp, #4]
 457 0010 1888     		ldrh	r0, [r3, #0]
 458 0012 80B2     		uxth	r0, r0
 459 0014 02B0     		add	sp, sp, #8
 460 0016 7047     		bx	lr
 462              		.section	.text.I2C_SoftwareResetCmd,"ax",%progbits
 463              		.align	1
 464              		.global	I2C_SoftwareResetCmd
 465              		.thumb
 466              		.thumb_func
 468              	I2C_SoftwareResetCmd:
 469              		@ args = 0, pretend = 0, frame = 0
 470              		@ frame_needed = 0, uses_anonymous_args = 0
 471              		@ link register save eliminated.
 472 0000 0388     		ldrh	r3, [r0, #0]
 473 0002 29B1     		cbz	r1, .L61
 474 0004 6FEA4343 		mvn	r3, r3, lsl #17
 475 0008 6FEA5343 		mvn	r3, r3, lsr #17
 476 000c 9BB2     		uxth	r3, r3
 477 000e 01E0     		b	.L63
 478              	.L61:
 479 0010 5B04     		lsls	r3, r3, #17
 480 0012 5B0C     		lsrs	r3, r3, #17
 481              	.L63:
 482 0014 0380     		strh	r3, [r0, #0]	@ movhi
 483 0016 7047     		bx	lr
 485              		.section	.text.I2C_NACKPositionConfig,"ax",%progbits
 486              		.align	1
 487              		.global	I2C_NACKPositionConfig
 488              		.thumb
 489              		.thumb_func
 491              	I2C_NACKPositionConfig:
 492              		@ args = 0, pretend = 0, frame = 0
 493              		@ frame_needed = 0, uses_anonymous_args = 0
 494              		@ link register save eliminated.
 495 0000 0388     		ldrh	r3, [r0, #0]
 496 0002 B1F5006F 		cmp	r1, #2048
 497 0006 04BF     		itt	eq
 498 0008 9BB2     		uxtheq	r3, r3
 499 000a 43F40063 		orreq	r3, r3, #2048
 500 000e 03D0     		beq	.L67
 501 0010 23F40063 		bic	r3, r3, #2048
 502 0014 1B04     		lsls	r3, r3, #16
 503 0016 1B0C     		lsrs	r3, r3, #16
 504              	.L67:
 505 0018 0380     		strh	r3, [r0, #0]	@ movhi
 506 001a 7047     		bx	lr
 508              		.section	.text.I2C_SMBusAlertConfig,"ax",%progbits
 509              		.align	1
 510              		.global	I2C_SMBusAlertConfig
 511              		.thumb
 512              		.thumb_func
 514              	I2C_SMBusAlertConfig:
 515              		@ args = 0, pretend = 0, frame = 0
 516              		@ frame_needed = 0, uses_anonymous_args = 0
 517              		@ link register save eliminated.
 518 0000 0388     		ldrh	r3, [r0, #0]
 519 0002 B1F5005F 		cmp	r1, #8192
 520 0006 04BF     		itt	eq
 521 0008 9BB2     		uxtheq	r3, r3
 522 000a 43F40053 		orreq	r3, r3, #8192
 523 000e 03D0     		beq	.L71
 524 0010 23F40053 		bic	r3, r3, #8192
 525 0014 1B04     		lsls	r3, r3, #16
 526 0016 1B0C     		lsrs	r3, r3, #16
 527              	.L71:
 528 0018 0380     		strh	r3, [r0, #0]	@ movhi
 529 001a 7047     		bx	lr
 531              		.section	.text.I2C_TransmitPEC,"ax",%progbits
 532              		.align	1
 533              		.global	I2C_TransmitPEC
 534              		.thumb
 535              		.thumb_func
 537              	I2C_TransmitPEC:
 538              		@ args = 0, pretend = 0, frame = 0
 539              		@ frame_needed = 0, uses_anonymous_args = 0
 540              		@ link register save eliminated.
 541 0000 0388     		ldrh	r3, [r0, #0]
 542 0002 19B1     		cbz	r1, .L73
 543 0004 9BB2     		uxth	r3, r3
 544 0006 43F48053 		orr	r3, r3, #4096
 545 000a 03E0     		b	.L75
 546              	.L73:
 547 000c 23F48053 		bic	r3, r3, #4096
 548 0010 1B04     		lsls	r3, r3, #16
 549 0012 1B0C     		lsrs	r3, r3, #16
 550              	.L75:
 551 0014 0380     		strh	r3, [r0, #0]	@ movhi
 552 0016 7047     		bx	lr
 554              		.section	.text.I2C_PECPositionConfig,"ax",%progbits
 555              		.align	1
 556              		.global	I2C_PECPositionConfig
 557              		.thumb
 558              		.thumb_func
 560              	I2C_PECPositionConfig:
 561              		@ args = 0, pretend = 0, frame = 0
 562              		@ frame_needed = 0, uses_anonymous_args = 0
 563              		@ link register save eliminated.
 564 0000 0388     		ldrh	r3, [r0, #0]
 565 0002 B1F5006F 		cmp	r1, #2048
 566 0006 04BF     		itt	eq
 567 0008 9BB2     		uxtheq	r3, r3
 568 000a 43F40063 		orreq	r3, r3, #2048
 569 000e 03D0     		beq	.L79
 570 0010 23F40063 		bic	r3, r3, #2048
 571 0014 1B04     		lsls	r3, r3, #16
 572 0016 1B0C     		lsrs	r3, r3, #16
 573              	.L79:
 574 0018 0380     		strh	r3, [r0, #0]	@ movhi
 575 001a 7047     		bx	lr
 577              		.section	.text.I2C_CalculatePEC,"ax",%progbits
 578              		.align	1
 579              		.global	I2C_CalculatePEC
 580              		.thumb
 581              		.thumb_func
 583              	I2C_CalculatePEC:
 584              		@ args = 0, pretend = 0, frame = 0
 585              		@ frame_needed = 0, uses_anonymous_args = 0
 586              		@ link register save eliminated.
 587 0000 0388     		ldrh	r3, [r0, #0]
 588 0002 19B1     		cbz	r1, .L81
 589 0004 9BB2     		uxth	r3, r3
 590 0006 43F02003 		orr	r3, r3, #32
 591 000a 03E0     		b	.L83
 592              	.L81:
 593 000c 23F02003 		bic	r3, r3, #32
 594 0010 1B04     		lsls	r3, r3, #16
 595 0012 1B0C     		lsrs	r3, r3, #16
 596              	.L83:
 597 0014 0380     		strh	r3, [r0, #0]	@ movhi
 598 0016 7047     		bx	lr
 600              		.section	.text.I2C_GetPEC,"ax",%progbits
 601              		.align	1
 602              		.global	I2C_GetPEC
 603              		.thumb
 604              		.thumb_func
 606              	I2C_GetPEC:
 607              		@ args = 0, pretend = 0, frame = 0
 608              		@ frame_needed = 0, uses_anonymous_args = 0
 609              		@ link register save eliminated.
 610 0000 008B     		ldrh	r0, [r0, #24]
 611 0002 C0F30720 		ubfx	r0, r0, #8, #8
 612 0006 7047     		bx	lr
 614              		.section	.text.I2C_ARPCmd,"ax",%progbits
 615              		.align	1
 616              		.global	I2C_ARPCmd
 617              		.thumb
 618              		.thumb_func
 620              	I2C_ARPCmd:
 621              		@ args = 0, pretend = 0, frame = 0
 622              		@ frame_needed = 0, uses_anonymous_args = 0
 623              		@ link register save eliminated.
 624 0000 0388     		ldrh	r3, [r0, #0]
 625 0002 19B1     		cbz	r1, .L86
 626 0004 9BB2     		uxth	r3, r3
 627 0006 43F01003 		orr	r3, r3, #16
 628 000a 03E0     		b	.L88
 629              	.L86:
 630 000c 23F01003 		bic	r3, r3, #16
 631 0010 1B04     		lsls	r3, r3, #16
 632 0012 1B0C     		lsrs	r3, r3, #16
 633              	.L88:
 634 0014 0380     		strh	r3, [r0, #0]	@ movhi
 635 0016 7047     		bx	lr
 637              		.section	.text.I2C_StretchClockCmd,"ax",%progbits
 638              		.align	1
 639              		.global	I2C_StretchClockCmd
 640              		.thumb
 641              		.thumb_func
 643              	I2C_StretchClockCmd:
 644              		@ args = 0, pretend = 0, frame = 0
 645              		@ frame_needed = 0, uses_anonymous_args = 0
 646              		@ link register save eliminated.
 647 0000 0388     		ldrh	r3, [r0, #0]
 648 0002 19B9     		cbnz	r1, .L90
 649 0004 9BB2     		uxth	r3, r3
 650 0006 43F08003 		orr	r3, r3, #128
 651 000a 03E0     		b	.L92
 652              	.L90:
 653 000c 23F08003 		bic	r3, r3, #128
 654 0010 1B04     		lsls	r3, r3, #16
 655 0012 1B0C     		lsrs	r3, r3, #16
 656              	.L92:
 657 0014 0380     		strh	r3, [r0, #0]	@ movhi
 658 0016 7047     		bx	lr
 660              		.section	.text.I2C_FastModeDutyCycleConfig,"ax",%progbits
 661              		.align	1
 662              		.global	I2C_FastModeDutyCycleConfig
 663              		.thumb
 664              		.thumb_func
 666              	I2C_FastModeDutyCycleConfig:
 667              		@ args = 0, pretend = 0, frame = 0
 668              		@ frame_needed = 0, uses_anonymous_args = 0
 669              		@ link register save eliminated.
 670 0000 838B     		ldrh	r3, [r0, #28]
 671 0002 B1F5804F 		cmp	r1, #16384
 672 0006 04BF     		itt	eq
 673 0008 9BB2     		uxtheq	r3, r3
 674 000a 43F48043 		orreq	r3, r3, #16384
 675 000e 03D0     		beq	.L96
 676 0010 23F48043 		bic	r3, r3, #16384
 677 0014 1B04     		lsls	r3, r3, #16
 678 0016 1B0C     		lsrs	r3, r3, #16
 679              	.L96:
 680 0018 8383     		strh	r3, [r0, #28]	@ movhi
 681 001a 7047     		bx	lr
 683              		.section	.text.I2C_CheckEvent,"ax",%progbits
 684              		.align	1
 685              		.global	I2C_CheckEvent
 686              		.thumb
 687              		.thumb_func
 689              	I2C_CheckEvent:
 690              		@ args = 0, pretend = 0, frame = 0
 691              		@ frame_needed = 0, uses_anonymous_args = 0
 692              		@ link register save eliminated.
 693 0000 838A     		ldrh	r3, [r0, #20]
 694 0002 008B     		ldrh	r0, [r0, #24]
 695 0004 9BB2     		uxth	r3, r3
 696 0006 43EA0040 		orr	r0, r3, r0, lsl #16
 697 000a 0840     		ands	r0, r0, r1
 698 000c 20F07F40 		bic	r0, r0, #-16777216
 699 0010 431A     		subs	r3, r0, r1
 700 0012 5842     		rsbs	r0, r3, #0
 701 0014 40EB0300 		adc	r0, r0, r3
 702 0018 7047     		bx	lr
 704              		.section	.text.I2C_GetLastEvent,"ax",%progbits
 705              		.align	1
 706              		.global	I2C_GetLastEvent
 707              		.thumb
 708              		.thumb_func
 710              	I2C_GetLastEvent:
 711              		@ args = 0, pretend = 0, frame = 0
 712              		@ frame_needed = 0, uses_anonymous_args = 0
 713              		@ link register save eliminated.
 714 0000 838A     		ldrh	r3, [r0, #20]
 715 0002 008B     		ldrh	r0, [r0, #24]
 716 0004 9BB2     		uxth	r3, r3
 717 0006 43EA0040 		orr	r0, r3, r0, lsl #16
 718 000a 20F07F40 		bic	r0, r0, #-16777216
 719 000e 7047     		bx	lr
 721              		.section	.text.I2C_GetFlagStatus,"ax",%progbits
 722              		.align	1
 723              		.global	I2C_GetFlagStatus
 724              		.thumb
 725              		.thumb_func
 727              	I2C_GetFlagStatus:
 728              		@ args = 0, pretend = 0, frame = 8
 729              		@ frame_needed = 0, uses_anonymous_args = 0
 730              		@ link register save eliminated.
 731 0000 82B0     		sub	sp, sp, #8
 732 0002 0023     		movs	r3, #0
 733 0004 0093     		str	r3, [sp, #0]
 734 0006 0193     		str	r3, [sp, #4]
 735 0008 0B0F     		lsrs	r3, r1, #28
 736 000a 0190     		str	r0, [sp, #4]
 737 000c 0093     		str	r3, [sp, #0]
 738 000e 009B     		ldr	r3, [sp, #0]
 739 0010 21F07F41 		bic	r1, r1, #-16777216
 740 0014 13B1     		cbz	r3, .L100
 741 0016 019B     		ldr	r3, [sp, #4]
 742 0018 1433     		adds	r3, r3, #20
 743 001a 02E0     		b	.L102
 744              	.L100:
 745 001c 019B     		ldr	r3, [sp, #4]
 746 001e 090C     		lsrs	r1, r1, #16
 747 0020 1833     		adds	r3, r3, #24
 748              	.L102:
 749 0022 0193     		str	r3, [sp, #4]
 750 0024 019B     		ldr	r3, [sp, #4]
 751 0026 1B68     		ldr	r3, [r3, #0]
 752 0028 1942     		tst	r1, r3
 753 002a 0CBF     		ite	eq
 754 002c 0020     		moveq	r0, #0
 755 002e 0120     		movne	r0, #1
 756 0030 02B0     		add	sp, sp, #8
 757 0032 7047     		bx	lr
 759              		.section	.text.I2C_ClearFlag,"ax",%progbits
 760              		.align	1
 761              		.global	I2C_ClearFlag
 762              		.thumb
 763              		.thumb_func
 765              	I2C_ClearFlag:
 766              		@ args = 0, pretend = 0, frame = 0
 767              		@ frame_needed = 0, uses_anonymous_args = 0
 768              		@ link register save eliminated.
 769 0000 C943     		mvns	r1, r1
 770 0002 89B2     		uxth	r1, r1
 771 0004 8182     		strh	r1, [r0, #20]	@ movhi
 772 0006 7047     		bx	lr
 774              		.section	.text.I2C_GetITStatus,"ax",%progbits
 775              		.align	1
 776              		.global	I2C_GetITStatus
 777              		.thumb
 778              		.thumb_func
 780              	I2C_GetITStatus:
 781              		@ args = 0, pretend = 0, frame = 0
 782              		@ frame_needed = 0, uses_anonymous_args = 0
 783              		@ link register save eliminated.
 784 0000 8388     		ldrh	r3, [r0, #4]
 785 0002 808A     		ldrh	r0, [r0, #20]
 786 0004 9BB2     		uxth	r3, r3
 787 0006 80B2     		uxth	r0, r0
 788 0008 0840     		ands	r0, r0, r1
 789 000a 06D0     		beq	.L105
 790 000c 01F0E061 		and	r1, r1, #117440512
 791 0010 13EA1141 		ands	r1, r3, r1, lsr #16
 792 0014 0CBF     		ite	eq
 793 0016 0020     		moveq	r0, #0
 794 0018 0120     		movne	r0, #1
 795              	.L105:
 796 001a 7047     		bx	lr
 798              		.section	.text.I2C_ClearITPendingBit,"ax",%progbits
 799              		.align	1
 800              		.global	I2C_ClearITPendingBit
 801              		.thumb
 802              		.thumb_func
 804              	I2C_ClearITPendingBit:
 805              		@ args = 0, pretend = 0, frame = 0
 806              		@ frame_needed = 0, uses_anonymous_args = 0
 807              		@ link register save eliminated.
 808 0000 C943     		mvns	r1, r1
 809 0002 89B2     		uxth	r1, r1
 810 0004 8182     		strh	r1, [r0, #20]	@ movhi
 811 0006 7047     		bx	lr
 813              		.ident	"GCC: (GNU) 4.6.2"
DEFINED SYMBOLS
                            *ABS*:00000000 stm32f10x_i2c.c
C:\Users\kreyl\AppData\Local\Temp\ccYOB8hU.s:15     .text.I2C_DeInit:00000000 $t
C:\Users\kreyl\AppData\Local\Temp\ccYOB8hU.s:20     .text.I2C_DeInit:00000000 I2C_DeInit
C:\Users\kreyl\AppData\Local\Temp\ccYOB8hU.s:44     .text.I2C_DeInit:00000030 $d
C:\Users\kreyl\AppData\Local\Temp\ccYOB8hU.s:47     .text.I2C_Init:00000000 $t
C:\Users\kreyl\AppData\Local\Temp\ccYOB8hU.s:52     .text.I2C_Init:00000000 I2C_Init
C:\Users\kreyl\AppData\Local\Temp\ccYOB8hU.s:145    .text.I2C_Init:000000c8 $d
C:\Users\kreyl\AppData\Local\Temp\ccYOB8hU.s:149    .text.I2C_StructInit:00000000 $t
C:\Users\kreyl\AppData\Local\Temp\ccYOB8hU.s:154    .text.I2C_StructInit:00000000 I2C_StructInit
C:\Users\kreyl\AppData\Local\Temp\ccYOB8hU.s:171    .text.I2C_Cmd:00000000 $t
C:\Users\kreyl\AppData\Local\Temp\ccYOB8hU.s:176    .text.I2C_Cmd:00000000 I2C_Cmd
C:\Users\kreyl\AppData\Local\Temp\ccYOB8hU.s:194    .text.I2C_DMACmd:00000000 $t
C:\Users\kreyl\AppData\Local\Temp\ccYOB8hU.s:199    .text.I2C_DMACmd:00000000 I2C_DMACmd
C:\Users\kreyl\AppData\Local\Temp\ccYOB8hU.s:217    .text.I2C_DMALastTransferCmd:00000000 $t
C:\Users\kreyl\AppData\Local\Temp\ccYOB8hU.s:222    .text.I2C_DMALastTransferCmd:00000000 I2C_DMALastTransferCmd
C:\Users\kreyl\AppData\Local\Temp\ccYOB8hU.s:240    .text.I2C_GenerateSTART:00000000 $t
C:\Users\kreyl\AppData\Local\Temp\ccYOB8hU.s:245    .text.I2C_GenerateSTART:00000000 I2C_GenerateSTART
C:\Users\kreyl\AppData\Local\Temp\ccYOB8hU.s:263    .text.I2C_GenerateSTOP:00000000 $t
C:\Users\kreyl\AppData\Local\Temp\ccYOB8hU.s:268    .text.I2C_GenerateSTOP:00000000 I2C_GenerateSTOP
C:\Users\kreyl\AppData\Local\Temp\ccYOB8hU.s:286    .text.I2C_AcknowledgeConfig:00000000 $t
C:\Users\kreyl\AppData\Local\Temp\ccYOB8hU.s:291    .text.I2C_AcknowledgeConfig:00000000 I2C_AcknowledgeConfig
C:\Users\kreyl\AppData\Local\Temp\ccYOB8hU.s:309    .text.I2C_OwnAddress2Config:00000000 $t
C:\Users\kreyl\AppData\Local\Temp\ccYOB8hU.s:314    .text.I2C_OwnAddress2Config:00000000 I2C_OwnAddress2Config
C:\Users\kreyl\AppData\Local\Temp\ccYOB8hU.s:327    .text.I2C_DualAddressCmd:00000000 $t
C:\Users\kreyl\AppData\Local\Temp\ccYOB8hU.s:332    .text.I2C_DualAddressCmd:00000000 I2C_DualAddressCmd
C:\Users\kreyl\AppData\Local\Temp\ccYOB8hU.s:350    .text.I2C_GeneralCallCmd:00000000 $t
C:\Users\kreyl\AppData\Local\Temp\ccYOB8hU.s:355    .text.I2C_GeneralCallCmd:00000000 I2C_GeneralCallCmd
C:\Users\kreyl\AppData\Local\Temp\ccYOB8hU.s:373    .text.I2C_ITConfig:00000000 $t
C:\Users\kreyl\AppData\Local\Temp\ccYOB8hU.s:378    .text.I2C_ITConfig:00000000 I2C_ITConfig
C:\Users\kreyl\AppData\Local\Temp\ccYOB8hU.s:394    .text.I2C_SendData:00000000 $t
C:\Users\kreyl\AppData\Local\Temp\ccYOB8hU.s:399    .text.I2C_SendData:00000000 I2C_SendData
C:\Users\kreyl\AppData\Local\Temp\ccYOB8hU.s:407    .text.I2C_ReceiveData:00000000 $t
C:\Users\kreyl\AppData\Local\Temp\ccYOB8hU.s:412    .text.I2C_ReceiveData:00000000 I2C_ReceiveData
C:\Users\kreyl\AppData\Local\Temp\ccYOB8hU.s:421    .text.I2C_Send7bitAddress:00000000 $t
C:\Users\kreyl\AppData\Local\Temp\ccYOB8hU.s:426    .text.I2C_Send7bitAddress:00000000 I2C_Send7bitAddress
C:\Users\kreyl\AppData\Local\Temp\ccYOB8hU.s:440    .text.I2C_ReadRegister:00000000 $t
C:\Users\kreyl\AppData\Local\Temp\ccYOB8hU.s:445    .text.I2C_ReadRegister:00000000 I2C_ReadRegister
C:\Users\kreyl\AppData\Local\Temp\ccYOB8hU.s:463    .text.I2C_SoftwareResetCmd:00000000 $t
C:\Users\kreyl\AppData\Local\Temp\ccYOB8hU.s:468    .text.I2C_SoftwareResetCmd:00000000 I2C_SoftwareResetCmd
C:\Users\kreyl\AppData\Local\Temp\ccYOB8hU.s:486    .text.I2C_NACKPositionConfig:00000000 $t
C:\Users\kreyl\AppData\Local\Temp\ccYOB8hU.s:491    .text.I2C_NACKPositionConfig:00000000 I2C_NACKPositionConfig
C:\Users\kreyl\AppData\Local\Temp\ccYOB8hU.s:509    .text.I2C_SMBusAlertConfig:00000000 $t
C:\Users\kreyl\AppData\Local\Temp\ccYOB8hU.s:514    .text.I2C_SMBusAlertConfig:00000000 I2C_SMBusAlertConfig
C:\Users\kreyl\AppData\Local\Temp\ccYOB8hU.s:532    .text.I2C_TransmitPEC:00000000 $t
C:\Users\kreyl\AppData\Local\Temp\ccYOB8hU.s:537    .text.I2C_TransmitPEC:00000000 I2C_TransmitPEC
C:\Users\kreyl\AppData\Local\Temp\ccYOB8hU.s:555    .text.I2C_PECPositionConfig:00000000 $t
C:\Users\kreyl\AppData\Local\Temp\ccYOB8hU.s:560    .text.I2C_PECPositionConfig:00000000 I2C_PECPositionConfig
C:\Users\kreyl\AppData\Local\Temp\ccYOB8hU.s:578    .text.I2C_CalculatePEC:00000000 $t
C:\Users\kreyl\AppData\Local\Temp\ccYOB8hU.s:583    .text.I2C_CalculatePEC:00000000 I2C_CalculatePEC
C:\Users\kreyl\AppData\Local\Temp\ccYOB8hU.s:601    .text.I2C_GetPEC:00000000 $t
C:\Users\kreyl\AppData\Local\Temp\ccYOB8hU.s:606    .text.I2C_GetPEC:00000000 I2C_GetPEC
C:\Users\kreyl\AppData\Local\Temp\ccYOB8hU.s:615    .text.I2C_ARPCmd:00000000 $t
C:\Users\kreyl\AppData\Local\Temp\ccYOB8hU.s:620    .text.I2C_ARPCmd:00000000 I2C_ARPCmd
C:\Users\kreyl\AppData\Local\Temp\ccYOB8hU.s:638    .text.I2C_StretchClockCmd:00000000 $t
C:\Users\kreyl\AppData\Local\Temp\ccYOB8hU.s:643    .text.I2C_StretchClockCmd:00000000 I2C_StretchClockCmd
C:\Users\kreyl\AppData\Local\Temp\ccYOB8hU.s:661    .text.I2C_FastModeDutyCycleConfig:00000000 $t
C:\Users\kreyl\AppData\Local\Temp\ccYOB8hU.s:666    .text.I2C_FastModeDutyCycleConfig:00000000 I2C_FastModeDutyCycleConfig
C:\Users\kreyl\AppData\Local\Temp\ccYOB8hU.s:684    .text.I2C_CheckEvent:00000000 $t
C:\Users\kreyl\AppData\Local\Temp\ccYOB8hU.s:689    .text.I2C_CheckEvent:00000000 I2C_CheckEvent
C:\Users\kreyl\AppData\Local\Temp\ccYOB8hU.s:705    .text.I2C_GetLastEvent:00000000 $t
C:\Users\kreyl\AppData\Local\Temp\ccYOB8hU.s:710    .text.I2C_GetLastEvent:00000000 I2C_GetLastEvent
C:\Users\kreyl\AppData\Local\Temp\ccYOB8hU.s:722    .text.I2C_GetFlagStatus:00000000 $t
C:\Users\kreyl\AppData\Local\Temp\ccYOB8hU.s:727    .text.I2C_GetFlagStatus:00000000 I2C_GetFlagStatus
C:\Users\kreyl\AppData\Local\Temp\ccYOB8hU.s:760    .text.I2C_ClearFlag:00000000 $t
C:\Users\kreyl\AppData\Local\Temp\ccYOB8hU.s:765    .text.I2C_ClearFlag:00000000 I2C_ClearFlag
C:\Users\kreyl\AppData\Local\Temp\ccYOB8hU.s:775    .text.I2C_GetITStatus:00000000 $t
C:\Users\kreyl\AppData\Local\Temp\ccYOB8hU.s:780    .text.I2C_GetITStatus:00000000 I2C_GetITStatus
C:\Users\kreyl\AppData\Local\Temp\ccYOB8hU.s:799    .text.I2C_ClearITPendingBit:00000000 $t
C:\Users\kreyl\AppData\Local\Temp\ccYOB8hU.s:804    .text.I2C_ClearITPendingBit:00000000 I2C_ClearITPendingBit

UNDEFINED SYMBOLS
RCC_APB1PeriphResetCmd
RCC_GetClocksFreq
