   1              		.syntax unified
   2              		.cpu cortex-m3
   3              		.fpu softvfp
   4              		.eabi_attribute 20, 1
   5              		.eabi_attribute 21, 1
   6              		.eabi_attribute 23, 3
   7              		.eabi_attribute 24, 1
   8              		.eabi_attribute 25, 1
   9              		.eabi_attribute 26, 1
  10              		.eabi_attribute 30, 4
  11              		.eabi_attribute 18, 4
  12              		.thumb
  13              		.file	"stm32f10x_gpio.c"
  14              		.section	.text.GPIO_DeInit,"ax",%progbits
  15              		.align	1
  16              		.global	GPIO_DeInit
  17              		.thumb
  18              		.thumb_func
  20              	GPIO_DeInit:
  21              		@ args = 0, pretend = 0, frame = 0
  22              		@ frame_needed = 0, uses_anonymous_args = 0
  23 0000 08B5     		push	{r3, lr}
  24 0002 234B     		ldr	r3, .L10
  25 0004 9842     		cmp	r0, r3
  26 0006 05D1     		bne	.L2
  27 0008 0420     		movs	r0, #4
  28 000a 0121     		movs	r1, #1
  29 000c FFF7FEFF 		bl	RCC_APB2PeriphResetCmd
  30 0010 0420     		movs	r0, #4
  31 0012 36E0     		b	.L9
  32              	.L2:
  33 0014 1F4B     		ldr	r3, .L10+4
  34 0016 9842     		cmp	r0, r3
  35 0018 05D1     		bne	.L3
  36 001a 0820     		movs	r0, #8
  37 001c 0121     		movs	r1, #1
  38 001e FFF7FEFF 		bl	RCC_APB2PeriphResetCmd
  39 0022 0820     		movs	r0, #8
  40 0024 2DE0     		b	.L9
  41              	.L3:
  42 0026 1C4B     		ldr	r3, .L10+8
  43 0028 9842     		cmp	r0, r3
  44 002a 05D1     		bne	.L4
  45 002c 1020     		movs	r0, #16
  46 002e 0121     		movs	r1, #1
  47 0030 FFF7FEFF 		bl	RCC_APB2PeriphResetCmd
  48 0034 1020     		movs	r0, #16
  49 0036 24E0     		b	.L9
  50              	.L4:
  51 0038 184B     		ldr	r3, .L10+12
  52 003a 9842     		cmp	r0, r3
  53 003c 05D1     		bne	.L5
  54 003e 2020     		movs	r0, #32
  55 0040 0121     		movs	r1, #1
  56 0042 FFF7FEFF 		bl	RCC_APB2PeriphResetCmd
  57 0046 2020     		movs	r0, #32
  58 0048 1BE0     		b	.L9
  59              	.L5:
  60 004a 154B     		ldr	r3, .L10+16
  61 004c 9842     		cmp	r0, r3
  62 004e 05D1     		bne	.L6
  63 0050 4020     		movs	r0, #64
  64 0052 0121     		movs	r1, #1
  65 0054 FFF7FEFF 		bl	RCC_APB2PeriphResetCmd
  66 0058 4020     		movs	r0, #64
  67 005a 12E0     		b	.L9
  68              	.L6:
  69 005c 114B     		ldr	r3, .L10+20
  70 005e 9842     		cmp	r0, r3
  71 0060 05D1     		bne	.L7
  72 0062 8020     		movs	r0, #128
  73 0064 0121     		movs	r1, #1
  74 0066 FFF7FEFF 		bl	RCC_APB2PeriphResetCmd
  75 006a 8020     		movs	r0, #128
  76 006c 09E0     		b	.L9
  77              	.L7:
  78 006e 0E4B     		ldr	r3, .L10+24
  79 0070 9842     		cmp	r0, r3
  80 0072 0BD1     		bne	.L1
  81 0074 4FF48070 		mov	r0, #256
  82 0078 0121     		movs	r1, #1
  83 007a FFF7FEFF 		bl	RCC_APB2PeriphResetCmd
  84 007e 4FF48070 		mov	r0, #256
  85              	.L9:
  86 0082 0021     		movs	r1, #0
  87 0084 BDE80840 		pop	{r3, lr}
  88 0088 FFF7FEBF 		b	RCC_APB2PeriphResetCmd
  89              	.L1:
  90 008c 08BD     		pop	{r3, pc}
  91              	.L11:
  92 008e 00BF     		.align	2
  93              	.L10:
  94 0090 00080140 		.word	1073809408
  95 0094 000C0140 		.word	1073810432
  96 0098 00100140 		.word	1073811456
  97 009c 00140140 		.word	1073812480
  98 00a0 00180140 		.word	1073813504
  99 00a4 001C0140 		.word	1073814528
 100 00a8 00200140 		.word	1073815552
 102              		.section	.text.GPIO_AFIODeInit,"ax",%progbits
 103              		.align	1
 104              		.global	GPIO_AFIODeInit
 105              		.thumb
 106              		.thumb_func
 108              	GPIO_AFIODeInit:
 109              		@ args = 0, pretend = 0, frame = 0
 110              		@ frame_needed = 0, uses_anonymous_args = 0
 111 0000 0120     		movs	r0, #1
 112 0002 0146     		mov	r1, r0
 113 0004 08B5     		push	{r3, lr}
 114 0006 FFF7FEFF 		bl	RCC_APB2PeriphResetCmd
 115 000a 0120     		movs	r0, #1
 116 000c 0021     		movs	r1, #0
 117 000e BDE80840 		pop	{r3, lr}
 118 0012 FFF7FEBF 		b	RCC_APB2PeriphResetCmd
 120              		.section	.text.GPIO_Init,"ax",%progbits
 121              		.align	1
 122              		.global	GPIO_Init
 123              		.thumb
 124              		.thumb_func
 126              	GPIO_Init:
 127              		@ args = 0, pretend = 0, frame = 0
 128              		@ frame_needed = 0, uses_anonymous_args = 0
 129 0000 CB78     		ldrb	r3, [r1, #3]	@ zero_extendqisi2
 130 0002 2DE9F043 		push	{r4, r5, r6, r7, r8, r9, lr}
 131 0006 03F00F02 		and	r2, r3, #15
 132 000a DB06     		lsls	r3, r3, #27
 133 000c 48BF     		it	mi
 134 000e 8B78     		ldrbmi	r3, [r1, #2]	@ zero_extendqisi2
 135 0010 0E88     		ldrh	r6, [r1, #0]
 136 0012 48BF     		it	mi
 137 0014 1A43     		orrmi	r2, r2, r3
 138 0016 16F0FF0F 		tst	r6, #255
 139 001a 1FD0     		beq	.L15
 140 001c 0468     		ldr	r4, [r0, #0]
 141 001e 0023     		movs	r3, #0
 142 0020 4FF00108 		mov	r8, #1
 143 0024 4FF00F0C 		mov	ip, #15
 144              	.L18:
 145 0028 08FA03F7 		lsl	r7, r8, r3
 146 002c 07EA0605 		and	r5, r7, r6
 147 0030 BD42     		cmp	r5, r7
 148 0032 0FD1     		bne	.L16
 149 0034 9F00     		lsls	r7, r3, #2
 150 0036 0CFA07F9 		lsl	r9, ip, r7
 151 003a 12FA07F7 		lsls	r7, r2, r7
 152 003e 24EA0904 		bic	r4, r4, r9
 153 0042 3C43     		orrs	r4, r4, r7
 154 0044 CF78     		ldrb	r7, [r1, #3]	@ zero_extendqisi2
 155 0046 282F     		cmp	r7, #40
 156 0048 08BF     		it	eq
 157 004a 4561     		streq	r5, [r0, #20]
 158 004c 02D0     		beq	.L16
 159 004e 482F     		cmp	r7, #72
 160 0050 08BF     		it	eq
 161 0052 0561     		streq	r5, [r0, #16]
 162              	.L16:
 163 0054 0133     		adds	r3, r3, #1
 164 0056 082B     		cmp	r3, #8
 165 0058 E6D1     		bne	.L18
 166 005a 0460     		str	r4, [r0, #0]
 167              	.L15:
 168 005c 0E88     		ldrh	r6, [r1, #0]
 169 005e FF2E     		cmp	r6, #255
 170 0060 21D9     		bls	.L13
 171 0062 4468     		ldr	r4, [r0, #4]
 172 0064 0023     		movs	r3, #0
 173 0066 4FF00108 		mov	r8, #1
 174 006a 4FF00F0C 		mov	ip, #15
 175              	.L22:
 176 006e 03F10807 		add	r7, r3, #8
 177 0072 08FA07F7 		lsl	r7, r8, r7
 178 0076 07EA0605 		and	r5, r7, r6
 179 007a BD42     		cmp	r5, r7
 180 007c 0FD1     		bne	.L20
 181 007e 9F00     		lsls	r7, r3, #2
 182 0080 0CFA07F9 		lsl	r9, ip, r7
 183 0084 12FA07F7 		lsls	r7, r2, r7
 184 0088 24EA0904 		bic	r4, r4, r9
 185 008c 3C43     		orrs	r4, r4, r7
 186 008e CF78     		ldrb	r7, [r1, #3]	@ zero_extendqisi2
 187 0090 282F     		cmp	r7, #40
 188 0092 08BF     		it	eq
 189 0094 4561     		streq	r5, [r0, #20]
 190 0096 02D0     		beq	.L20
 191 0098 482F     		cmp	r7, #72
 192 009a 08BF     		it	eq
 193 009c 0561     		streq	r5, [r0, #16]
 194              	.L20:
 195 009e 0133     		adds	r3, r3, #1
 196 00a0 082B     		cmp	r3, #8
 197 00a2 E4D1     		bne	.L22
 198 00a4 4460     		str	r4, [r0, #4]
 199              	.L13:
 200 00a6 BDE8F083 		pop	{r4, r5, r6, r7, r8, r9, pc}
 202              		.section	.text.GPIO_StructInit,"ax",%progbits
 203              		.align	1
 204              		.global	GPIO_StructInit
 205              		.thumb
 206              		.thumb_func
 208              	GPIO_StructInit:
 209              		@ args = 0, pretend = 0, frame = 0
 210              		@ frame_needed = 0, uses_anonymous_args = 0
 211              		@ link register save eliminated.
 212 0000 4FF0FF33 		mov	r3, #-1	@ movhi
 213 0004 0380     		strh	r3, [r0, #0]	@ movhi
 214 0006 0223     		movs	r3, #2
 215 0008 8370     		strb	r3, [r0, #2]
 216 000a 0423     		movs	r3, #4
 217 000c C370     		strb	r3, [r0, #3]
 218 000e 7047     		bx	lr
 220              		.section	.text.GPIO_ReadInputDataBit,"ax",%progbits
 221              		.align	1
 222              		.global	GPIO_ReadInputDataBit
 223              		.thumb
 224              		.thumb_func
 226              	GPIO_ReadInputDataBit:
 227              		@ args = 0, pretend = 0, frame = 0
 228              		@ frame_needed = 0, uses_anonymous_args = 0
 229              		@ link register save eliminated.
 230 0000 8368     		ldr	r3, [r0, #8]
 231 0002 1942     		tst	r1, r3
 232 0004 0CBF     		ite	eq
 233 0006 0020     		moveq	r0, #0
 234 0008 0120     		movne	r0, #1
 235 000a 7047     		bx	lr
 237              		.section	.text.GPIO_ReadInputData,"ax",%progbits
 238              		.align	1
 239              		.global	GPIO_ReadInputData
 240              		.thumb
 241              		.thumb_func
 243              	GPIO_ReadInputData:
 244              		@ args = 0, pretend = 0, frame = 0
 245              		@ frame_needed = 0, uses_anonymous_args = 0
 246              		@ link register save eliminated.
 247 0000 8068     		ldr	r0, [r0, #8]
 248 0002 80B2     		uxth	r0, r0
 249 0004 7047     		bx	lr
 251              		.section	.text.GPIO_ReadOutputDataBit,"ax",%progbits
 252              		.align	1
 253              		.global	GPIO_ReadOutputDataBit
 254              		.thumb
 255              		.thumb_func
 257              	GPIO_ReadOutputDataBit:
 258              		@ args = 0, pretend = 0, frame = 0
 259              		@ frame_needed = 0, uses_anonymous_args = 0
 260              		@ link register save eliminated.
 261 0000 C368     		ldr	r3, [r0, #12]
 262 0002 1942     		tst	r1, r3
 263 0004 0CBF     		ite	eq
 264 0006 0020     		moveq	r0, #0
 265 0008 0120     		movne	r0, #1
 266 000a 7047     		bx	lr
 268              		.section	.text.GPIO_ReadOutputData,"ax",%progbits
 269              		.align	1
 270              		.global	GPIO_ReadOutputData
 271              		.thumb
 272              		.thumb_func
 274              	GPIO_ReadOutputData:
 275              		@ args = 0, pretend = 0, frame = 0
 276              		@ frame_needed = 0, uses_anonymous_args = 0
 277              		@ link register save eliminated.
 278 0000 C068     		ldr	r0, [r0, #12]
 279 0002 80B2     		uxth	r0, r0
 280 0004 7047     		bx	lr
 282              		.section	.text.GPIO_SetBits,"ax",%progbits
 283              		.align	1
 284              		.global	GPIO_SetBits
 285              		.thumb
 286              		.thumb_func
 288              	GPIO_SetBits:
 289              		@ args = 0, pretend = 0, frame = 0
 290              		@ frame_needed = 0, uses_anonymous_args = 0
 291              		@ link register save eliminated.
 292 0000 0161     		str	r1, [r0, #16]
 293 0002 7047     		bx	lr
 295              		.section	.text.GPIO_ResetBits,"ax",%progbits
 296              		.align	1
 297              		.global	GPIO_ResetBits
 298              		.thumb
 299              		.thumb_func
 301              	GPIO_ResetBits:
 302              		@ args = 0, pretend = 0, frame = 0
 303              		@ frame_needed = 0, uses_anonymous_args = 0
 304              		@ link register save eliminated.
 305 0000 4161     		str	r1, [r0, #20]
 306 0002 7047     		bx	lr
 308              		.section	.text.GPIO_WriteBit,"ax",%progbits
 309              		.align	1
 310              		.global	GPIO_WriteBit
 311              		.thumb
 312              		.thumb_func
 314              	GPIO_WriteBit:
 315              		@ args = 0, pretend = 0, frame = 0
 316              		@ frame_needed = 0, uses_anonymous_args = 0
 317              		@ link register save eliminated.
 318 0000 0AB1     		cbz	r2, .L33
 319 0002 0161     		str	r1, [r0, #16]
 320 0004 7047     		bx	lr
 321              	.L33:
 322 0006 4161     		str	r1, [r0, #20]
 323 0008 7047     		bx	lr
 325              		.section	.text.GPIO_Write,"ax",%progbits
 326              		.align	1
 327              		.global	GPIO_Write
 328              		.thumb
 329              		.thumb_func
 331              	GPIO_Write:
 332              		@ args = 0, pretend = 0, frame = 0
 333              		@ frame_needed = 0, uses_anonymous_args = 0
 334              		@ link register save eliminated.
 335 0000 C160     		str	r1, [r0, #12]
 336 0002 7047     		bx	lr
 338              		.section	.text.GPIO_PinLockConfig,"ax",%progbits
 339              		.align	1
 340              		.global	GPIO_PinLockConfig
 341              		.thumb
 342              		.thumb_func
 344              	GPIO_PinLockConfig:
 345              		@ args = 0, pretend = 0, frame = 0
 346              		@ frame_needed = 0, uses_anonymous_args = 0
 347              		@ link register save eliminated.
 348 0000 41F48033 		orr	r3, r1, #65536
 349 0004 8361     		str	r3, [r0, #24]
 350 0006 8161     		str	r1, [r0, #24]
 351 0008 8361     		str	r3, [r0, #24]
 352 000a 8369     		ldr	r3, [r0, #24]
 353 000c 8369     		ldr	r3, [r0, #24]
 354 000e 7047     		bx	lr
 356              		.section	.text.GPIO_EventOutputConfig,"ax",%progbits
 357              		.align	1
 358              		.global	GPIO_EventOutputConfig
 359              		.thumb
 360              		.thumb_func
 362              	GPIO_EventOutputConfig:
 363              		@ args = 0, pretend = 0, frame = 0
 364              		@ frame_needed = 0, uses_anonymous_args = 0
 365 0000 10B5     		push	{r4, lr}
 366 0002 054A     		ldr	r2, .L38
 367 0004 4FF68073 		movw	r3, #65408
 368 0008 1468     		ldr	r4, [r2, #0]
 369 000a 41EA0010 		orr	r0, r1, r0, lsl #4
 370 000e 2340     		ands	r3, r3, r4
 371 0010 0343     		orrs	r3, r3, r0
 372 0012 1360     		str	r3, [r2, #0]
 373 0014 10BD     		pop	{r4, pc}
 374              	.L39:
 375 0016 00BF     		.align	2
 376              	.L38:
 377 0018 00000140 		.word	1073807360
 379              		.section	.text.GPIO_EventOutputCmd,"ax",%progbits
 380              		.align	1
 381              		.global	GPIO_EventOutputCmd
 382              		.thumb
 383              		.thumb_func
 385              	GPIO_EventOutputCmd:
 386              		@ args = 0, pretend = 0, frame = 0
 387              		@ frame_needed = 0, uses_anonymous_args = 0
 388              		@ link register save eliminated.
 389 0000 014B     		ldr	r3, .L41
 390 0002 1860     		str	r0, [r3, #0]
 391 0004 7047     		bx	lr
 392              	.L42:
 393 0006 00BF     		.align	2
 394              	.L41:
 395 0008 1C002042 		.word	1109393436
 397              		.section	.text.GPIO_PinRemapConfig,"ax",%progbits
 398              		.align	1
 399              		.global	GPIO_PinRemapConfig
 400              		.thumb
 401              		.thumb_func
 403              	GPIO_PinRemapConfig:
 404              		@ args = 0, pretend = 0, frame = 0
 405              		@ frame_needed = 0, uses_anonymous_args = 0
 406 0000 30B5     		push	{r4, r5, lr}
 407 0002 174B     		ldr	r3, .L53
 408 0004 0028     		cmp	r0, #0
 409 0006 00F44014 		and	r4, r0, #3145728
 410 000a B4BF     		ite	lt
 411 000c DB69     		ldrlt	r3, [r3, #28]
 412 000e 5B68     		ldrge	r3, [r3, #4]
 413 0010 B4F5401F 		cmp	r4, #3145728
 414 0014 82B2     		uxth	r2, r0
 415 0016 07D1     		bne	.L46
 416 0018 114C     		ldr	r4, .L53
 417 001a 23F07063 		bic	r3, r3, #251658240
 418 001e 6568     		ldr	r5, [r4, #4]
 419 0020 25F07065 		bic	r5, r5, #251658240
 420 0024 6560     		str	r5, [r4, #4]
 421 0026 0FE0     		b	.L47
 422              	.L46:
 423 0028 C402     		lsls	r4, r0, #11
 424 002a 05D5     		bpl	.L48
 425 002c C0F30344 		ubfx	r4, r0, #16, #4
 426 0030 0325     		movs	r5, #3
 427 0032 15FA04F4 		lsls	r4, r5, r4
 428 0036 03E0     		b	.L52
 429              	.L48:
 430 0038 440D     		lsrs	r4, r0, #21
 431 003a 2401     		lsls	r4, r4, #4
 432 003c 12FA04F4 		lsls	r4, r2, r4
 433              	.L52:
 434 0040 23EA0403 		bic	r3, r3, r4
 435 0044 43F07063 		orr	r3, r3, #251658240
 436              	.L47:
 437 0048 19B1     		cbz	r1, .L49
 438 004a 410D     		lsrs	r1, r0, #21
 439 004c 0901     		lsls	r1, r1, #4
 440 004e 8A40     		lsls	r2, r2, r1
 441 0050 1343     		orrs	r3, r3, r2
 442              	.L49:
 443 0052 034A     		ldr	r2, .L53
 444 0054 0028     		cmp	r0, #0
 445 0056 B4BF     		ite	lt
 446 0058 D361     		strlt	r3, [r2, #28]
 447 005a 5360     		strge	r3, [r2, #4]
 448 005c 30BD     		pop	{r4, r5, pc}
 449              	.L54:
 450 005e 00BF     		.align	2
 451              	.L53:
 452 0060 00000140 		.word	1073807360
 454              		.section	.text.GPIO_EXTILineConfig,"ax",%progbits
 455              		.align	1
 456              		.global	GPIO_EXTILineConfig
 457              		.thumb
 458              		.thumb_func
 460              	GPIO_EXTILineConfig:
 461              		@ args = 0, pretend = 0, frame = 0
 462              		@ frame_needed = 0, uses_anonymous_args = 0
 463 0000 01F00302 		and	r2, r1, #3
 464 0004 30B5     		push	{r4, r5, lr}
 465 0006 9200     		lsls	r2, r2, #2
 466 0008 0F24     		movs	r4, #15
 467 000a 9440     		lsls	r4, r4, r2
 468 000c 10FA02F2 		lsls	r2, r0, r2
 469 0010 074B     		ldr	r3, .L56
 470 0012 8908     		lsrs	r1, r1, #2
 471 0014 0231     		adds	r1, r1, #2
 472 0016 53F82150 		ldr	r5, [r3, r1, lsl #2]
 473 001a 25EA0404 		bic	r4, r5, r4
 474 001e 43F82140 		str	r4, [r3, r1, lsl #2]
 475 0022 53F82140 		ldr	r4, [r3, r1, lsl #2]
 476 0026 2243     		orrs	r2, r2, r4
 477 0028 43F82120 		str	r2, [r3, r1, lsl #2]
 478 002c 30BD     		pop	{r4, r5, pc}
 479              	.L57:
 480 002e 00BF     		.align	2
 481              	.L56:
 482 0030 00000140 		.word	1073807360
 484              		.section	.text.GPIO_ETH_MediaInterfaceConfig,"ax",%progbits
 485              		.align	1
 486              		.global	GPIO_ETH_MediaInterfaceConfig
 487              		.thumb
 488              		.thumb_func
 490              	GPIO_ETH_MediaInterfaceConfig:
 491              		@ args = 0, pretend = 0, frame = 0
 492              		@ frame_needed = 0, uses_anonymous_args = 0
 493              		@ link register save eliminated.
 494 0000 014B     		ldr	r3, .L59
 495 0002 1860     		str	r0, [r3, #0]
 496 0004 7047     		bx	lr
 497              	.L60:
 498 0006 00BF     		.align	2
 499              	.L59:
 500 0008 DC002042 		.word	1109393628
 502              		.ident	"GCC: (GNU) 4.6.2"
DEFINED SYMBOLS
                            *ABS*:00000000 stm32f10x_gpio.c
C:\Users\kreyl\AppData\Local\Temp\cckkvvvC.s:15     .text.GPIO_DeInit:00000000 $t
C:\Users\kreyl\AppData\Local\Temp\cckkvvvC.s:20     .text.GPIO_DeInit:00000000 GPIO_DeInit
C:\Users\kreyl\AppData\Local\Temp\cckkvvvC.s:94     .text.GPIO_DeInit:00000090 $d
C:\Users\kreyl\AppData\Local\Temp\cckkvvvC.s:103    .text.GPIO_AFIODeInit:00000000 $t
C:\Users\kreyl\AppData\Local\Temp\cckkvvvC.s:108    .text.GPIO_AFIODeInit:00000000 GPIO_AFIODeInit
C:\Users\kreyl\AppData\Local\Temp\cckkvvvC.s:121    .text.GPIO_Init:00000000 $t
C:\Users\kreyl\AppData\Local\Temp\cckkvvvC.s:126    .text.GPIO_Init:00000000 GPIO_Init
C:\Users\kreyl\AppData\Local\Temp\cckkvvvC.s:203    .text.GPIO_StructInit:00000000 $t
C:\Users\kreyl\AppData\Local\Temp\cckkvvvC.s:208    .text.GPIO_StructInit:00000000 GPIO_StructInit
C:\Users\kreyl\AppData\Local\Temp\cckkvvvC.s:221    .text.GPIO_ReadInputDataBit:00000000 $t
C:\Users\kreyl\AppData\Local\Temp\cckkvvvC.s:226    .text.GPIO_ReadInputDataBit:00000000 GPIO_ReadInputDataBit
C:\Users\kreyl\AppData\Local\Temp\cckkvvvC.s:238    .text.GPIO_ReadInputData:00000000 $t
C:\Users\kreyl\AppData\Local\Temp\cckkvvvC.s:243    .text.GPIO_ReadInputData:00000000 GPIO_ReadInputData
C:\Users\kreyl\AppData\Local\Temp\cckkvvvC.s:252    .text.GPIO_ReadOutputDataBit:00000000 $t
C:\Users\kreyl\AppData\Local\Temp\cckkvvvC.s:257    .text.GPIO_ReadOutputDataBit:00000000 GPIO_ReadOutputDataBit
C:\Users\kreyl\AppData\Local\Temp\cckkvvvC.s:269    .text.GPIO_ReadOutputData:00000000 $t
C:\Users\kreyl\AppData\Local\Temp\cckkvvvC.s:274    .text.GPIO_ReadOutputData:00000000 GPIO_ReadOutputData
C:\Users\kreyl\AppData\Local\Temp\cckkvvvC.s:283    .text.GPIO_SetBits:00000000 $t
C:\Users\kreyl\AppData\Local\Temp\cckkvvvC.s:288    .text.GPIO_SetBits:00000000 GPIO_SetBits
C:\Users\kreyl\AppData\Local\Temp\cckkvvvC.s:296    .text.GPIO_ResetBits:00000000 $t
C:\Users\kreyl\AppData\Local\Temp\cckkvvvC.s:301    .text.GPIO_ResetBits:00000000 GPIO_ResetBits
C:\Users\kreyl\AppData\Local\Temp\cckkvvvC.s:309    .text.GPIO_WriteBit:00000000 $t
C:\Users\kreyl\AppData\Local\Temp\cckkvvvC.s:314    .text.GPIO_WriteBit:00000000 GPIO_WriteBit
C:\Users\kreyl\AppData\Local\Temp\cckkvvvC.s:326    .text.GPIO_Write:00000000 $t
C:\Users\kreyl\AppData\Local\Temp\cckkvvvC.s:331    .text.GPIO_Write:00000000 GPIO_Write
C:\Users\kreyl\AppData\Local\Temp\cckkvvvC.s:339    .text.GPIO_PinLockConfig:00000000 $t
C:\Users\kreyl\AppData\Local\Temp\cckkvvvC.s:344    .text.GPIO_PinLockConfig:00000000 GPIO_PinLockConfig
C:\Users\kreyl\AppData\Local\Temp\cckkvvvC.s:357    .text.GPIO_EventOutputConfig:00000000 $t
C:\Users\kreyl\AppData\Local\Temp\cckkvvvC.s:362    .text.GPIO_EventOutputConfig:00000000 GPIO_EventOutputConfig
C:\Users\kreyl\AppData\Local\Temp\cckkvvvC.s:377    .text.GPIO_EventOutputConfig:00000018 $d
C:\Users\kreyl\AppData\Local\Temp\cckkvvvC.s:380    .text.GPIO_EventOutputCmd:00000000 $t
C:\Users\kreyl\AppData\Local\Temp\cckkvvvC.s:385    .text.GPIO_EventOutputCmd:00000000 GPIO_EventOutputCmd
C:\Users\kreyl\AppData\Local\Temp\cckkvvvC.s:395    .text.GPIO_EventOutputCmd:00000008 $d
C:\Users\kreyl\AppData\Local\Temp\cckkvvvC.s:398    .text.GPIO_PinRemapConfig:00000000 $t
C:\Users\kreyl\AppData\Local\Temp\cckkvvvC.s:403    .text.GPIO_PinRemapConfig:00000000 GPIO_PinRemapConfig
C:\Users\kreyl\AppData\Local\Temp\cckkvvvC.s:452    .text.GPIO_PinRemapConfig:00000060 $d
C:\Users\kreyl\AppData\Local\Temp\cckkvvvC.s:455    .text.GPIO_EXTILineConfig:00000000 $t
C:\Users\kreyl\AppData\Local\Temp\cckkvvvC.s:460    .text.GPIO_EXTILineConfig:00000000 GPIO_EXTILineConfig
C:\Users\kreyl\AppData\Local\Temp\cckkvvvC.s:482    .text.GPIO_EXTILineConfig:00000030 $d
C:\Users\kreyl\AppData\Local\Temp\cckkvvvC.s:485    .text.GPIO_ETH_MediaInterfaceConfig:00000000 $t
C:\Users\kreyl\AppData\Local\Temp\cckkvvvC.s:490    .text.GPIO_ETH_MediaInterfaceConfig:00000000 GPIO_ETH_MediaInterfaceConfig
C:\Users\kreyl\AppData\Local\Temp\cckkvvvC.s:500    .text.GPIO_ETH_MediaInterfaceConfig:00000008 $d

UNDEFINED SYMBOLS
RCC_APB2PeriphResetCmd
