   1              		.syntax unified
   2              		.cpu cortex-m3
   3              		.fpu softvfp
   4              		.eabi_attribute 20, 1
   5              		.eabi_attribute 21, 1
   6              		.eabi_attribute 23, 3
   7              		.eabi_attribute 24, 1
   8              		.eabi_attribute 25, 1
   9              		.eabi_attribute 26, 1
  10              		.eabi_attribute 30, 4
  11              		.eabi_attribute 18, 4
  12              		.thumb
  13              		.file	"misc.c"
  14              		.section	.text.NVIC_PriorityGroupConfig,"ax",%progbits
  15              		.align	1
  16              		.global	NVIC_PriorityGroupConfig
  17              		.thumb
  18              		.thumb_func
  20              	NVIC_PriorityGroupConfig:
  21              		@ args = 0, pretend = 0, frame = 0
  22              		@ frame_needed = 0, uses_anonymous_args = 0
  23              		@ link register save eliminated.
  24 0000 40F0BE60 		orr	r0, r0, #99614720
  25 0004 024B     		ldr	r3, .L2
  26 0006 40F42020 		orr	r0, r0, #655360
  27 000a D860     		str	r0, [r3, #12]
  28 000c 7047     		bx	lr
  29              	.L3:
  30 000e 00BF     		.align	2
  31              	.L2:
  32 0010 00ED00E0 		.word	-536810240
  34              		.section	.text.NVIC_Init,"ax",%progbits
  35              		.align	1
  36              		.global	NVIC_Init
  37              		.thumb
  38              		.thumb_func
  40              	NVIC_Init:
  41              		@ args = 0, pretend = 0, frame = 0
  42              		@ frame_needed = 0, uses_anonymous_args = 0
  43 0000 C378     		ldrb	r3, [r0, #3]	@ zero_extendqisi2
  44 0002 10B5     		push	{r4, lr}
  45 0004 E3B1     		cbz	r3, .L5
  46 0006 144B     		ldr	r3, .L8
  47 0008 4178     		ldrb	r1, [r0, #1]	@ zero_extendqisi2
  48 000a DB68     		ldr	r3, [r3, #12]
  49 000c 8478     		ldrb	r4, [r0, #2]	@ zero_extendqisi2
  50 000e DB43     		mvns	r3, r3
  51 0010 C3F30223 		ubfx	r3, r3, #8, #3
  52 0014 C3F10402 		rsb	r2, r3, #4
  53 0018 9140     		lsls	r1, r1, r2
  54 001a 0F22     		movs	r2, #15
  55 001c DA40     		lsrs	r2, r2, r3
  56 001e 2240     		ands	r2, r2, r4
  57 0020 0A43     		orrs	r2, r2, r1
  58 0022 0E4B     		ldr	r3, .L8+4
  59 0024 0178     		ldrb	r1, [r0, #0]	@ zero_extendqisi2
  60 0026 1201     		lsls	r2, r2, #4
  61 0028 CB18     		adds	r3, r1, r3
  62 002a D2B2     		uxtb	r2, r2
  63 002c 83F80023 		strb	r2, [r3, #768]
  64 0030 0378     		ldrb	r3, [r0, #0]	@ zero_extendqisi2
  65 0032 0122     		movs	r2, #1
  66 0034 5909     		lsrs	r1, r3, #5
  67 0036 03F01F03 		and	r3, r3, #31
  68 003a 12FA03F3 		lsls	r3, r2, r3
  69 003e 07E0     		b	.L7
  70              	.L5:
  71 0040 0378     		ldrb	r3, [r0, #0]	@ zero_extendqisi2
  72 0042 0122     		movs	r2, #1
  73 0044 5909     		lsrs	r1, r3, #5
  74 0046 03F01F03 		and	r3, r3, #31
  75 004a 12FA03F3 		lsls	r3, r2, r3
  76 004e 2031     		adds	r1, r1, #32
  77              	.L7:
  78 0050 024A     		ldr	r2, .L8+4
  79 0052 42F82130 		str	r3, [r2, r1, lsl #2]
  80 0056 10BD     		pop	{r4, pc}
  81              	.L9:
  82              		.align	2
  83              	.L8:
  84 0058 00ED00E0 		.word	-536810240
  85 005c 00E100E0 		.word	-536813312
  87              		.section	.text.NVIC_SetVectorTable,"ax",%progbits
  88              		.align	1
  89              		.global	NVIC_SetVectorTable
  90              		.thumb
  91              		.thumb_func
  93              	NVIC_SetVectorTable:
  94              		@ args = 0, pretend = 0, frame = 0
  95              		@ frame_needed = 0, uses_anonymous_args = 0
  96              		@ link register save eliminated.
  97 0000 21F06041 		bic	r1, r1, #-536870912
  98 0004 21F07F01 		bic	r1, r1, #127
  99 0008 014B     		ldr	r3, .L11
 100 000a 0843     		orrs	r0, r0, r1
 101 000c 9860     		str	r0, [r3, #8]
 102 000e 7047     		bx	lr
 103              	.L12:
 104              		.align	2
 105              	.L11:
 106 0010 00ED00E0 		.word	-536810240
 108              		.section	.text.NVIC_SystemLPConfig,"ax",%progbits
 109              		.align	1
 110              		.global	NVIC_SystemLPConfig
 111              		.thumb
 112              		.thumb_func
 114              	NVIC_SystemLPConfig:
 115              		@ args = 0, pretend = 0, frame = 0
 116              		@ frame_needed = 0, uses_anonymous_args = 0
 117              		@ link register save eliminated.
 118 0000 044B     		ldr	r3, .L17
 119 0002 1A69     		ldr	r2, [r3, #16]
 120 0004 09B1     		cbz	r1, .L14
 121 0006 1043     		orrs	r0, r0, r2
 122 0008 01E0     		b	.L16
 123              	.L14:
 124 000a 22EA0000 		bic	r0, r2, r0
 125              	.L16:
 126 000e 1861     		str	r0, [r3, #16]
 127 0010 7047     		bx	lr
 128              	.L18:
 129 0012 00BF     		.align	2
 130              	.L17:
 131 0014 00ED00E0 		.word	-536810240
 133              		.section	.text.SysTick_CLKSourceConfig,"ax",%progbits
 134              		.align	1
 135              		.global	SysTick_CLKSourceConfig
 136              		.thumb
 137              		.thumb_func
 139              	SysTick_CLKSourceConfig:
 140              		@ args = 0, pretend = 0, frame = 0
 141              		@ frame_needed = 0, uses_anonymous_args = 0
 142              		@ link register save eliminated.
 143 0000 044B     		ldr	r3, .L23
 144 0002 0428     		cmp	r0, #4
 145 0004 1A68     		ldr	r2, [r3, #0]
 146 0006 0CBF     		ite	eq
 147 0008 42F00402 		orreq	r2, r2, #4
 148 000c 22F00402 		bicne	r2, r2, #4
 149 0010 1A60     		str	r2, [r3, #0]
 150 0012 7047     		bx	lr
 151              	.L24:
 152              		.align	2
 153              	.L23:
 154 0014 10E000E0 		.word	-536813552
 156              		.ident	"GCC: (GNU) 4.6.2"
DEFINED SYMBOLS
                            *ABS*:00000000 misc.c
C:\Users\kreyl\AppData\Local\Temp\ccRVBhR5.s:15     .text.NVIC_PriorityGroupConfig:00000000 $t
C:\Users\kreyl\AppData\Local\Temp\ccRVBhR5.s:20     .text.NVIC_PriorityGroupConfig:00000000 NVIC_PriorityGroupConfig
C:\Users\kreyl\AppData\Local\Temp\ccRVBhR5.s:32     .text.NVIC_PriorityGroupConfig:00000010 $d
C:\Users\kreyl\AppData\Local\Temp\ccRVBhR5.s:35     .text.NVIC_Init:00000000 $t
C:\Users\kreyl\AppData\Local\Temp\ccRVBhR5.s:40     .text.NVIC_Init:00000000 NVIC_Init
C:\Users\kreyl\AppData\Local\Temp\ccRVBhR5.s:84     .text.NVIC_Init:00000058 $d
C:\Users\kreyl\AppData\Local\Temp\ccRVBhR5.s:88     .text.NVIC_SetVectorTable:00000000 $t
C:\Users\kreyl\AppData\Local\Temp\ccRVBhR5.s:93     .text.NVIC_SetVectorTable:00000000 NVIC_SetVectorTable
C:\Users\kreyl\AppData\Local\Temp\ccRVBhR5.s:106    .text.NVIC_SetVectorTable:00000010 $d
C:\Users\kreyl\AppData\Local\Temp\ccRVBhR5.s:109    .text.NVIC_SystemLPConfig:00000000 $t
C:\Users\kreyl\AppData\Local\Temp\ccRVBhR5.s:114    .text.NVIC_SystemLPConfig:00000000 NVIC_SystemLPConfig
C:\Users\kreyl\AppData\Local\Temp\ccRVBhR5.s:131    .text.NVIC_SystemLPConfig:00000014 $d
C:\Users\kreyl\AppData\Local\Temp\ccRVBhR5.s:134    .text.SysTick_CLKSourceConfig:00000000 $t
C:\Users\kreyl\AppData\Local\Temp\ccRVBhR5.s:139    .text.SysTick_CLKSourceConfig:00000000 SysTick_CLKSourceConfig
C:\Users\kreyl\AppData\Local\Temp\ccRVBhR5.s:154    .text.SysTick_CLKSourceConfig:00000014 $d

NO UNDEFINED SYMBOLS
