   1              		.syntax unified
   2              		.cpu cortex-m3
   3              		.fpu softvfp
   4              		.eabi_attribute 20, 1
   5              		.eabi_attribute 21, 1
   6              		.eabi_attribute 23, 3
   7              		.eabi_attribute 24, 1
   8              		.eabi_attribute 25, 1
   9              		.eabi_attribute 26, 1
  10              		.eabi_attribute 30, 4
  11              		.eabi_attribute 18, 4
  12              		.thumb
  13              		.file	"stm32f10x_dma.c"
  14              		.section	.text.DMA_DeInit,"ax",%progbits
  15              		.align	1
  16              		.global	DMA_DeInit
  17              		.thumb
  18              		.thumb_func
  20              	DMA_DeInit:
  21              		@ args = 0, pretend = 0, frame = 0
  22              		@ frame_needed = 0, uses_anonymous_args = 0
  23              		@ link register save eliminated.
  24 0000 0268     		ldr	r2, [r0, #0]
  25 0002 4FF6FE73 		movw	r3, #65534
  26 0006 1340     		ands	r3, r3, r2
  27 0008 0360     		str	r3, [r0, #0]
  28 000a 0023     		movs	r3, #0
  29 000c 0360     		str	r3, [r0, #0]
  30 000e 4360     		str	r3, [r0, #4]
  31 0010 8360     		str	r3, [r0, #8]
  32 0012 C360     		str	r3, [r0, #12]
  33 0014 2D4B     		ldr	r3, .L18
  34 0016 9842     		cmp	r0, r3
  35 0018 29D0     		beq	.L14
  36              	.L2:
  37 001a 2D4B     		ldr	r3, .L18+4
  38 001c 9842     		cmp	r0, r3
  39 001e 30D0     		beq	.L15
  40              	.L4:
  41 0020 2C4B     		ldr	r3, .L18+8
  42 0022 9842     		cmp	r0, r3
  43 0024 37D0     		beq	.L16
  44              	.L5:
  45 0026 2C4B     		ldr	r3, .L18+12
  46 0028 9842     		cmp	r0, r3
  47 002a 3ED0     		beq	.L17
  48              	.L6:
  49 002c 2B4B     		ldr	r3, .L18+16
  50 002e 9842     		cmp	r0, r3
  51 0030 06D1     		bne	.L7
  52 0032 53F8542C 		ldr	r2, [r3, #-84]
  53 0036 42F47022 		orr	r2, r2, #983040
  54 003a 43F8542C 		str	r2, [r3, #-84]
  55 003e 7047     		bx	lr
  56              	.L7:
  57 0040 274B     		ldr	r3, .L18+20
  58 0042 9842     		cmp	r0, r3
  59 0044 06D1     		bne	.L8
  60 0046 53F8682C 		ldr	r2, [r3, #-104]
  61 004a 42F47002 		orr	r2, r2, #15728640
  62 004e 43F8682C 		str	r2, [r3, #-104]
  63 0052 7047     		bx	lr
  64              	.L8:
  65 0054 234B     		ldr	r3, .L18+24
  66 0056 9842     		cmp	r0, r3
  67 0058 06D1     		bne	.L9
  68 005a 53F87C2C 		ldr	r2, [r3, #-124]
  69 005e 42F07062 		orr	r2, r2, #251658240
  70 0062 43F87C2C 		str	r2, [r3, #-124]
  71 0066 7047     		bx	lr
  72              	.L9:
  73 0068 1F4B     		ldr	r3, .L18+28
  74 006a 9842     		cmp	r0, r3
  75 006c 06D1     		bne	.L10
  76              	.L14:
  77 006e 53F8042C 		ldr	r2, [r3, #-4]
  78 0072 42F00F02 		orr	r2, r2, #15
  79 0076 43F8042C 		str	r2, [r3, #-4]
  80 007a 7047     		bx	lr
  81              	.L10:
  82 007c 1B4B     		ldr	r3, .L18+32
  83 007e 9842     		cmp	r0, r3
  84 0080 06D1     		bne	.L11
  85              	.L15:
  86 0082 53F8182C 		ldr	r2, [r3, #-24]
  87 0086 42F0F002 		orr	r2, r2, #240
  88 008a 43F8182C 		str	r2, [r3, #-24]
  89 008e 7047     		bx	lr
  90              	.L11:
  91 0090 174B     		ldr	r3, .L18+36
  92 0092 9842     		cmp	r0, r3
  93 0094 06D1     		bne	.L12
  94              	.L16:
  95 0096 53F82C2C 		ldr	r2, [r3, #-44]
  96 009a 42F47062 		orr	r2, r2, #3840
  97 009e 43F82C2C 		str	r2, [r3, #-44]
  98 00a2 7047     		bx	lr
  99              	.L12:
 100 00a4 134B     		ldr	r3, .L18+40
 101 00a6 9842     		cmp	r0, r3
 102 00a8 06D1     		bne	.L13
 103              	.L17:
 104 00aa 53F8402C 		ldr	r2, [r3, #-64]
 105 00ae 42F47042 		orr	r2, r2, #61440
 106 00b2 43F8402C 		str	r2, [r3, #-64]
 107 00b6 7047     		bx	lr
 108              	.L13:
 109 00b8 0F4B     		ldr	r3, .L18+44
 110 00ba 9842     		cmp	r0, r3
 111 00bc 02BF     		ittt	eq
 112 00be 53F8542C 		ldreq	r2, [r3, #-84]
 113 00c2 42F47022 		orreq	r2, r2, #983040
 114 00c6 43F8542C 		streq	r2, [r3, #-84]
 115 00ca 7047     		bx	lr
 116              	.L19:
 117              		.align	2
 118              	.L18:
 119 00cc 08000240 		.word	1073872904
 120 00d0 1C000240 		.word	1073872924
 121 00d4 30000240 		.word	1073872944
 122 00d8 44000240 		.word	1073872964
 123 00dc 58000240 		.word	1073872984
 124 00e0 6C000240 		.word	1073873004
 125 00e4 80000240 		.word	1073873024
 126 00e8 08040240 		.word	1073873928
 127 00ec 1C040240 		.word	1073873948
 128 00f0 30040240 		.word	1073873968
 129 00f4 44040240 		.word	1073873988
 130 00f8 58040240 		.word	1073874008
 132              		.section	.text.DMA_Init,"ax",%progbits
 133              		.align	1
 134              		.global	DMA_Init
 135              		.thumb
 136              		.thumb_func
 138              	DMA_Init:
 139              		@ args = 0, pretend = 0, frame = 0
 140              		@ frame_needed = 0, uses_anonymous_args = 0
 141 0000 8B68     		ldr	r3, [r1, #8]
 142 0002 10B5     		push	{r4, lr}
 143 0004 0C6A     		ldr	r4, [r1, #32]
 144 0006 0268     		ldr	r2, [r0, #0]
 145 0008 2343     		orrs	r3, r3, r4
 146 000a 0C69     		ldr	r4, [r1, #16]
 147 000c 22F4FE42 		bic	r2, r2, #32512
 148 0010 2343     		orrs	r3, r3, r4
 149 0012 4C69     		ldr	r4, [r1, #20]
 150 0014 22F0F002 		bic	r2, r2, #240
 151 0018 2343     		orrs	r3, r3, r4
 152 001a 8C69     		ldr	r4, [r1, #24]
 153 001c 2343     		orrs	r3, r3, r4
 154 001e CC69     		ldr	r4, [r1, #28]
 155 0020 2343     		orrs	r3, r3, r4
 156 0022 4C6A     		ldr	r4, [r1, #36]
 157 0024 2343     		orrs	r3, r3, r4
 158 0026 8C6A     		ldr	r4, [r1, #40]
 159 0028 2343     		orrs	r3, r3, r4
 160 002a 1343     		orrs	r3, r3, r2
 161 002c 0360     		str	r3, [r0, #0]
 162 002e CB68     		ldr	r3, [r1, #12]
 163 0030 4360     		str	r3, [r0, #4]
 164 0032 0B68     		ldr	r3, [r1, #0]
 165 0034 8360     		str	r3, [r0, #8]
 166 0036 4B68     		ldr	r3, [r1, #4]
 167 0038 C360     		str	r3, [r0, #12]
 168 003a 10BD     		pop	{r4, pc}
 170              		.section	.text.DMA_StructInit,"ax",%progbits
 171              		.align	1
 172              		.global	DMA_StructInit
 173              		.thumb
 174              		.thumb_func
 176              	DMA_StructInit:
 177              		@ args = 0, pretend = 0, frame = 0
 178              		@ frame_needed = 0, uses_anonymous_args = 0
 179              		@ link register save eliminated.
 180 0000 0023     		movs	r3, #0
 181 0002 0360     		str	r3, [r0, #0]
 182 0004 4360     		str	r3, [r0, #4]
 183 0006 8360     		str	r3, [r0, #8]
 184 0008 C360     		str	r3, [r0, #12]
 185 000a 0361     		str	r3, [r0, #16]
 186 000c 4361     		str	r3, [r0, #20]
 187 000e 8361     		str	r3, [r0, #24]
 188 0010 C361     		str	r3, [r0, #28]
 189 0012 0362     		str	r3, [r0, #32]
 190 0014 4362     		str	r3, [r0, #36]
 191 0016 8362     		str	r3, [r0, #40]
 192 0018 7047     		bx	lr
 194              		.section	.text.DMA_Cmd,"ax",%progbits
 195              		.align	1
 196              		.global	DMA_Cmd
 197              		.thumb
 198              		.thumb_func
 200              	DMA_Cmd:
 201              		@ args = 0, pretend = 0, frame = 0
 202              		@ frame_needed = 0, uses_anonymous_args = 0
 203              		@ link register save eliminated.
 204 0000 19B1     		cbz	r1, .L23
 205 0002 0368     		ldr	r3, [r0, #0]
 206 0004 43F00103 		orr	r3, r3, #1
 207 0008 03E0     		b	.L25
 208              	.L23:
 209 000a 0268     		ldr	r2, [r0, #0]
 210 000c 4FF6FE73 		movw	r3, #65534
 211 0010 1340     		ands	r3, r3, r2
 212              	.L25:
 213 0012 0360     		str	r3, [r0, #0]
 214 0014 7047     		bx	lr
 216              		.section	.text.DMA_ITConfig,"ax",%progbits
 217              		.align	1
 218              		.global	DMA_ITConfig
 219              		.thumb
 220              		.thumb_func
 222              	DMA_ITConfig:
 223              		@ args = 0, pretend = 0, frame = 0
 224              		@ frame_needed = 0, uses_anonymous_args = 0
 225              		@ link register save eliminated.
 226 0000 0368     		ldr	r3, [r0, #0]
 227 0002 0AB1     		cbz	r2, .L27
 228 0004 1943     		orrs	r1, r1, r3
 229 0006 01E0     		b	.L29
 230              	.L27:
 231 0008 23EA0101 		bic	r1, r3, r1
 232              	.L29:
 233 000c 0160     		str	r1, [r0, #0]
 234 000e 7047     		bx	lr
 236              		.section	.text.DMA_SetCurrDataCounter,"ax",%progbits
 237              		.align	1
 238              		.global	DMA_SetCurrDataCounter
 239              		.thumb
 240              		.thumb_func
 242              	DMA_SetCurrDataCounter:
 243              		@ args = 0, pretend = 0, frame = 0
 244              		@ frame_needed = 0, uses_anonymous_args = 0
 245              		@ link register save eliminated.
 246 0000 4160     		str	r1, [r0, #4]
 247 0002 7047     		bx	lr
 249              		.section	.text.DMA_GetCurrDataCounter,"ax",%progbits
 250              		.align	1
 251              		.global	DMA_GetCurrDataCounter
 252              		.thumb
 253              		.thumb_func
 255              	DMA_GetCurrDataCounter:
 256              		@ args = 0, pretend = 0, frame = 0
 257              		@ frame_needed = 0, uses_anonymous_args = 0
 258              		@ link register save eliminated.
 259 0000 4068     		ldr	r0, [r0, #4]
 260 0002 80B2     		uxth	r0, r0
 261 0004 7047     		bx	lr
 263              		.section	.text.DMA_GetFlagStatus,"ax",%progbits
 264              		.align	1
 265              		.global	DMA_GetFlagStatus
 266              		.thumb
 267              		.thumb_func
 269              	DMA_GetFlagStatus:
 270              		@ args = 0, pretend = 0, frame = 0
 271              		@ frame_needed = 0, uses_anonymous_args = 0
 272              		@ link register save eliminated.
 273 0000 C300     		lsls	r3, r0, #3
 274 0002 4CBF     		ite	mi
 275 0004 034B     		ldrmi	r3, .L36
 276 0006 044B     		ldrpl	r3, .L36+4
 277 0008 1B68     		ldr	r3, [r3, #0]
 278 000a 0342     		tst	r3, r0
 279 000c 0CBF     		ite	eq
 280 000e 0020     		moveq	r0, #0
 281 0010 0120     		movne	r0, #1
 282 0012 7047     		bx	lr
 283              	.L37:
 284              		.align	2
 285              	.L36:
 286 0014 00040240 		.word	1073873920
 287 0018 00000240 		.word	1073872896
 289              		.section	.text.DMA_ClearFlag,"ax",%progbits
 290              		.align	1
 291              		.global	DMA_ClearFlag
 292              		.thumb
 293              		.thumb_func
 295              	DMA_ClearFlag:
 296              		@ args = 0, pretend = 0, frame = 0
 297              		@ frame_needed = 0, uses_anonymous_args = 0
 298              		@ link register save eliminated.
 299 0000 C200     		lsls	r2, r0, #3
 300 0002 4CBF     		ite	mi
 301 0004 014B     		ldrmi	r3, .L42
 302 0006 024B     		ldrpl	r3, .L42+4
 303 0008 5860     		str	r0, [r3, #4]
 304 000a 7047     		bx	lr
 305              	.L43:
 306              		.align	2
 307              	.L42:
 308 000c 00040240 		.word	1073873920
 309 0010 00000240 		.word	1073872896
 311              		.section	.text.DMA_GetITStatus,"ax",%progbits
 312              		.align	1
 313              		.global	DMA_GetITStatus
 314              		.thumb
 315              		.thumb_func
 317              	DMA_GetITStatus:
 318              		@ args = 0, pretend = 0, frame = 0
 319              		@ frame_needed = 0, uses_anonymous_args = 0
 320              		@ link register save eliminated.
 321 0000 C100     		lsls	r1, r0, #3
 322 0002 4CBF     		ite	mi
 323 0004 034B     		ldrmi	r3, .L48
 324 0006 044B     		ldrpl	r3, .L48+4
 325 0008 1B68     		ldr	r3, [r3, #0]
 326 000a 0342     		tst	r3, r0
 327 000c 0CBF     		ite	eq
 328 000e 0020     		moveq	r0, #0
 329 0010 0120     		movne	r0, #1
 330 0012 7047     		bx	lr
 331              	.L49:
 332              		.align	2
 333              	.L48:
 334 0014 00040240 		.word	1073873920
 335 0018 00000240 		.word	1073872896
 337              		.section	.text.DMA_ClearITPendingBit,"ax",%progbits
 338              		.align	1
 339              		.global	DMA_ClearITPendingBit
 340              		.thumb
 341              		.thumb_func
 343              	DMA_ClearITPendingBit:
 344              		@ args = 0, pretend = 0, frame = 0
 345              		@ frame_needed = 0, uses_anonymous_args = 0
 346              		@ link register save eliminated.
 347 0000 C300     		lsls	r3, r0, #3
 348 0002 4CBF     		ite	mi
 349 0004 014B     		ldrmi	r3, .L54
 350 0006 024B     		ldrpl	r3, .L54+4
 351 0008 5860     		str	r0, [r3, #4]
 352 000a 7047     		bx	lr
 353              	.L55:
 354              		.align	2
 355              	.L54:
 356 000c 00040240 		.word	1073873920
 357 0010 00000240 		.word	1073872896
 359              		.ident	"GCC: (GNU) 4.6.2"
DEFINED SYMBOLS
                            *ABS*:00000000 stm32f10x_dma.c
C:\Users\kreyl\AppData\Local\Temp\ccuzQSVo.s:15     .text.DMA_DeInit:00000000 $t
C:\Users\kreyl\AppData\Local\Temp\ccuzQSVo.s:20     .text.DMA_DeInit:00000000 DMA_DeInit
C:\Users\kreyl\AppData\Local\Temp\ccuzQSVo.s:119    .text.DMA_DeInit:000000cc $d
C:\Users\kreyl\AppData\Local\Temp\ccuzQSVo.s:133    .text.DMA_Init:00000000 $t
C:\Users\kreyl\AppData\Local\Temp\ccuzQSVo.s:138    .text.DMA_Init:00000000 DMA_Init
C:\Users\kreyl\AppData\Local\Temp\ccuzQSVo.s:171    .text.DMA_StructInit:00000000 $t
C:\Users\kreyl\AppData\Local\Temp\ccuzQSVo.s:176    .text.DMA_StructInit:00000000 DMA_StructInit
C:\Users\kreyl\AppData\Local\Temp\ccuzQSVo.s:195    .text.DMA_Cmd:00000000 $t
C:\Users\kreyl\AppData\Local\Temp\ccuzQSVo.s:200    .text.DMA_Cmd:00000000 DMA_Cmd
C:\Users\kreyl\AppData\Local\Temp\ccuzQSVo.s:217    .text.DMA_ITConfig:00000000 $t
C:\Users\kreyl\AppData\Local\Temp\ccuzQSVo.s:222    .text.DMA_ITConfig:00000000 DMA_ITConfig
C:\Users\kreyl\AppData\Local\Temp\ccuzQSVo.s:237    .text.DMA_SetCurrDataCounter:00000000 $t
C:\Users\kreyl\AppData\Local\Temp\ccuzQSVo.s:242    .text.DMA_SetCurrDataCounter:00000000 DMA_SetCurrDataCounter
C:\Users\kreyl\AppData\Local\Temp\ccuzQSVo.s:250    .text.DMA_GetCurrDataCounter:00000000 $t
C:\Users\kreyl\AppData\Local\Temp\ccuzQSVo.s:255    .text.DMA_GetCurrDataCounter:00000000 DMA_GetCurrDataCounter
C:\Users\kreyl\AppData\Local\Temp\ccuzQSVo.s:264    .text.DMA_GetFlagStatus:00000000 $t
C:\Users\kreyl\AppData\Local\Temp\ccuzQSVo.s:269    .text.DMA_GetFlagStatus:00000000 DMA_GetFlagStatus
C:\Users\kreyl\AppData\Local\Temp\ccuzQSVo.s:286    .text.DMA_GetFlagStatus:00000014 $d
C:\Users\kreyl\AppData\Local\Temp\ccuzQSVo.s:290    .text.DMA_ClearFlag:00000000 $t
C:\Users\kreyl\AppData\Local\Temp\ccuzQSVo.s:295    .text.DMA_ClearFlag:00000000 DMA_ClearFlag
C:\Users\kreyl\AppData\Local\Temp\ccuzQSVo.s:308    .text.DMA_ClearFlag:0000000c $d
C:\Users\kreyl\AppData\Local\Temp\ccuzQSVo.s:312    .text.DMA_GetITStatus:00000000 $t
C:\Users\kreyl\AppData\Local\Temp\ccuzQSVo.s:317    .text.DMA_GetITStatus:00000000 DMA_GetITStatus
C:\Users\kreyl\AppData\Local\Temp\ccuzQSVo.s:334    .text.DMA_GetITStatus:00000014 $d
C:\Users\kreyl\AppData\Local\Temp\ccuzQSVo.s:338    .text.DMA_ClearITPendingBit:00000000 $t
C:\Users\kreyl\AppData\Local\Temp\ccuzQSVo.s:343    .text.DMA_ClearITPendingBit:00000000 DMA_ClearITPendingBit
C:\Users\kreyl\AppData\Local\Temp\ccuzQSVo.s:356    .text.DMA_ClearITPendingBit:0000000c $d

NO UNDEFINED SYMBOLS
