ARM GAS  lib/startup/startup_stm32f10x_md_vl.s 			page 1


   1              	/**
   2              	 ******************************************************************************
   3              	 * @file      startup_stm32f10x_md_vl.s
   4              	 * @author    MCD Application Team
   5              	 * @version   V3.4.0
   6              	 * @date      10/15/2010
   7              	 * @brief     STM32F10x Medium Density Value Line Devices vector table for Atollic toolchain.
   8              	 *            This module performs:
   9              	 *                - Set the initial SP
  10              	 *                - Set the initial PC == Reset_Handler,
  11              	 *                - Set the vector table entries with the exceptions ISR address
  12              	 *                - Configure the clock system   
  13              	 *                - Branches to main in the C library (which eventually
  14              	 *                  calls main()).
  15              	 *            After Reset the Cortex-M3 processor is in Thread mode,
  16              	 *            priority is Privileged, and the Stack is set to Main.
  17              	 *******************************************************************************
  18              	 * @copy
  19              	 *
  20              	 * THE PRESENT FIRMWARE WHICH IS FOR GUIDANCE ONLY AIMS AT PROVIDING CUSTOMERS
  21              	 * WITH CODING INFORMATION REGARDING THEIR PRODUCTS IN ORDER FOR THEM TO SAVE
  22              	 * TIME. AS A RESULT, STMICROELECTRONICS SHALL NOT BE HELD LIABLE FOR ANY
  23              	 * DIRECT, INDIRECT OR CONSEQUENTIAL DAMAGES WITH RESPECT TO ANY CLAIMS ARISING
  24              	 * FROM THE CONTENT OF SUCH FIRMWARE AND/OR THE USE MADE BY CUSTOMERS OF THE
  25              	 * CODING INFORMATION CONTAINED HEREIN IN CONNECTION WITH THEIR PRODUCTS.
  26              	 *
  27              	 * <h2><center>&copy; COPYRIGHT 2010 STMicroelectronics</center></h2>
  28              	 */
  29              	
  30              	  .syntax unified
  31              		.cpu cortex-m3
  32              		.fpu softvfp
  33              		.thumb
  34              	
  35              	.global	g_pfnVectors
  36              	.global	Default_Handler
  37              	
  38              	/* start address for the initialization values of the .data section.
  39              	defined in linker script */
  40 0000 00000000 	.word	_sidata
  41              	/* start address for the .data section. defined in linker script */
  42 0004 00000000 	.word	_sdata
  43              	/* end address for the .data section. defined in linker script */
  44 0008 00000000 	.word	_edata
  45              	/* start address for the .bss section. defined in linker script */
  46 000c 00000000 	.word	_sbss
  47              	/* end address for the .bss section. defined in linker script */
  48 0010 00000000 	.word	_ebss
  49              	
  50              	.equ  BootRAM, 0xF108F85F
  51              	/**
  52              	 * @brief  This is the code that gets called when the processor first
  53              	 *          starts execution following a reset event. Only the absolutely
  54              	 *          necessary set is performed, after which the application
  55              	 *          supplied main() routine is called.
  56              	 * @param  None
  57              	 * @retval : None
ARM GAS  lib/startup/startup_stm32f10x_md_vl.s 			page 2


  58              	*/
  59              	
  60              	    .section	.text.Reset_Handler
  61              		.weak	Reset_Handler
  62              		.type	Reset_Handler, %function
  63              	Reset_Handler:
  64              	
  65              	/* Copy the data segment initializers from flash to SRAM */
  66 0000 0021     	  movs	r1, #0
  67 0002 03E0     	  b	LoopCopyDataInit
  68              	
  69              	CopyDataInit:
  70 0004 0B4B     		ldr	r3, =_sidata
  71 0006 5B58     		ldr	r3, [r3, r1]
  72 0008 4350     		str	r3, [r0, r1]
  73 000a 0431     		adds	r1, r1, #4
  74              	
  75              	LoopCopyDataInit:
  76 000c 0A48     		ldr	r0, =_sdata
  77 000e 0B4B     		ldr	r3, =_edata
  78 0010 4218     		adds	r2, r0, r1
  79 0012 9A42     		cmp	r2, r3
  80 0014 F6D3     		bcc	CopyDataInit
  81 0016 0A4A     		ldr	r2, =_sbss
  82 0018 02E0     		b	LoopFillZerobss
  83              	/* Zero fill the bss segment. */
  84              	FillZerobss:
  85 001a 0023     		movs	r3, #0
  86 001c 42F8043B 		str	r3, [r2], #4
  87              	
  88              	LoopFillZerobss:
  89 0020 084B     		ldr	r3, = _ebss
  90 0022 9A42     		cmp	r2, r3
  91 0024 F9D3     		bcc	FillZerobss
  92              		
  93              	/* Call the clock system intitialization function.*/
  94 0026 FFF7FEFF 	  bl  SystemInit 
  95              	/* Call static constructors */
  96 002a FFF7FEFF 	  bl __libc_init_array  
  97              	/* Call the application's entry point.*/
  98 002e FFF7FEFF 		bl	main
  99 0032 7047     		bx	lr
 100              	.size	Reset_Handler, .-Reset_Handler
 101              	
 102              	/**
 103              	 * @brief  This is the code that gets called when the processor receives an
 104              	 *         unexpected interrupt.  This simply enters an infinite loop, preserving
 105              	 *         the system state for examination by a debugger.
 106              	 *
 107              	 * @param  None
 108              	 * @retval : None
 109              	*/
 110              	    .section	.text.Default_Handler,"ax",%progbits
 111              	Default_Handler:
 112              	Infinite_Loop:
 113 0000 FEE7     		b	Infinite_Loop
 114              		.size	Default_Handler, .-Default_Handler
ARM GAS  lib/startup/startup_stm32f10x_md_vl.s 			page 3


 115              	/******************************************************************************
 116              	*
 117              	* The minimal vector table for a Cortex M3.  Note that the proper constructs
 118              	* must be placed on this to ensure that it ends up at physical address
 119              	* 0x0000.0000.
 120              	*
 121              	******************************************************************************/
 122              	 	.section	.isr_vector,"a",%progbits
 123              		.type	g_pfnVectors, %object
 124              		.size	g_pfnVectors, .-g_pfnVectors
 125              	
 126              	
 127              	g_pfnVectors:
 128 0000 00000000 		.word	_estack
 129 0004 00000000 		.word	Reset_Handler
 130 0008 00000000 		.word	NMI_Handler
 131 000c 00000000 		.word	HardFault_Handler
 132 0010 00000000 		.word	MemManage_Handler
 133 0014 00000000 		.word	BusFault_Handler
 134 0018 00000000 		.word	UsageFault_Handler
 135 001c 00000000 		.word	0
 136 0020 00000000 		.word	0
 137 0024 00000000 		.word	0
 138 0028 00000000 		.word	0
 139 002c 00000000 		.word	SVC_Handler
 140 0030 00000000 		.word	DebugMon_Handler
 141 0034 00000000 		.word	0
 142 0038 00000000 		.word	PendSV_Handler
 143 003c 00000000 		.word	SysTick_Handler
 144 0040 00000000 		.word	WWDG_IRQHandler
 145 0044 00000000 		.word	PVD_IRQHandler
 146 0048 00000000 		.word	TAMPER_IRQHandler
 147 004c 00000000 		.word	RTC_IRQHandler
 148 0050 00000000 		.word	FLASH_IRQHandler
 149 0054 00000000 		.word	RCC_IRQHandler
 150 0058 00000000 		.word	EXTI0_IRQHandler
 151 005c 00000000 		.word	EXTI1_IRQHandler
 152 0060 00000000 		.word	EXTI2_IRQHandler
 153 0064 00000000 		.word	EXTI3_IRQHandler
 154 0068 00000000 		.word	EXTI4_IRQHandler
 155 006c 00000000 		.word	DMA1_Channel1_IRQHandler
 156 0070 00000000 		.word	DMA1_Channel2_IRQHandler
 157 0074 00000000 		.word	DMA1_Channel3_IRQHandler
 158 0078 00000000 		.word	DMA1_Channel4_IRQHandler
 159 007c 00000000 		.word	DMA1_Channel5_IRQHandler
 160 0080 00000000 		.word	DMA1_Channel6_IRQHandler
 161 0084 00000000 		.word	DMA1_Channel7_IRQHandler
 162 0088 00000000 		.word	ADC1_IRQHandler
 163 008c 00000000 		.word	0
 164 0090 00000000 		.word	0
 165 0094 00000000 		.word	0
 166 0098 00000000 		.word	0
 167 009c 00000000 		.word	EXTI9_5_IRQHandler
 168 00a0 00000000 		.word	TIM1_BRK_TIM15_IRQHandler
 169 00a4 00000000 		.word	TIM1_UP_TIM16_IRQHandler
 170 00a8 00000000 		.word	TIM1_TRG_COM_TIM17_IRQHandler
 171 00ac 00000000 		.word	TIM1_CC_IRQHandler
ARM GAS  lib/startup/startup_stm32f10x_md_vl.s 			page 4


 172 00b0 00000000 		.word	TIM2_IRQHandler
 173 00b4 00000000 		.word	TIM3_IRQHandler
 174 00b8 00000000 		.word	TIM4_IRQHandler
 175 00bc 00000000 		.word	I2C1_EV_IRQHandler
 176 00c0 00000000 		.word	I2C1_ER_IRQHandler
 177 00c4 00000000 		.word	I2C2_EV_IRQHandler
 178 00c8 00000000 		.word	I2C2_ER_IRQHandler
 179 00cc 00000000 		.word	SPI1_IRQHandler
 180 00d0 00000000 		.word	SPI2_IRQHandler
 181 00d4 00000000 		.word	USART1_IRQHandler
 182 00d8 00000000 		.word	USART2_IRQHandler
 183 00dc 00000000 		.word	USART3_IRQHandler
 184 00e0 00000000 		.word	EXTI15_10_IRQHandler
 185 00e4 00000000 		.word	RTCAlarm_IRQHandler
 186 00e8 00000000 		.word	CEC_IRQHandler
 187 00ec 00000000 		.word	0
 188 00f0 00000000 		.word	0
 189 00f4 00000000 		.word	0
 190 00f8 00000000 		.word	0
 191 00fc 00000000 		.word	0
 192 0100 00000000 		.word	0
 193 0104 00000000 		.word	0
 194 0108 00000000 		.word 0  
 195 010c 00000000 		.word 0
 196 0110 00000000 		.word 0
 197 0114 00000000 		.word 0
 198 0118 00000000 		.word TIM6_DAC_IRQHandler
 199 011c 00000000 		.word TIM7_IRQHandler  
 200 0120 00000000 		.word 0
 201 0124 00000000 		.word 0
 202 0128 00000000 		.word 0
 203 012c 00000000 		.word 0
 204 0130 00000000 		.word 0
 205 0134 00000000 		.word 0
 206 0138 00000000 		.word 0
 207 013c 00000000 		.word 0
 208 0140 00000000 		.word 0
 209 0144 00000000 		.word 0
 210 0148 00000000 		.word 0
 211 014c 00000000 		.word 0
 212 0150 00000000 		.word 0
 213 0154 00000000 		.word 0
 214 0158 00000000 		.word 0
 215 015c 00000000 		.word 0
 216 0160 00000000 		.word 0
 217 0164 00000000 		.word 0
 218 0168 00000000 		.word 0
 219 016c 00000000 		.word 0
 220 0170 00000000 		.word 0
 221 0174 00000000 		.word 0
 222 0178 00000000 		.word 0
 223 017c 00000000 		.word 0
 224 0180 00000000 		.word 0
 225 0184 00000000 		.word 0
 226 0188 00000000 		.word 0
 227 018c 00000000 		.word 0
 228 0190 00000000 		.word 0
ARM GAS  lib/startup/startup_stm32f10x_md_vl.s 			page 5


 229 0194 00000000 		.word 0
 230 0198 00000000 		.word 0
 231 019c 00000000 		.word 0
 232 01a0 00000000 		.word 0
 233 01a4 00000000 		.word 0
 234 01a8 00000000 		.word 0
 235 01ac 00000000 		.word 0
 236 01b0 00000000 		.word 0
 237 01b4 00000000 		.word 0
 238 01b8 00000000 		.word 0
 239 01bc 00000000 		.word 0
 240 01c0 00000000 		.word 0
 241 01c4 00000000 		.word 0
 242 01c8 00000000 		.word 0
 243 01cc 5FF808F1 		.word BootRAM          /* @0x01CC. This is for boot in RAM mode for 
 244              	                         STM32F10x Medium Value Line Density devices. */
 245              	
 246              	/*******************************************************************************
 247              	*
 248              	* Provide weak aliases for each Exception handler to the Default_Handler.
 249              	* As they are weak aliases, any function with the same name will override
 250              	* this definition.
 251              	*
 252              	*******************************************************************************/
 253              	
 254              	    
 255              	  .weak  NMI_Handler
 256              	  .thumb_set NMI_Handler,Default_Handler
 257              	  
 258              	  .weak  HardFault_Handler
 259              	  .thumb_set HardFault_Handler,Default_Handler
 260              	  
 261              	  .weak  MemManage_Handler
 262              	  .thumb_set MemManage_Handler,Default_Handler
 263              	  
 264              	  .weak  BusFault_Handler
 265              	  .thumb_set BusFault_Handler,Default_Handler
 266              	
 267              	  .weak  UsageFault_Handler
 268              	  .thumb_set UsageFault_Handler,Default_Handler
 269              	
 270              	  .weak  SVC_Handler
 271              	  .thumb_set SVC_Handler,Default_Handler
 272              	
 273              	  .weak  DebugMon_Handler
 274              	  .thumb_set DebugMon_Handler,Default_Handler
 275              	
 276              	  .weak  PendSV_Handler
 277              	  .thumb_set PendSV_Handler,Default_Handler
 278              	
 279              	  .weak  SysTick_Handler
 280              	  .thumb_set SysTick_Handler,Default_Handler
 281              	
 282              	  .weak  WWDG_IRQHandler
 283              	  .thumb_set WWDG_IRQHandler,Default_Handler
 284              	
 285              	  .weak  PVD_IRQHandler
ARM GAS  lib/startup/startup_stm32f10x_md_vl.s 			page 6


 286              	  .thumb_set PVD_IRQHandler,Default_Handler
 287              	
 288              	  .weak  TAMPER_IRQHandler
 289              	  .thumb_set TAMPER_IRQHandler,Default_Handler
 290              	
 291              	  .weak  RTC_IRQHandler
 292              	  .thumb_set RTC_IRQHandler,Default_Handler
 293              	
 294              	  .weak  FLASH_IRQHandler
 295              	  .thumb_set FLASH_IRQHandler,Default_Handler
 296              	
 297              	  .weak  RCC_IRQHandler
 298              	  .thumb_set RCC_IRQHandler,Default_Handler
 299              	
 300              	  .weak  EXTI0_IRQHandler
 301              	  .thumb_set EXTI0_IRQHandler,Default_Handler
 302              	
 303              	  .weak  EXTI1_IRQHandler
 304              	  .thumb_set EXTI1_IRQHandler,Default_Handler
 305              	
 306              	  .weak  EXTI2_IRQHandler
 307              	  .thumb_set EXTI2_IRQHandler,Default_Handler
 308              	
 309              	  .weak  EXTI3_IRQHandler
 310              	  .thumb_set EXTI3_IRQHandler,Default_Handler
 311              	
 312              	  .weak  EXTI4_IRQHandler
 313              	  .thumb_set EXTI4_IRQHandler,Default_Handler
 314              	
 315              	  .weak  DMA1_Channel1_IRQHandler
 316              	  .thumb_set DMA1_Channel1_IRQHandler,Default_Handler
 317              	
 318              	  .weak  DMA1_Channel2_IRQHandler
 319              	  .thumb_set DMA1_Channel2_IRQHandler,Default_Handler
 320              	
 321              	  .weak  DMA1_Channel3_IRQHandler
 322              	  .thumb_set DMA1_Channel3_IRQHandler,Default_Handler
 323              	
 324              	  .weak  DMA1_Channel4_IRQHandler
 325              	  .thumb_set DMA1_Channel4_IRQHandler,Default_Handler
 326              	
 327              	  .weak  DMA1_Channel5_IRQHandler
 328              	  .thumb_set DMA1_Channel5_IRQHandler,Default_Handler
 329              	
 330              	  .weak  DMA1_Channel6_IRQHandler
 331              	  .thumb_set DMA1_Channel6_IRQHandler,Default_Handler
 332              	
 333              	  .weak  DMA1_Channel7_IRQHandler
 334              	  .thumb_set DMA1_Channel7_IRQHandler,Default_Handler
 335              	
 336              	  .weak  ADC1_IRQHandler
 337              	  .thumb_set ADC1_IRQHandler,Default_Handler
 338              	
 339              	  .weak  EXTI9_5_IRQHandler
 340              	  .thumb_set EXTI9_5_IRQHandler,Default_Handler
 341              	
 342              	  .weak  TIM1_BRK_TIM15_IRQHandler
ARM GAS  lib/startup/startup_stm32f10x_md_vl.s 			page 7


 343              	  .thumb_set TIM1_BRK_TIM15_IRQHandler,Default_Handler
 344              	
 345              	  .weak  TIM1_UP_TIM16_IRQHandler
 346              	  .thumb_set TIM1_UP_TIM16_IRQHandler,Default_Handler
 347              	
 348              	  .weak  TIM1_TRG_COM_TIM17_IRQHandler
 349              	  .thumb_set TIM1_TRG_COM_TIM17_IRQHandler,Default_Handler
 350              	
 351              	  .weak  TIM1_CC_IRQHandler
 352              	  .thumb_set TIM1_CC_IRQHandler,Default_Handler
 353              	
 354              	  .weak  TIM2_IRQHandler
 355              	  .thumb_set TIM2_IRQHandler,Default_Handler
 356              	
 357              	  .weak  TIM3_IRQHandler
 358              	  .thumb_set TIM3_IRQHandler,Default_Handler
 359              	
 360              	  .weak  TIM4_IRQHandler
 361              	  .thumb_set TIM4_IRQHandler,Default_Handler
 362              	
 363              	  .weak  I2C1_EV_IRQHandler
 364              	  .thumb_set I2C1_EV_IRQHandler,Default_Handler
 365              	
 366              	  .weak  I2C1_ER_IRQHandler
 367              	  .thumb_set I2C1_ER_IRQHandler,Default_Handler
 368              	
 369              	  .weak  I2C2_EV_IRQHandler
 370              	  .thumb_set I2C2_EV_IRQHandler,Default_Handler
 371              	
 372              	  .weak  I2C2_ER_IRQHandler
 373              	  .thumb_set I2C2_ER_IRQHandler,Default_Handler
 374              	
 375              	  .weak  SPI1_IRQHandler
 376              	  .thumb_set SPI1_IRQHandler,Default_Handler
 377              	
 378              	  .weak  SPI2_IRQHandler
 379              	  .thumb_set SPI2_IRQHandler,Default_Handler
 380              	
 381              	  .weak  USART1_IRQHandler
 382              	  .thumb_set USART1_IRQHandler,Default_Handler
 383              	
 384              	  .weak  USART2_IRQHandler
 385              	  .thumb_set USART2_IRQHandler,Default_Handler
 386              	
 387              	  .weak  USART3_IRQHandler
 388              	  .thumb_set USART3_IRQHandler,Default_Handler
 389              	
 390              	  .weak  EXTI15_10_IRQHandler
 391              	  .thumb_set EXTI15_10_IRQHandler,Default_Handler
 392              	
 393              	  .weak  RTCAlarm_IRQHandler
 394              	  .thumb_set RTCAlarm_IRQHandler,Default_Handler
 395              	
 396              	  .weak  CEC_IRQHandler
 397              	  .thumb_set CEC_IRQHandler,Default_Handler
 398              	
 399              	  .weak  TIM6_DAC_IRQHandler
ARM GAS  lib/startup/startup_stm32f10x_md_vl.s 			page 8


 400              	  .thumb_set TIM6_DAC_IRQHandler,Default_Handler
 401              	
 402              	  .weak  TIM7_IRQHandler
 403              	  .thumb_set TIM7_IRQHandler,Default_Handler  
 404              	
 405              	/******************* (C) COPYRIGHT 2010 STMicroelectronics *****END OF FILE****/
 406              	
ARM GAS  lib/startup/startup_stm32f10x_md_vl.s 			page 9


DEFINED SYMBOLS
lib/startup/startup_stm32f10x_md_vl.s:127    .isr_vector:00000000 g_pfnVectors
lib/startup/startup_stm32f10x_md_vl.s:111    .text.Default_Handler:00000000 Default_Handler
lib/startup/startup_stm32f10x_md_vl.s:50     *ABS*:f108f85f BootRAM
lib/startup/startup_stm32f10x_md_vl.s:63     .text.Reset_Handler:00000000 Reset_Handler
lib/startup/startup_stm32f10x_md_vl.s:66     .text.Reset_Handler:00000000 $t
lib/startup/startup_stm32f10x_md_vl.s:75     .text.Reset_Handler:0000000c LoopCopyDataInit
lib/startup/startup_stm32f10x_md_vl.s:69     .text.Reset_Handler:00000004 CopyDataInit
lib/startup/startup_stm32f10x_md_vl.s:88     .text.Reset_Handler:00000020 LoopFillZerobss
lib/startup/startup_stm32f10x_md_vl.s:84     .text.Reset_Handler:0000001a FillZerobss
lib/startup/startup_stm32f10x_md_vl.s:112    .text.Default_Handler:00000000 Infinite_Loop
lib/startup/startup_stm32f10x_md_vl.s:113    .text.Default_Handler:00000000 $t
lib/startup/startup_stm32f10x_md_vl.s:111    .text.Default_Handler:00000000 NMI_Handler
lib/startup/startup_stm32f10x_md_vl.s:111    .text.Default_Handler:00000000 HardFault_Handler
lib/startup/startup_stm32f10x_md_vl.s:111    .text.Default_Handler:00000000 MemManage_Handler
lib/startup/startup_stm32f10x_md_vl.s:111    .text.Default_Handler:00000000 BusFault_Handler
lib/startup/startup_stm32f10x_md_vl.s:111    .text.Default_Handler:00000000 UsageFault_Handler
lib/startup/startup_stm32f10x_md_vl.s:111    .text.Default_Handler:00000000 SVC_Handler
lib/startup/startup_stm32f10x_md_vl.s:111    .text.Default_Handler:00000000 DebugMon_Handler
lib/startup/startup_stm32f10x_md_vl.s:111    .text.Default_Handler:00000000 PendSV_Handler
lib/startup/startup_stm32f10x_md_vl.s:111    .text.Default_Handler:00000000 SysTick_Handler
lib/startup/startup_stm32f10x_md_vl.s:111    .text.Default_Handler:00000000 WWDG_IRQHandler
lib/startup/startup_stm32f10x_md_vl.s:111    .text.Default_Handler:00000000 PVD_IRQHandler
lib/startup/startup_stm32f10x_md_vl.s:111    .text.Default_Handler:00000000 TAMPER_IRQHandler
lib/startup/startup_stm32f10x_md_vl.s:111    .text.Default_Handler:00000000 RTC_IRQHandler
lib/startup/startup_stm32f10x_md_vl.s:111    .text.Default_Handler:00000000 FLASH_IRQHandler
lib/startup/startup_stm32f10x_md_vl.s:111    .text.Default_Handler:00000000 RCC_IRQHandler
lib/startup/startup_stm32f10x_md_vl.s:111    .text.Default_Handler:00000000 EXTI0_IRQHandler
lib/startup/startup_stm32f10x_md_vl.s:111    .text.Default_Handler:00000000 EXTI1_IRQHandler
lib/startup/startup_stm32f10x_md_vl.s:111    .text.Default_Handler:00000000 EXTI2_IRQHandler
lib/startup/startup_stm32f10x_md_vl.s:111    .text.Default_Handler:00000000 EXTI3_IRQHandler
lib/startup/startup_stm32f10x_md_vl.s:111    .text.Default_Handler:00000000 EXTI4_IRQHandler
lib/startup/startup_stm32f10x_md_vl.s:111    .text.Default_Handler:00000000 DMA1_Channel1_IRQHandler
lib/startup/startup_stm32f10x_md_vl.s:111    .text.Default_Handler:00000000 DMA1_Channel2_IRQHandler
lib/startup/startup_stm32f10x_md_vl.s:111    .text.Default_Handler:00000000 DMA1_Channel3_IRQHandler
lib/startup/startup_stm32f10x_md_vl.s:111    .text.Default_Handler:00000000 DMA1_Channel4_IRQHandler
lib/startup/startup_stm32f10x_md_vl.s:111    .text.Default_Handler:00000000 DMA1_Channel5_IRQHandler
lib/startup/startup_stm32f10x_md_vl.s:111    .text.Default_Handler:00000000 DMA1_Channel6_IRQHandler
lib/startup/startup_stm32f10x_md_vl.s:111    .text.Default_Handler:00000000 DMA1_Channel7_IRQHandler
lib/startup/startup_stm32f10x_md_vl.s:111    .text.Default_Handler:00000000 ADC1_IRQHandler
lib/startup/startup_stm32f10x_md_vl.s:111    .text.Default_Handler:00000000 EXTI9_5_IRQHandler
lib/startup/startup_stm32f10x_md_vl.s:111    .text.Default_Handler:00000000 TIM1_BRK_TIM15_IRQHandler
lib/startup/startup_stm32f10x_md_vl.s:111    .text.Default_Handler:00000000 TIM1_UP_TIM16_IRQHandler
lib/startup/startup_stm32f10x_md_vl.s:111    .text.Default_Handler:00000000 TIM1_TRG_COM_TIM17_IRQHandler
lib/startup/startup_stm32f10x_md_vl.s:111    .text.Default_Handler:00000000 TIM1_CC_IRQHandler
lib/startup/startup_stm32f10x_md_vl.s:111    .text.Default_Handler:00000000 TIM2_IRQHandler
lib/startup/startup_stm32f10x_md_vl.s:111    .text.Default_Handler:00000000 TIM3_IRQHandler
lib/startup/startup_stm32f10x_md_vl.s:111    .text.Default_Handler:00000000 TIM4_IRQHandler
lib/startup/startup_stm32f10x_md_vl.s:111    .text.Default_Handler:00000000 I2C1_EV_IRQHandler
lib/startup/startup_stm32f10x_md_vl.s:111    .text.Default_Handler:00000000 I2C1_ER_IRQHandler
lib/startup/startup_stm32f10x_md_vl.s:111    .text.Default_Handler:00000000 I2C2_EV_IRQHandler
lib/startup/startup_stm32f10x_md_vl.s:111    .text.Default_Handler:00000000 I2C2_ER_IRQHandler
lib/startup/startup_stm32f10x_md_vl.s:111    .text.Default_Handler:00000000 SPI1_IRQHandler
lib/startup/startup_stm32f10x_md_vl.s:111    .text.Default_Handler:00000000 SPI2_IRQHandler
lib/startup/startup_stm32f10x_md_vl.s:111    .text.Default_Handler:00000000 USART1_IRQHandler
lib/startup/startup_stm32f10x_md_vl.s:111    .text.Default_Handler:00000000 USART2_IRQHandler
lib/startup/startup_stm32f10x_md_vl.s:111    .text.Default_Handler:00000000 USART3_IRQHandler
ARM GAS  lib/startup/startup_stm32f10x_md_vl.s 			page 10


lib/startup/startup_stm32f10x_md_vl.s:111    .text.Default_Handler:00000000 EXTI15_10_IRQHandler
lib/startup/startup_stm32f10x_md_vl.s:111    .text.Default_Handler:00000000 RTCAlarm_IRQHandler
lib/startup/startup_stm32f10x_md_vl.s:111    .text.Default_Handler:00000000 CEC_IRQHandler
lib/startup/startup_stm32f10x_md_vl.s:111    .text.Default_Handler:00000000 TIM6_DAC_IRQHandler
lib/startup/startup_stm32f10x_md_vl.s:111    .text.Default_Handler:00000000 TIM7_IRQHandler
lib/startup/startup_stm32f10x_md_vl.s:110    .text.Reset_Handler:00000034 $d
                   .debug_aranges:0000000c $d

UNDEFINED SYMBOLS
_sidata
_sdata
_edata
_sbss
_ebss
SystemInit
__libc_init_array
main
_estack
