   1              		.syntax unified
   2              		.cpu cortex-m3
   3              		.fpu softvfp
   4              		.eabi_attribute 20, 1
   5              		.eabi_attribute 21, 1
   6              		.eabi_attribute 23, 3
   7              		.eabi_attribute 24, 1
   8              		.eabi_attribute 25, 1
   9              		.eabi_attribute 26, 1
  10              		.eabi_attribute 30, 4
  11              		.eabi_attribute 18, 4
  12              		.thumb
  13              		.file	"kl_ini.cpp"
  14              		.section	.text._Z11skipleadingPc,"ax",%progbits
  15              		.align	1
  16              		.global	_Z11skipleadingPc
  17              		.thumb
  18              		.thumb_func
  20              	_Z11skipleadingPc:
  21              		@ args = 0, pretend = 0, frame = 0
  22              		@ frame_needed = 0, uses_anonymous_args = 0
  23              		@ link register save eliminated.
  24 0000 0346     		mov	r3, r0
  25              	.L2:
  26 0002 1846     		mov	r0, r3
  27 0004 0278     		ldrb	r2, [r0, #0]	@ zero_extendqisi2
  28 0006 0133     		adds	r3, r3, #1
  29 0008 013A     		subs	r2, r2, #1
  30 000a D2B2     		uxtb	r2, r2
  31 000c 1F2A     		cmp	r2, #31
  32 000e F8D9     		bls	.L2
  33 0010 7047     		bx	lr
  35              		.section	.text._Z12skiptrailingPcPKc,"ax",%progbits
  36              		.align	1
  37              		.global	_Z12skiptrailingPcPKc
  38              		.thumb
  39              		.thumb_func
  41              	_Z12skiptrailingPcPKc:
  42              		@ args = 0, pretend = 0, frame = 0
  43              		@ frame_needed = 0, uses_anonymous_args = 0
  44              		@ link register save eliminated.
  45              	.L6:
  46 0000 8842     		cmp	r0, r1
  47 0002 05D9     		bls	.L5
  48 0004 10F8013C 		ldrb	r3, [r0, #-1]	@ zero_extendqisi2
  49 0008 202B     		cmp	r3, #32
  50 000a 01D8     		bhi	.L5
  51 000c 0138     		subs	r0, r0, #1
  52 000e F7E7     		b	.L6
  53              	.L5:
  54 0010 7047     		bx	lr
  56              		.section	.text._Z13striptrailingPc,"ax",%progbits
  57              		.align	1
  58              		.global	_Z13striptrailingPc
  59              		.thumb
  60              		.thumb_func
  62              	_Z13striptrailingPc:
  63              		@ args = 0, pretend = 0, frame = 0
  64              		@ frame_needed = 0, uses_anonymous_args = 0
  65 0000 10B5     		push	{r4, lr}
  66 0002 0021     		movs	r1, #0
  67 0004 0446     		mov	r4, r0
  68 0006 FFF7FEFF 		bl	strchr
  69 000a 2146     		mov	r1, r4
  70 000c FFF7FEFF 		bl	_Z12skiptrailingPcPKc
  71 0010 0023     		movs	r3, #0
  72 0012 0370     		strb	r3, [r0, #0]
  73 0014 2046     		mov	r0, r4
  74 0016 10BD     		pop	{r4, pc}
  76              		.section	.text._Z10ReadStringPKcS0_S0_Pcm,"ax",%progbits
  77              		.align	1
  78              		.global	_Z10ReadStringPKcS0_S0_Pcm
  79              		.thumb
  80              		.thumb_func
  82              	_Z10ReadStringPKcS0_S0_Pcm:
  83              		@ args = 4, pretend = 0, frame = 544
  84              		@ frame_needed = 0, uses_anonymous_args = 0
  85 0000 2DE9F047 		push	{r4, r5, r6, r7, r8, r9, sl, lr}
  86 0004 ADF5087D 		sub	sp, sp, #544
  87 0008 01AE     		add	r6, sp, #4
  88 000a 0546     		mov	r5, r0
  89 000c 0C46     		mov	r4, r1
  90 000e 3046     		mov	r0, r6
  91 0010 1146     		mov	r1, r2
  92 0012 0122     		movs	r2, #1
  93 0014 1F46     		mov	r7, r3
  94 0016 DDF84082 		ldr	r8, [sp, #576]
  95 001a FFF7FEFF 		bl	f_open
  96 001e 0146     		mov	r1, r0
  97 0020 58B1     		cbz	r0, .L9
  98 0022 0428     		cmp	r0, #4
  99 0024 03D1     		bne	.L10
 100 0026 6448     		ldr	r0, .L41
 101 0028 FFF7FEFF 		bl	klPrintf
 102 002c 02E0     		b	.L37
 103              	.L10:
 104 002e 6348     		ldr	r0, .L41+4
 105 0030 FFF7FEFF 		bl	klPrintf
 106              	.L37:
 107 0034 4FF0000A 		mov	sl, #0
 108 0038 A2E0     		b	.L11
 109              	.L9:
 110 003a D6F80CA0 		ldr	sl, [r6, #12]
 111 003e BAF1000F 		cmp	sl, #0
 112 0042 06D1     		bne	.L12
 113 0044 3046     		mov	r0, r6
 114 0046 FFF7FEFF 		bl	f_close
 115 004a 5D48     		ldr	r0, .L41+8
 116 004c FFF7FEFF 		bl	klPrintf
 117 0050 96E0     		b	.L11
 118              	.L12:
 119 0052 2846     		mov	r0, r5
 120 0054 FFF7FEFF 		bl	strlen
 121 0058 8146     		mov	r9, r0
 122              	.L31:
 123 005a 5A48     		ldr	r0, .L41+12
 124 005c 4FF40071 		mov	r1, #512
 125 0060 3246     		mov	r2, r6
 126 0062 FFF7FEFF 		bl	f_gets
 127 0066 8246     		mov	sl, r0
 128 0068 18B9     		cbnz	r0, .L13
 129 006a 3046     		mov	r0, r6
 130 006c FFF7FEFF 		bl	f_close
 131 0070 86E0     		b	.L11
 132              	.L13:
 133 0072 5448     		ldr	r0, .L41+12
 134 0074 FFF7FEFF 		bl	_Z11skipleadingPc
 135 0078 5D21     		movs	r1, #93
 136 007a 8246     		mov	sl, r0
 137 007c FFF7FEFF 		bl	strchr
 138 0080 9AF80020 		ldrb	r2, [sl, #0]	@ zero_extendqisi2
 139 0084 D0F10103 		rsbs	r3, r0, #1
 140 0088 38BF     		it	cc
 141 008a 0023     		movcc	r3, #0
 142 008c 5B2A     		cmp	r2, #91
 143 008e 18BF     		it	ne
 144 0090 43F00103 		orrne	r3, r3, #1
 145 0094 002B     		cmp	r3, #0
 146 0096 E0D1     		bne	.L31
 147 0098 CAEB0000 		rsb	r0, sl, r0
 148 009c 0138     		subs	r0, r0, #1
 149 009e 4845     		cmp	r0, r9
 150 00a0 DBD1     		bne	.L31
 151 00a2 0AF10100 		add	r0, sl, #1
 152 00a6 2946     		mov	r1, r5
 153 00a8 4A46     		mov	r2, r9
 154 00aa FFF7FEFF 		bl	strncasecmp
 155 00ae 0028     		cmp	r0, #0
 156 00b0 D3D1     		bne	.L31
 157 00b2 6AE0     		b	.L38
 158              	.L32:
 159 00b4 4348     		ldr	r0, .L41+12
 160 00b6 4FF40071 		mov	r1, #512
 161 00ba 01AA     		add	r2, sp, #4
 162 00bc FFF7FEFF 		bl	f_gets
 163 00c0 40B1     		cbz	r0, .L16
 164 00c2 4048     		ldr	r0, .L41+12
 165 00c4 FFF7FEFF 		bl	_Z11skipleadingPc
 166 00c8 90F800A0 		ldrb	sl, [r0, #0]	@ zero_extendqisi2
 167 00cc 8146     		mov	r9, r0
 168 00ce BAF15B0F 		cmp	sl, #91
 169 00d2 5FD1     		bne	.L17
 170              	.L16:
 171 00d4 01A8     		add	r0, sp, #4
 172 00d6 FFF7FEFF 		bl	f_close
 173 00da ABE7     		b	.L37
 174              	.L40:
 175 00dc 002D     		cmp	r5, #0
 176 00de E9D0     		beq	.L32
 177 00e0 2846     		mov	r0, r5
 178 00e2 4946     		mov	r1, r9
 179 00e4 FFF7FEFF 		bl	_Z12skiptrailingPcPKc
 180 00e8 C9EB0000 		rsb	r0, r9, r0
 181 00ec B042     		cmp	r0, r6
 182 00ee E1D1     		bne	.L32
 183 00f0 4846     		mov	r0, r9
 184 00f2 2146     		mov	r1, r4
 185 00f4 3246     		mov	r2, r6
 186 00f6 FFF7FEFF 		bl	strncasecmp
 187 00fa 8146     		mov	r9, r0
 188 00fc 0028     		cmp	r0, #0
 189 00fe D9D1     		bne	.L32
 190 0100 681C     		adds	r0, r5, #1
 191 0102 FFF7FEFF 		bl	_Z11skipleadingPc
 192 0106 0546     		mov	r5, r0
 193 0108 0446     		mov	r4, r0
 194 010a 0FE0     		b	.L19
 195              	.L39:
 196 010c 6378     		ldrb	r3, [r4, #1]	@ zero_extendqisi2
 197 010e 222B     		cmp	r3, #34
 198 0110 1CBF     		itt	ne
 199 0112 89F00109 		eorne	r9, r9, #1
 200 0116 5FFA89F9 		uxtbne	r9, r9
 201 011a 06D1     		bne	.L21
 202 011c 04E0     		b	.L36
 203              	.L34:
 204 011e 5C2B     		cmp	r3, #92
 205 0120 03D1     		bne	.L21
 206 0122 6378     		ldrb	r3, [r4, #1]	@ zero_extendqisi2
 207 0124 222B     		cmp	r3, #34
 208 0126 00D1     		bne	.L21
 209              	.L36:
 210 0128 0134     		adds	r4, r4, #1
 211              	.L21:
 212 012a 0134     		adds	r4, r4, #1
 213              	.L19:
 214 012c 2378     		ldrb	r3, [r4, #0]	@ zero_extendqisi2
 215 012e 93B1     		cbz	r3, .L22
 216 0130 B3F13B02 		subs	r2, r3, #59
 217 0134 18BF     		it	ne
 218 0136 0122     		movne	r2, #1
 219 0138 232B     		cmp	r3, #35
 220 013a 0CBF     		ite	eq
 221 013c 0022     		moveq	r2, #0
 222 013e 02F00102 		andne	r2, r2, #1
 223 0142 12B9     		cbnz	r2, .L23
 224 0144 B9F1000F 		cmp	r9, #0
 225 0148 05D0     		beq	.L22
 226              	.L23:
 227 014a 621B     		subs	r2, r4, r5
 228 014c 4245     		cmp	r2, r8
 229 014e 02D2     		bcs	.L22
 230 0150 222B     		cmp	r3, #34
 231 0152 E4D1     		bne	.L34
 232 0154 DAE7     		b	.L39
 233              	.L22:
 234 0156 0023     		movs	r3, #0
 235 0158 2370     		strb	r3, [r4, #0]
 236 015a 2846     		mov	r0, r5
 237 015c FFF7FEFF 		bl	_Z13striptrailingPc
 238 0160 C5EB040A 		rsb	sl, r5, r4
 239 0164 2946     		mov	r1, r5
 240 0166 3846     		mov	r0, r7
 241 0168 FFF7FEFF 		bl	strcpy
 242 016c CAF1020A 		rsb	sl, sl, #2
 243 0170 01A8     		add	r0, sp, #4
 244 0172 FFF7FEFF 		bl	f_close
 245 0176 B7EB0A0A 		subs	sl, r7, sl
 246 017a 18BF     		it	ne
 247 017c 4FF0010A 		movne	sl, #1
 248              	.L11:
 249 0180 5046     		mov	r0, sl
 250 0182 0DF5087D 		add	sp, sp, #544
 251 0186 BDE8F087 		pop	{r4, r5, r6, r7, r8, r9, sl, pc}
 252              	.L38:
 253 018a 2046     		mov	r0, r4
 254 018c FFF7FEFF 		bl	strlen
 255 0190 0646     		mov	r6, r0
 256 0192 8FE7     		b	.L32
 257              	.L17:
 258 0194 3D21     		movs	r1, #61
 259 0196 FFF7FEFF 		bl	strchr
 260 019a AAF13B02 		sub	r2, sl, #59
 261 019e 5342     		rsbs	r3, r2, #0
 262 01a0 43EB0203 		adc	r3, r3, r2
 263 01a4 BAF1230F 		cmp	sl, #35
 264 01a8 08BF     		it	eq
 265 01aa 43F00103 		orreq	r3, r3, #1
 266 01ae 0546     		mov	r5, r0
 267 01b0 002B     		cmp	r3, #0
 268 01b2 7FF47FAF 		bne	.L32
 269 01b6 91E7     		b	.L40
 270              	.L42:
 271              		.align	2
 272              	.L41:
 273 01b8 00000000 		.word	.LC0
 274 01bc 12000000 		.word	.LC1
 275 01c0 27000000 		.word	.LC2
 276 01c4 00000000 		.word	.LANCHOR0
 278              		.section	.text._Z9ReadInt32PKcS0_S0_Pl,"ax",%progbits
 279              		.align	1
 280              		.global	_Z9ReadInt32PKcS0_S0_Pl
 281              		.thumb
 282              		.thumb_func
 284              	_Z9ReadInt32PKcS0_S0_Pl:
 285              		@ args = 0, pretend = 0, frame = 64
 286              		@ frame_needed = 0, uses_anonymous_args = 0
 287 0000 10B5     		push	{r4, lr}
 288 0002 1C46     		mov	r4, r3
 289 0004 92B0     		sub	sp, sp, #72
 290 0006 4023     		movs	r3, #64
 291 0008 0093     		str	r3, [sp, #0]
 292 000a 02AB     		add	r3, sp, #8
 293 000c FFF7FEFF 		bl	_Z10ReadStringPKcS0_S0_Pcm
 294 0010 30B1     		cbz	r0, .L44
 295 0012 02A8     		add	r0, sp, #8
 296 0014 0021     		movs	r1, #0
 297 0016 0A22     		movs	r2, #10
 298 0018 FFF7FEFF 		bl	strtol
 299 001c 2060     		str	r0, [r4, #0]
 300 001e 0120     		movs	r0, #1
 301              	.L44:
 302 0020 12B0     		add	sp, sp, #72
 303 0022 10BD     		pop	{r4, pc}
 305              		.global	IBuf
 306              		.section	.bss.IBuf,"aw",%nobits
 307              		.set	.LANCHOR0,. + 0
 310              	IBuf:
 311 0000 00000000 		.space	512
 311      00000000 
 311      00000000 
 311      00000000 
 311      00000000 
 312              		.section	.rodata.str1.1,"aMS",%progbits,1
 313              	.LC0:
 314 0000 3A206669 		.ascii	": file not found\015\000"
 314      6C65206E 
 314      6F742066 
 314      6F756E64 
 314      0D00
 315              	.LC1:
 316 0012 3A206F70 		.ascii	": openFile error: %u\000"
 316      656E4669 
 316      6C652065 
 316      72726F72 
 316      3A202575 
 317              	.LC2:
 318 0027 456D7074 		.ascii	"Empty file\015\000"
 318      79206669 
 318      6C650D00 
 319              		.ident	"GCC: (GNU) 4.6.2"
DEFINED SYMBOLS
                            *ABS*:00000000 kl_ini.cpp
C:\Users\kreyl\AppData\Local\Temp\ccyFufrK.s:15     .text._Z11skipleadingPc:00000000 $t
C:\Users\kreyl\AppData\Local\Temp\ccyFufrK.s:20     .text._Z11skipleadingPc:00000000 _Z11skipleadingPc
C:\Users\kreyl\AppData\Local\Temp\ccyFufrK.s:36     .text._Z12skiptrailingPcPKc:00000000 $t
C:\Users\kreyl\AppData\Local\Temp\ccyFufrK.s:41     .text._Z12skiptrailingPcPKc:00000000 _Z12skiptrailingPcPKc
C:\Users\kreyl\AppData\Local\Temp\ccyFufrK.s:57     .text._Z13striptrailingPc:00000000 $t
C:\Users\kreyl\AppData\Local\Temp\ccyFufrK.s:62     .text._Z13striptrailingPc:00000000 _Z13striptrailingPc
C:\Users\kreyl\AppData\Local\Temp\ccyFufrK.s:77     .text._Z10ReadStringPKcS0_S0_Pcm:00000000 $t
C:\Users\kreyl\AppData\Local\Temp\ccyFufrK.s:82     .text._Z10ReadStringPKcS0_S0_Pcm:00000000 _Z10ReadStringPKcS0_S0_Pcm
C:\Users\kreyl\AppData\Local\Temp\ccyFufrK.s:273    .text._Z10ReadStringPKcS0_S0_Pcm:000001b8 $d
C:\Users\kreyl\AppData\Local\Temp\ccyFufrK.s:279    .text._Z9ReadInt32PKcS0_S0_Pl:00000000 $t
C:\Users\kreyl\AppData\Local\Temp\ccyFufrK.s:284    .text._Z9ReadInt32PKcS0_S0_Pl:00000000 _Z9ReadInt32PKcS0_S0_Pl
C:\Users\kreyl\AppData\Local\Temp\ccyFufrK.s:310    .bss.IBuf:00000000 IBuf
C:\Users\kreyl\AppData\Local\Temp\ccyFufrK.s:311    .bss.IBuf:00000000 $d

UNDEFINED SYMBOLS
strchr
f_open
klPrintf
f_close
strlen
f_gets
strncasecmp
strcpy
strtol
