   1              		.syntax unified
   2              		.cpu cortex-m3
   3              		.fpu softvfp
   4              		.eabi_attribute 20, 1
   5              		.eabi_attribute 21, 1
   6              		.eabi_attribute 23, 3
   7              		.eabi_attribute 24, 1
   8              		.eabi_attribute 25, 1
   9              		.eabi_attribute 26, 1
  10              		.eabi_attribute 30, 4
  11              		.eabi_attribute 18, 4
  12              		.thumb
  13              		.file	"ff.c"
  14              		.section	.text.check_fs,"ax",%progbits
  15              		.align	1
  16              		.thumb
  17              		.thumb_func
  19              	check_fs:
  20              		@ args = 0, pretend = 0, frame = 0
  21              		@ frame_needed = 0, uses_anonymous_args = 0
  22 0000 10B5     		push	{r4, lr}
  23 0002 0446     		mov	r4, r0
  24 0004 0A46     		mov	r2, r1
  25 0006 4078     		ldrb	r0, [r0, #1]	@ zero_extendqisi2
  26 0008 04F12401 		add	r1, r4, #36
  27 000c 0123     		movs	r3, #1
  28 000e FFF7FEFF 		bl	disk_read
  29 0012 80BB     		cbnz	r0, .L3
  30 0014 94F82232 		ldrb	r3, [r4, #546]	@ zero_extendqisi2
  31 0018 94F82322 		ldrb	r2, [r4, #547]	@ zero_extendqisi2
  32 001c 43EA0222 		orr	r2, r3, r2, lsl #8
  33 0020 174B     		ldr	r3, .L6
  34 0022 12B2     		sxth	r2, r2
  35 0024 9A42     		cmp	r2, r3
  36 0026 28D1     		bne	.L4
  37 0028 94F85C20 		ldrb	r2, [r4, #92]	@ zero_extendqisi2
  38 002c 94F85D30 		ldrb	r3, [r4, #93]	@ zero_extendqisi2
  39 0030 1204     		lsls	r2, r2, #16
  40 0032 42EA0362 		orr	r2, r2, r3, lsl #24
  41 0036 94F85A30 		ldrb	r3, [r4, #90]	@ zero_extendqisi2
  42 003a 1A43     		orrs	r2, r2, r3
  43 003c 94F85B30 		ldrb	r3, [r4, #91]	@ zero_extendqisi2
  44 0040 42EA0322 		orr	r2, r2, r3, lsl #8
  45 0044 0F4B     		ldr	r3, .L6+4
  46 0046 22F07F42 		bic	r2, r2, #-16777216
  47 004a 9A42     		cmp	r2, r3
  48 004c 16D0     		beq	.L2
  49 004e 94F87800 		ldrb	r0, [r4, #120]	@ zero_extendqisi2
  50 0052 94F87920 		ldrb	r2, [r4, #121]	@ zero_extendqisi2
  51 0056 0004     		lsls	r0, r0, #16
  52 0058 40EA0260 		orr	r0, r0, r2, lsl #24
  53 005c 94F87620 		ldrb	r2, [r4, #118]	@ zero_extendqisi2
  54 0060 1043     		orrs	r0, r0, r2
  55 0062 94F87720 		ldrb	r2, [r4, #119]	@ zero_extendqisi2
  56 0066 40EA0220 		orr	r0, r0, r2, lsl #8
  57 006a 20F07F40 		bic	r0, r0, #-16777216
  58 006e C01A     		subs	r0, r0, r3
  59 0070 18BF     		it	ne
  60 0072 0120     		movne	r0, #1
  61 0074 10BD     		pop	{r4, pc}
  62              	.L3:
  63 0076 0320     		movs	r0, #3
  64 0078 10BD     		pop	{r4, pc}
  65              	.L4:
  66 007a 0220     		movs	r0, #2
  67              	.L2:
  68 007c 10BD     		pop	{r4, pc}
  69              	.L7:
  70 007e 00BF     		.align	2
  71              	.L6:
  72 0080 55AAFFFF 		.word	-21931
  73 0084 46415400 		.word	5521734
  75              		.section	.text.move_window,"ax",%progbits
  76              		.align	1
  77              		.thumb
  78              		.thumb_func
  80              	move_window:
  81              		@ args = 0, pretend = 0, frame = 0
  82              		@ frame_needed = 0, uses_anonymous_args = 0
  83 0000 38B5     		push	{r3, r4, r5, lr}
  84 0002 036A     		ldr	r3, [r0, #32]
  85 0004 0546     		mov	r5, r0
  86 0006 8B42     		cmp	r3, r1
  87 0008 0C46     		mov	r4, r1
  88 000a 0CD0     		beq	.L11
  89 000c 69B1     		cbz	r1, .L12
  90 000e 4078     		ldrb	r0, [r0, #1]	@ zero_extendqisi2
  91 0010 05F12401 		add	r1, r5, #36
  92 0014 2246     		mov	r2, r4
  93 0016 0123     		movs	r3, #1
  94 0018 FFF7FEFF 		bl	disk_read
  95 001c 08B9     		cbnz	r0, .L13
  96 001e 2C62     		str	r4, [r5, #32]
  97 0020 38BD     		pop	{r3, r4, r5, pc}
  98              	.L13:
  99 0022 0120     		movs	r0, #1
 100 0024 38BD     		pop	{r3, r4, r5, pc}
 101              	.L11:
 102 0026 0020     		movs	r0, #0
 103 0028 38BD     		pop	{r3, r4, r5, pc}
 104              	.L12:
 105 002a 0846     		mov	r0, r1
 106 002c 38BD     		pop	{r3, r4, r5, pc}
 108              		.section	.text.clust2sect,"ax",%progbits
 109              		.align	1
 110              		.global	clust2sect
 111              		.thumb
 112              		.thumb_func
 114              	clust2sect:
 115              		@ args = 0, pretend = 0, frame = 0
 116              		@ frame_needed = 0, uses_anonymous_args = 0
 117              		@ link register save eliminated.
 118 0000 C368     		ldr	r3, [r0, #12]
 119 0002 0239     		subs	r1, r1, #2
 120 0004 023B     		subs	r3, r3, #2
 121 0006 9942     		cmp	r1, r3
 122 0008 3DBF     		ittte	cc
 123 000a 8278     		ldrbcc	r2, [r0, #2]	@ zero_extendqisi2
 124 000c C369     		ldrcc	r3, [r0, #28]
 125 000e 02FB0130 		mlacc	r0, r2, r1, r3
 126 0012 0020     		movcs	r0, #0
 127 0014 7047     		bx	lr
 129              		.section	.text.get_fat,"ax",%progbits
 130              		.align	1
 131              		.global	get_fat
 132              		.thumb
 133              		.thumb_func
 135              	get_fat:
 136              		@ args = 0, pretend = 0, frame = 0
 137              		@ frame_needed = 0, uses_anonymous_args = 0
 138 0000 0129     		cmp	r1, #1
 139 0002 F8B5     		push	{r3, r4, r5, r6, r7, lr}
 140 0004 0446     		mov	r4, r0
 141 0006 0D46     		mov	r5, r1
 142 0008 5BD9     		bls	.L24
 143 000a C368     		ldr	r3, [r0, #12]
 144 000c 9942     		cmp	r1, r3
 145 000e 5AD2     		bcs	.L25
 146 0010 0378     		ldrb	r3, [r0, #0]	@ zero_extendqisi2
 147 0012 022B     		cmp	r3, #2
 148 0014 28D0     		beq	.L21
 149 0016 032B     		cmp	r3, #3
 150 0018 36D0     		beq	.L22
 151 001a 012B     		cmp	r3, #1
 152 001c 4ED1     		bne	.L30
 153 001e 01EB5106 		add	r6, r1, r1, lsr #1
 154 0022 4169     		ldr	r1, [r0, #20]
 155 0024 01EB5621 		add	r1, r1, r6, lsr #9
 156 0028 FFF7FEFF 		bl	move_window
 157 002c 0028     		cmp	r0, #0
 158 002e 45D1     		bne	.L30
 159 0030 6169     		ldr	r1, [r4, #20]
 160 0032 F305     		lsls	r3, r6, #23
 161 0034 0136     		adds	r6, r6, #1
 162 0036 04EBD353 		add	r3, r4, r3, lsr #23
 163 003a 01EB5621 		add	r1, r1, r6, lsr #9
 164 003e 2046     		mov	r0, r4
 165 0040 93F82470 		ldrb	r7, [r3, #36]	@ zero_extendqisi2
 166 0044 FFF7FEFF 		bl	move_window
 167 0048 0028     		cmp	r0, #0
 168 004a 37D1     		bne	.L30
 169 004c F605     		lsls	r6, r6, #23
 170 004e 04EBD654 		add	r4, r4, r6, lsr #23
 171 0052 94F82400 		ldrb	r0, [r4, #36]	@ zero_extendqisi2
 172 0056 EB07     		lsls	r3, r5, #31
 173 0058 47EA0020 		orr	r0, r7, r0, lsl #8
 174 005c 01D5     		bpl	.L23
 175 005e 0009     		lsrs	r0, r0, #4
 176 0060 F8BD     		pop	{r3, r4, r5, r6, r7, pc}
 177              	.L23:
 178 0062 0005     		lsls	r0, r0, #20
 179 0064 000D     		lsrs	r0, r0, #20
 180 0066 F8BD     		pop	{r3, r4, r5, r6, r7, pc}
 181              	.L21:
 182 0068 4169     		ldr	r1, [r0, #20]
 183 006a 01EB1521 		add	r1, r1, r5, lsr #8
 184 006e FFF7FEFF 		bl	move_window
 185 0072 18BB     		cbnz	r0, .L30
 186 0074 2D06     		lsls	r5, r5, #24
 187 0076 04EBD554 		add	r4, r4, r5, lsr #23
 188 007a 94F82500 		ldrb	r0, [r4, #37]	@ zero_extendqisi2
 189 007e 94F82430 		ldrb	r3, [r4, #36]	@ zero_extendqisi2
 190 0082 43EA0020 		orr	r0, r3, r0, lsl #8
 191 0086 F8BD     		pop	{r3, r4, r5, r6, r7, pc}
 192              	.L22:
 193 0088 4169     		ldr	r1, [r0, #20]
 194 008a 01EBD511 		add	r1, r1, r5, lsr #7
 195 008e FFF7FEFF 		bl	move_window
 196 0092 98B9     		cbnz	r0, .L30
 197 0094 6D06     		lsls	r5, r5, #25
 198 0096 04EBD554 		add	r4, r4, r5, lsr #23
 199 009a 94F82600 		ldrb	r0, [r4, #38]	@ zero_extendqisi2
 200 009e 94F82730 		ldrb	r3, [r4, #39]	@ zero_extendqisi2
 201 00a2 0004     		lsls	r0, r0, #16
 202 00a4 40EA0360 		orr	r0, r0, r3, lsl #24
 203 00a8 94F82430 		ldrb	r3, [r4, #36]	@ zero_extendqisi2
 204 00ac 94F82570 		ldrb	r7, [r4, #37]	@ zero_extendqisi2
 205 00b0 1843     		orrs	r0, r0, r3
 206 00b2 40EA0720 		orr	r0, r0, r7, lsl #8
 207 00b6 20F07040 		bic	r0, r0, #-268435456
 208 00ba F8BD     		pop	{r3, r4, r5, r6, r7, pc}
 209              	.L30:
 210 00bc 4FF0FF30 		mov	r0, #-1
 211 00c0 F8BD     		pop	{r3, r4, r5, r6, r7, pc}
 212              	.L24:
 213 00c2 0120     		movs	r0, #1
 214 00c4 F8BD     		pop	{r3, r4, r5, r6, r7, pc}
 215              	.L25:
 216 00c6 0120     		movs	r0, #1
 217 00c8 F8BD     		pop	{r3, r4, r5, r6, r7, pc}
 219              		.section	.text.dir_sdi.constprop.6,"ax",%progbits
 220              		.align	1
 221              		.thumb
 222              		.thumb_func
 224              	dir_sdi.constprop.6:
 225              		@ args = 0, pretend = 0, frame = 0
 226              		@ frame_needed = 0, uses_anonymous_args = 0
 227 0000 8168     		ldr	r1, [r0, #8]
 228 0002 38B5     		push	{r3, r4, r5, lr}
 229 0004 0023     		movs	r3, #0
 230 0006 0129     		cmp	r1, #1
 231 0008 0446     		mov	r4, r0
 232 000a C380     		strh	r3, [r0, #6]	@ movhi
 233 000c 2AD0     		beq	.L43
 234 000e 0568     		ldr	r5, [r0, #0]
 235 0010 EB68     		ldr	r3, [r5, #12]
 236 0012 9942     		cmp	r1, r3
 237 0014 26D2     		bcs	.L43
 238 0016 59B9     		cbnz	r1, .L34
 239 0018 2B78     		ldrb	r3, [r5, #0]	@ zero_extendqisi2
 240 001a 032B     		cmp	r3, #3
 241 001c 01D1     		bne	.L35
 242 001e A969     		ldr	r1, [r5, #24]
 243 0020 31B9     		cbnz	r1, .L34
 244              	.L35:
 245 0022 0023     		movs	r3, #0
 246 0024 E360     		str	r3, [r4, #12]
 247 0026 2B89     		ldrh	r3, [r5, #8]
 248 0028 E3B1     		cbz	r3, .L43
 249 002a AB69     		ldr	r3, [r5, #24]
 250 002c 2361     		str	r3, [r4, #16]
 251 002e 13E0     		b	.L36
 252              	.L34:
 253 0030 AB78     		ldrb	r3, [r5, #2]	@ zero_extendqisi2
 254 0032 63B9     		cbnz	r3, .L37
 255              	.L45:
 256 0034 2068     		ldr	r0, [r4, #0]
 257 0036 FFF7FEFF 		bl	get_fat
 258 003a 421C     		adds	r2, r0, #1
 259 003c 0146     		mov	r1, r0
 260 003e 0FD0     		beq	.L42
 261 0040 0128     		cmp	r0, #1
 262 0042 0FD9     		bls	.L43
 263 0044 2368     		ldr	r3, [r4, #0]
 264 0046 DB68     		ldr	r3, [r3, #12]
 265 0048 9842     		cmp	r0, r3
 266 004a F3D3     		bcc	.L45
 267 004c 0CE0     		b	.L46
 268              	.L37:
 269 004e E160     		str	r1, [r4, #12]
 270 0050 2846     		mov	r0, r5
 271 0052 FFF7FEFF 		bl	clust2sect
 272 0056 2061     		str	r0, [r4, #16]
 273              	.L36:
 274 0058 2435     		adds	r5, r5, #36
 275 005a 6561     		str	r5, [r4, #20]
 276 005c 0020     		movs	r0, #0
 277 005e 38BD     		pop	{r3, r4, r5, pc}
 278              	.L42:
 279 0060 0120     		movs	r0, #1
 280 0062 38BD     		pop	{r3, r4, r5, pc}
 281              	.L43:
 282 0064 0220     		movs	r0, #2
 283 0066 38BD     		pop	{r3, r4, r5, pc}
 284              	.L46:
 285 0068 0220     		movs	r0, #2
 286 006a 38BD     		pop	{r3, r4, r5, pc}
 288              		.section	.text.f_mount,"ax",%progbits
 289              		.align	1
 290              		.global	f_mount
 291              		.thumb
 292              		.thumb_func
 294              	f_mount:
 295              		@ args = 0, pretend = 0, frame = 0
 296              		@ frame_needed = 0, uses_anonymous_args = 0
 297              		@ link register save eliminated.
 298 0000 48B9     		cbnz	r0, .L51
 299 0002 064A     		ldr	r2, .L52
 300 0004 1368     		ldr	r3, [r2, #0]
 301 0006 03B1     		cbz	r3, .L49
 302 0008 1870     		strb	r0, [r3, #0]
 303              	.L49:
 304 000a 09B1     		cbz	r1, .L50
 305 000c 0023     		movs	r3, #0
 306 000e 0B70     		strb	r3, [r1, #0]
 307              	.L50:
 308 0010 1160     		str	r1, [r2, #0]
 309 0012 0020     		movs	r0, #0
 310 0014 7047     		bx	lr
 311              	.L51:
 312 0016 0B20     		movs	r0, #11
 313 0018 7047     		bx	lr
 314              	.L53:
 315 001a 00BF     		.align	2
 316              	.L52:
 317 001c 00000000 		.word	.LANCHOR0
 319              		.section	.text.f_open,"ax",%progbits
 320              		.align	1
 321              		.global	f_open
 322              		.thumb
 323              		.thumb_func
 325              	f_open:
 326              		@ args = 0, pretend = 0, frame = 40
 327              		@ frame_needed = 0, uses_anonymous_args = 0
 328 0000 2DE9F04F 		push	{r4, r5, r6, r7, r8, r9, sl, fp, lr}
 329 0004 0023     		movs	r3, #0
 330 0006 0360     		str	r3, [r0, #0]
 331 0008 0B78     		ldrb	r3, [r1, #0]	@ zero_extendqisi2
 332 000a 8BB0     		sub	sp, sp, #44
 333 000c 303B     		subs	r3, r3, #48
 334 000e 092B     		cmp	r3, #9
 335 0010 0546     		mov	r5, r0
 336 0012 0C46     		mov	r4, r1
 337 0014 9046     		mov	r8, r2
 338 0016 07D8     		bhi	.L55
 339 0018 4A78     		ldrb	r2, [r1, #1]	@ zero_extendqisi2
 340 001a 3A2A     		cmp	r2, #58
 341 001c 04D1     		bne	.L55
 342 001e 8C1C     		adds	r4, r1, #2
 343 0020 0B20     		movs	r0, #11
 344 0022 002B     		cmp	r3, #0
 345 0024 40F0F480 		bne	.L56
 346              	.L55:
 347 0028 B54B     		ldr	r3, .L141
 348 002a 0C20     		movs	r0, #12
 349 002c 1E68     		ldr	r6, [r3, #0]
 350 002e 0096     		str	r6, [sp, #0]
 351 0030 002E     		cmp	r6, #0
 352 0032 00F0ED80 		beq	.L56
 353 0036 3378     		ldrb	r3, [r6, #0]	@ zero_extendqisi2
 354 0038 33B1     		cbz	r3, .L57
 355 003a 7078     		ldrb	r0, [r6, #1]	@ zero_extendqisi2
 356 003c FFF7FEFF 		bl	disk_status
 357 0040 10F00100 		ands	r0, r0, #1
 358 0044 00F0E480 		beq	.L56
 359              	.L57:
 360 0048 0020     		movs	r0, #0
 361 004a 3070     		strb	r0, [r6, #0]
 362 004c 7070     		strb	r0, [r6, #1]
 363 004e FFF7FEFF 		bl	disk_initialize
 364 0052 10F00107 		ands	r7, r0, #1
 365 0056 40F0D680 		bne	.L102
 366 005a 3046     		mov	r0, r6
 367 005c 3946     		mov	r1, r7
 368 005e FFF7FEFF 		bl	check_fs
 369 0062 0128     		cmp	r0, #1
 370 0064 16D1     		bne	.L58
 371 0066 96F8E631 		ldrb	r3, [r6, #486]	@ zero_extendqisi2
 372 006a 002B     		cmp	r3, #0
 373 006c 00F0CF80 		beq	.L119
 374 0070 96F8EC71 		ldrb	r7, [r6, #492]	@ zero_extendqisi2
 375 0074 96F8ED31 		ldrb	r3, [r6, #493]	@ zero_extendqisi2
 376 0078 3F04     		lsls	r7, r7, #16
 377 007a 47EA0367 		orr	r7, r7, r3, lsl #24
 378 007e 96F8EA31 		ldrb	r3, [r6, #490]	@ zero_extendqisi2
 379 0082 3046     		mov	r0, r6
 380 0084 1F43     		orrs	r7, r7, r3
 381 0086 96F8EB31 		ldrb	r3, [r6, #491]	@ zero_extendqisi2
 382 008a 47EA0327 		orr	r7, r7, r3, lsl #8
 383 008e 3946     		mov	r1, r7
 384 0090 FFF7FEFF 		bl	check_fs
 385              	.L58:
 386 0094 0328     		cmp	r0, #3
 387 0096 00F0B880 		beq	.L105
 388 009a 0028     		cmp	r0, #0
 389 009c 40F0B780 		bne	.L119
 390 00a0 96F83020 		ldrb	r2, [r6, #48]	@ zero_extendqisi2
 391 00a4 96F82F30 		ldrb	r3, [r6, #47]	@ zero_extendqisi2
 392 00a8 43EA0223 		orr	r3, r3, r2, lsl #8
 393 00ac B3F5007F 		cmp	r3, #512
 394 00b0 40F0AD80 		bne	.L119
 395 00b4 96F83B00 		ldrb	r0, [r6, #59]	@ zero_extendqisi2
 396 00b8 96F83A30 		ldrb	r3, [r6, #58]	@ zero_extendqisi2
 397 00bc 53EA0020 		orrs	r0, r3, r0, lsl #8
 398 00c0 0DD1     		bne	.L59
 399 00c2 96F84A00 		ldrb	r0, [r6, #74]	@ zero_extendqisi2
 400 00c6 96F84B30 		ldrb	r3, [r6, #75]	@ zero_extendqisi2
 401 00ca 0004     		lsls	r0, r0, #16
 402 00cc 40EA0360 		orr	r0, r0, r3, lsl #24
 403 00d0 96F84830 		ldrb	r3, [r6, #72]	@ zero_extendqisi2
 404 00d4 1843     		orrs	r0, r0, r3
 405 00d6 96F84930 		ldrb	r3, [r6, #73]	@ zero_extendqisi2
 406 00da 40EA0320 		orr	r0, r0, r3, lsl #8
 407              	.L59:
 408 00de 96F83490 		ldrb	r9, [r6, #52]	@ zero_extendqisi2
 409 00e2 3061     		str	r0, [r6, #16]
 410 00e4 09F1FF33 		add	r3, r9, #-1
 411 00e8 DBB2     		uxtb	r3, r3
 412 00ea 012B     		cmp	r3, #1
 413 00ec 86F80390 		strb	r9, [r6, #3]
 414 00f0 00F28D80 		bhi	.L119
 415 00f4 96F83110 		ldrb	r1, [r6, #49]	@ zero_extendqisi2
 416 00f8 B170     		strb	r1, [r6, #2]
 417 00fa 0029     		cmp	r1, #0
 418 00fc 00F08780 		beq	.L119
 419 0100 4B1E     		subs	r3, r1, #1
 420 0102 0B42     		tst	r3, r1
 421 0104 40F08380 		bne	.L119
 422 0108 96F83530 		ldrb	r3, [r6, #53]	@ zero_extendqisi2
 423 010c 96F83620 		ldrb	r2, [r6, #54]	@ zero_extendqisi2
 424 0110 43EA0222 		orr	r2, r3, r2, lsl #8
 425 0114 1307     		lsls	r3, r2, #28
 426 0116 3281     		strh	r2, [r6, #8]	@ movhi
 427 0118 79D1     		bne	.L119
 428 011a 96F838C0 		ldrb	ip, [r6, #56]	@ zero_extendqisi2
 429 011e 96F83730 		ldrb	r3, [r6, #55]	@ zero_extendqisi2
 430 0122 53EA0C23 		orrs	r3, r3, ip, lsl #8
 431 0126 0ED1     		bne	.L60
 432 0128 96F84630 		ldrb	r3, [r6, #70]	@ zero_extendqisi2
 433 012c 96F847C0 		ldrb	ip, [r6, #71]	@ zero_extendqisi2
 434 0130 1B04     		lsls	r3, r3, #16
 435 0132 43EA0C63 		orr	r3, r3, ip, lsl #24
 436 0136 96F844C0 		ldrb	ip, [r6, #68]	@ zero_extendqisi2
 437 013a 43EA0C03 		orr	r3, r3, ip
 438 013e 96F845C0 		ldrb	ip, [r6, #69]	@ zero_extendqisi2
 439 0142 43EA0C23 		orr	r3, r3, ip, lsl #8
 440              	.L60:
 441 0146 96F833A0 		ldrb	sl, [r6, #51]	@ zero_extendqisi2
 442 014a 96F832C0 		ldrb	ip, [r6, #50]	@ zero_extendqisi2
 443 014e 5CEA0A2A 		orrs	sl, ip, sl, lsl #8
 444 0152 5CD0     		beq	.L119
 445 0154 09FB00F9 		mul	r9, r9, r0
 446 0158 0AEB121C 		add	ip, sl, r2, lsr #4
 447 015c CC44     		add	ip, ip, r9
 448 015e 6345     		cmp	r3, ip
 449 0160 55D3     		bcc	.L119
 450 0162 CCEB0303 		rsb	r3, ip, r3
 451 0166 B3FBF1F3 		udiv	r3, r3, r1
 452 016a 002B     		cmp	r3, #0
 453 016c 4FD0     		beq	.L119
 454 016e 40F6F571 		movw	r1, #4085
 455 0172 8B42     		cmp	r3, r1
 456 0174 98BF     		it	ls
 457 0176 4FF0010B 		movls	fp, #1
 458 017a 07D9     		bls	.L62
 459 017c 4FF6F57B 		movw	fp, #65525
 460 0180 5B45     		cmp	r3, fp
 461 0182 8CBF     		ite	hi
 462 0184 4FF0030B 		movhi	fp, #3
 463 0188 4FF0020B 		movls	fp, #2
 464              	.L62:
 465 018c 0233     		adds	r3, r3, #2
 466 018e 0CEB0701 		add	r1, ip, r7
 467 0192 BBF1030F 		cmp	fp, #3
 468 0196 5744     		add	r7, r7, sl
 469 0198 F360     		str	r3, [r6, #12]
 470 019a F161     		str	r1, [r6, #28]
 471 019c 7761     		str	r7, [r6, #20]
 472 019e 12D1     		bne	.L63
 473 01a0 002A     		cmp	r2, #0
 474 01a2 34D1     		bne	.L119
 475 01a4 96F85220 		ldrb	r2, [r6, #82]	@ zero_extendqisi2
 476 01a8 96F85310 		ldrb	r1, [r6, #83]	@ zero_extendqisi2
 477 01ac 1204     		lsls	r2, r2, #16
 478 01ae 42EA0162 		orr	r2, r2, r1, lsl #24
 479 01b2 96F85010 		ldrb	r1, [r6, #80]	@ zero_extendqisi2
 480 01b6 9B00     		lsls	r3, r3, #2
 481 01b8 0A43     		orrs	r2, r2, r1
 482 01ba 96F85110 		ldrb	r1, [r6, #81]	@ zero_extendqisi2
 483 01be 42EA0122 		orr	r2, r2, r1, lsl #8
 484 01c2 B261     		str	r2, [r6, #24]
 485 01c4 0DE0     		b	.L64
 486              	.L63:
 487 01c6 12B3     		cbz	r2, .L119
 488 01c8 4F44     		add	r7, r9, r7
 489 01ca BBF1020F 		cmp	fp, #2
 490 01ce B761     		str	r7, [r6, #24]
 491 01d0 01D1     		bne	.L65
 492 01d2 5B00     		lsls	r3, r3, #1
 493 01d4 05E0     		b	.L64
 494              	.L65:
 495 01d6 0322     		movs	r2, #3
 496 01d8 5A43     		muls	r2, r3, r2
 497 01da 03F00103 		and	r3, r3, #1
 498 01de 03EB5203 		add	r3, r3, r2, lsr #1
 499              	.L64:
 500 01e2 03F5FE73 		add	r3, r3, #508
 501 01e6 0333     		adds	r3, r3, #3
 502 01e8 B0EB532F 		cmp	r0, r3, lsr #9
 503 01ec 0FD3     		bcc	.L119
 504 01ee 454A     		ldr	r2, .L141+4
 505 01f0 0020     		movs	r0, #0
 506 01f2 1388     		ldrh	r3, [r2, #0]
 507 01f4 86F800B0 		strb	fp, [r6, #0]
 508 01f8 0133     		adds	r3, r3, #1
 509 01fa 9BB2     		uxth	r3, r3
 510 01fc 1380     		strh	r3, [r2, #0]	@ movhi
 511 01fe F380     		strh	r3, [r6, #6]	@ movhi
 512 0200 3062     		str	r0, [r6, #32]
 513 0202 3071     		strb	r0, [r6, #4]
 514 0204 04E0     		b	.L56
 515              	.L102:
 516 0206 0320     		movs	r0, #3
 517 0208 02E0     		b	.L56
 518              	.L105:
 519 020a 0120     		movs	r0, #1
 520 020c 00E0     		b	.L56
 521              	.L119:
 522 020e 0D20     		movs	r0, #13
 523              	.L56:
 524 0210 07AB     		add	r3, sp, #28
 525 0212 0693     		str	r3, [sp, #24]
 526 0214 0028     		cmp	r0, #0
 527 0216 40F02881 		bne	.L66
 528 021a 2378     		ldrb	r3, [r4, #0]	@ zero_extendqisi2
 529 021c A3F12F00 		sub	r0, r3, #47
 530 0220 4242     		rsbs	r2, r0, #0
 531 0222 42EB0002 		adc	r2, r2, r0
 532 0226 5C2B     		cmp	r3, #92
 533 0228 14BF     		ite	ne
 534 022a 1346     		movne	r3, r2
 535 022c 42F00103 		orreq	r3, r2, #1
 536 0230 03B1     		cbz	r3, .L67
 537 0232 0134     		adds	r4, r4, #1
 538              	.L67:
 539 0234 2378     		ldrb	r3, [r4, #0]	@ zero_extendqisi2
 540 0236 0026     		movs	r6, #0
 541 0238 1F2B     		cmp	r3, #31
 542 023a 0296     		str	r6, [sp, #8]
 543 023c 88BF     		it	hi
 544 023e DFF8C890 		ldrhi	r9, .L141+8
 545 0242 04D8     		bhi	.L71
 546 0244 6846     		mov	r0, sp
 547 0246 FFF7FEFF 		bl	dir_sdi.constprop.6
 548 024a 0596     		str	r6, [sp, #20]
 549 024c 0DE1     		b	.L66
 550              	.L71:
 551 024e 2378     		ldrb	r3, [r4, #0]	@ zero_extendqisi2
 552 0250 2746     		mov	r7, r4
 553 0252 A3F12F01 		sub	r1, r3, #47
 554 0256 0134     		adds	r4, r4, #1
 555 0258 4A42     		rsbs	r2, r1, #0
 556 025a 42EB0102 		adc	r2, r2, r1
 557 025e 5C2B     		cmp	r3, #92
 558 0260 14BF     		ite	ne
 559 0262 1346     		movne	r3, r2
 560 0264 42F00103 		orreq	r3, r2, #1
 561 0268 002B     		cmp	r3, #0
 562 026a F0D1     		bne	.L71
 563 026c 0698     		ldr	r0, [sp, #24]
 564 026e 2022     		movs	r2, #32
 565              	.L72:
 566 0270 C254     		strb	r2, [r0, r3]
 567 0272 0133     		adds	r3, r3, #1
 568 0274 0B2B     		cmp	r3, #11
 569 0276 FBD1     		bne	.L72
 570 0278 0021     		movs	r1, #0
 571 027a 0C46     		mov	r4, r1
 572 027c 0826     		movs	r6, #8
 573 027e 0A46     		mov	r2, r1
 574              	.L138:
 575 0280 3B5D     		ldrb	r3, [r7, r4]	@ zero_extendqisi2
 576 0282 0134     		adds	r4, r4, #1
 577 0284 202B     		cmp	r3, #32
 578 0286 8CBF     		ite	hi
 579 0288 4FF0000C 		movhi	ip, #0
 580 028c 4FF0010C 		movls	ip, #1
 581 0290 2F2B     		cmp	r3, #47
 582 0292 08BF     		it	eq
 583 0294 4CF0010C 		orreq	ip, ip, #1
 584 0298 BCF1000F 		cmp	ip, #0
 585 029c 50D1     		bne	.L74
 586 029e 5C2B     		cmp	r3, #92
 587 02a0 53D0     		beq	.L120
 588 02a2 B142     		cmp	r1, r6
 589 02a4 34BF     		ite	cc
 590 02a6 4FF0000C 		movcc	ip, #0
 591 02aa 4FF0010C 		movcs	ip, #1
 592 02ae 2E2B     		cmp	r3, #46
 593 02b0 08BF     		it	eq
 594 02b2 4CF0010C 		orreq	ip, ip, #1
 595 02b6 BCF1000F 		cmp	ip, #0
 596 02ba 0FD0     		beq	.L76
 597 02bc 083E     		subs	r6, r6, #8
 598 02be 18BF     		it	ne
 599 02c0 0126     		movne	r6, #1
 600 02c2 2E2B     		cmp	r3, #46
 601 02c4 0CBF     		ite	eq
 602 02c6 3346     		moveq	r3, r6
 603 02c8 46F00103 		orrne	r3, r6, #1
 604 02cc 002B     		cmp	r3, #0
 605 02ce 40F0C980 		bne	.L123
 606 02d2 9200     		lsls	r2, r2, #2
 607 02d4 D2B2     		uxtb	r2, r2
 608 02d6 0821     		movs	r1, #8
 609 02d8 0B26     		movs	r6, #11
 610 02da D1E7     		b	.L138
 611              	.L76:
 612 02dc 13F0800F 		tst	r3, #128
 613 02e0 04D0     		beq	.L78
 614 02e2 803B     		subs	r3, r3, #128
 615 02e4 19F80330 		ldrb	r3, [r9, r3]	@ zero_extendqisi2
 616 02e8 42F00302 		orr	r2, r2, #3
 617              	.L78:
 618 02ec DFF81CC0 		ldr	ip, .L141+12
 619              	.L80:
 620 02f0 1CF801AB 		ldrb	sl, [ip], #1	@ zero_extendqisi2
 621 02f4 BAF1000F 		cmp	sl, #0
 622 02f8 0AD0     		beq	.L79
 623 02fa 9A45     		cmp	sl, r3
 624 02fc F8D1     		bne	.L80
 625 02fe B1E0     		b	.L123
 626              	.L142:
 627              		.align	2
 628              	.L141:
 629 0300 00000000 		.word	.LANCHOR0
 630 0304 00000000 		.word	.LANCHOR1
 631 0308 00000000 		.word	.LANCHOR2
 632 030c 00000000 		.word	.LC0
 633              	.L79:
 634 0310 A3F1410C 		sub	ip, r3, #65
 635 0314 5FFA8CFC 		uxtb	ip, ip
 636 0318 BCF1190F 		cmp	ip, #25
 637 031c 98BF     		it	ls
 638 031e 42F00202 		orrls	r2, r2, #2
 639 0322 0AD9     		bls	.L82
 640 0324 A3F1610C 		sub	ip, r3, #97
 641 0328 5FFA8CFC 		uxtb	ip, ip
 642 032c BCF1190F 		cmp	ip, #25
 643 0330 03D8     		bhi	.L82
 644 0332 203B     		subs	r3, r3, #32
 645 0334 42F00102 		orr	r2, r2, #1
 646 0338 DBB2     		uxtb	r3, r3
 647              	.L82:
 648 033a 4354     		strb	r3, [r0, r1]
 649 033c 0131     		adds	r1, r1, #1
 650 033e 9FE7     		b	.L138
 651              	.L74:
 652 0340 202B     		cmp	r3, #32
 653 0342 94BF     		ite	ls
 654 0344 0423     		movls	r3, #4
 655 0346 0023     		movhi	r3, #0
 656 0348 00E0     		b	.L75
 657              	.L120:
 658 034a 6346     		mov	r3, ip
 659              	.L75:
 660 034c 0029     		cmp	r1, #0
 661 034e 00F08980 		beq	.L123
 662 0352 0178     		ldrb	r1, [r0, #0]	@ zero_extendqisi2
 663 0354 E529     		cmp	r1, #229
 664 0356 01D1     		bne	.L83
 665 0358 0521     		movs	r1, #5
 666 035a 0170     		strb	r1, [r0, #0]
 667              	.L83:
 668 035c 082E     		cmp	r6, #8
 669 035e 01D1     		bne	.L84
 670 0360 9200     		lsls	r2, r2, #2
 671 0362 D2B2     		uxtb	r2, r2
 672              	.L84:
 673 0364 02F00301 		and	r1, r2, #3
 674 0368 0129     		cmp	r1, #1
 675 036a 02F00C02 		and	r2, r2, #12
 676 036e 08BF     		it	eq
 677 0370 43F01003 		orreq	r3, r3, #16
 678 0374 042A     		cmp	r2, #4
 679 0376 08BF     		it	eq
 680 0378 43F00803 		orreq	r3, r3, #8
 681 037c C372     		strb	r3, [r0, #11]
 682 037e 6846     		mov	r0, sp
 683 0380 FFF7FEFF 		bl	dir_sdi.constprop.6
 684 0384 0028     		cmp	r0, #0
 685 0386 4FD1     		bne	.L87
 686              	.L139:
 687 0388 0098     		ldr	r0, [sp, #0]
 688 038a 0499     		ldr	r1, [sp, #16]
 689 038c FFF7FEFF 		bl	move_window
 690 0390 0028     		cmp	r0, #0
 691 0392 49D1     		bne	.L87
 692 0394 059A     		ldr	r2, [sp, #20]
 693 0396 1378     		ldrb	r3, [r2, #0]	@ zero_extendqisi2
 694 0398 002B     		cmp	r3, #0
 695 039a 44D0     		beq	.L124
 696 039c D37A     		ldrb	r3, [r2, #11]	@ zero_extendqisi2
 697 039e 1E07     		lsls	r6, r3, #28
 698 03a0 5CBF     		itt	pl
 699 03a2 0699     		ldrpl	r1, [sp, #24]
 700 03a4 0346     		movpl	r3, r0
 701 03a6 02D5     		bpl	.L89
 702 03a8 07E0     		b	.L88
 703              	.L90:
 704 03aa 0B2B     		cmp	r3, #11
 705 03ac 3CD0     		beq	.L87
 706              	.L89:
 707 03ae 12F803C0 		ldrb	ip, [r2, r3]	@ zero_extendqisi2
 708 03b2 CE5C     		ldrb	r6, [r1, r3]	@ zero_extendqisi2
 709 03b4 0133     		adds	r3, r3, #1
 710 03b6 B445     		cmp	ip, r6
 711 03b8 F7D0     		beq	.L90
 712              	.L88:
 713 03ba BDF80660 		ldrh	r6, [sp, #6]
 714 03be 0136     		adds	r6, r6, #1
 715 03c0 B6B2     		uxth	r6, r6
 716 03c2 002E     		cmp	r6, #0
 717 03c4 2FD0     		beq	.L124
 718 03c6 049B     		ldr	r3, [sp, #16]
 719 03c8 002B     		cmp	r3, #0
 720 03ca 2CD0     		beq	.L124
 721 03cc 3107     		lsls	r1, r6, #28
 722 03ce 1CD1     		bne	.L92
 723 03d0 0399     		ldr	r1, [sp, #12]
 724 03d2 0133     		adds	r3, r3, #1
 725 03d4 0493     		str	r3, [sp, #16]
 726 03d6 0098     		ldr	r0, [sp, #0]
 727 03d8 19B9     		cbnz	r1, .L93
 728 03da 0389     		ldrh	r3, [r0, #8]
 729 03dc B342     		cmp	r3, r6
 730 03de 22D9     		bls	.L124
 731 03e0 13E0     		b	.L92
 732              	.L93:
 733 03e2 8378     		ldrb	r3, [r0, #2]	@ zero_extendqisi2
 734 03e4 013B     		subs	r3, r3, #1
 735 03e6 13EA1613 		ands	r3, r3, r6, lsr #4
 736 03ea 0ED1     		bne	.L92
 737 03ec FFF7FEFF 		bl	get_fat
 738 03f0 0128     		cmp	r0, #1
 739 03f2 0146     		mov	r1, r0
 740 03f4 13D9     		bls	.L128
 741 03f6 421C     		adds	r2, r0, #1
 742 03f8 13D0     		beq	.L129
 743 03fa 0098     		ldr	r0, [sp, #0]
 744 03fc C368     		ldr	r3, [r0, #12]
 745 03fe 9942     		cmp	r1, r3
 746 0400 11D2     		bcs	.L124
 747 0402 0391     		str	r1, [sp, #12]
 748 0404 FFF7FEFF 		bl	clust2sect
 749 0408 0490     		str	r0, [sp, #16]
 750              	.L92:
 751 040a 009B     		ldr	r3, [sp, #0]
 752 040c ADF80660 		strh	r6, [sp, #6]	@ movhi
 753 0410 2433     		adds	r3, r3, #36
 754 0412 06F00F06 		and	r6, r6, #15
 755 0416 03EB4616 		add	r6, r3, r6, lsl #5
 756 041a 0596     		str	r6, [sp, #20]
 757 041c B4E7     		b	.L139
 758              	.L128:
 759 041e 0220     		movs	r0, #2
 760 0420 02E0     		b	.L87
 761              	.L129:
 762 0422 0120     		movs	r0, #1
 763 0424 00E0     		b	.L87
 764              	.L124:
 765 0426 0420     		movs	r0, #4
 766              	.L87:
 767 0428 069B     		ldr	r3, [sp, #24]
 768 042a DB7A     		ldrb	r3, [r3, #11]	@ zero_extendqisi2
 769 042c 38B1     		cbz	r0, .L95
 770 042e 0428     		cmp	r0, #4
 771 0430 1BD1     		bne	.L66
 772 0432 13F0040F 		tst	r3, #4
 773 0436 14BF     		ite	ne
 774 0438 0420     		movne	r0, #4
 775 043a 0520     		moveq	r0, #5
 776 043c 15E0     		b	.L66
 777              	.L95:
 778 043e 5B07     		lsls	r3, r3, #29
 779 0440 13D4     		bmi	.L66
 780 0442 059B     		ldr	r3, [sp, #20]
 781 0444 DA7A     		ldrb	r2, [r3, #11]	@ zero_extendqisi2
 782 0446 D006     		lsls	r0, r2, #27
 783 0448 0ED5     		bpl	.L132
 784 044a 597D     		ldrb	r1, [r3, #21]	@ zero_extendqisi2
 785 044c 1A7D     		ldrb	r2, [r3, #20]	@ zero_extendqisi2
 786 044e 3C19     		adds	r4, r7, r4
 787 0450 42EA0122 		orr	r2, r2, r1, lsl #8
 788 0454 D97E     		ldrb	r1, [r3, #27]	@ zero_extendqisi2
 789 0456 9B7E     		ldrb	r3, [r3, #26]	@ zero_extendqisi2
 790 0458 43EA0123 		orr	r3, r3, r1, lsl #8
 791 045c 43EA0243 		orr	r3, r3, r2, lsl #16
 792 0460 0293     		str	r3, [sp, #8]
 793 0462 F4E6     		b	.L71
 794              	.L123:
 795 0464 0620     		movs	r0, #6
 796 0466 00E0     		b	.L66
 797              	.L132:
 798 0468 0520     		movs	r0, #5
 799              	.L66:
 800 046a 059B     		ldr	r3, [sp, #20]
 801 046c 30B9     		cbnz	r0, .L98
 802 046e 23B1     		cbz	r3, .L133
 803 0470 DA7A     		ldrb	r2, [r3, #11]	@ zero_extendqisi2
 804 0472 D106     		lsls	r1, r2, #27
 805 0474 05D5     		bpl	.L97
 806 0476 0420     		movs	r0, #4
 807 0478 00E0     		b	.L98
 808              	.L133:
 809 047a 0620     		movs	r0, #6
 810              	.L98:
 811 047c 0BB0     		add	sp, sp, #44
 812 047e BDE8F08F 		pop	{r4, r5, r6, r7, r8, r9, sl, fp, pc}
 813              	.L97:
 814 0482 08F00108 		and	r8, r8, #1
 815 0486 85F80680 		strb	r8, [r5, #6]
 816 048a 1A7D     		ldrb	r2, [r3, #20]	@ zero_extendqisi2
 817 048c 597D     		ldrb	r1, [r3, #21]	@ zero_extendqisi2
 818 048e DC7E     		ldrb	r4, [r3, #27]	@ zero_extendqisi2
 819 0490 42EA0121 		orr	r1, r2, r1, lsl #8
 820 0494 9A7E     		ldrb	r2, [r3, #26]	@ zero_extendqisi2
 821 0496 42EA0422 		orr	r2, r2, r4, lsl #8
 822 049a 42EA0142 		orr	r2, r2, r1, lsl #16
 823 049e 2A61     		str	r2, [r5, #16]
 824 04a0 9A7F     		ldrb	r2, [r3, #30]	@ zero_extendqisi2
 825 04a2 D97F     		ldrb	r1, [r3, #31]	@ zero_extendqisi2
 826 04a4 1204     		lsls	r2, r2, #16
 827 04a6 42EA0162 		orr	r2, r2, r1, lsl #24
 828 04aa 197F     		ldrb	r1, [r3, #28]	@ zero_extendqisi2
 829 04ac 5B7F     		ldrb	r3, [r3, #29]	@ zero_extendqisi2
 830 04ae 0A43     		orrs	r2, r2, r1
 831 04b0 42EA0323 		orr	r3, r2, r3, lsl #8
 832 04b4 EB60     		str	r3, [r5, #12]
 833 04b6 009B     		ldr	r3, [sp, #0]
 834 04b8 A860     		str	r0, [r5, #8]
 835 04ba 2B60     		str	r3, [r5, #0]
 836 04bc DB88     		ldrh	r3, [r3, #6]
 837 04be A861     		str	r0, [r5, #24]
 838 04c0 AB80     		strh	r3, [r5, #4]	@ movhi
 839 04c2 DBE7     		b	.L98
 841              		.section	.text.f_read,"ax",%progbits
 842              		.align	1
 843              		.global	f_read
 844              		.thumb
 845              		.thumb_func
 847              	f_read:
 848              		@ args = 0, pretend = 0, frame = 8
 849              		@ frame_needed = 0, uses_anonymous_args = 0
 850 0000 2DE9F74F 		push	{r0, r1, r2, r4, r5, r6, r7, r8, r9, sl, fp, lr}
 851 0004 9946     		mov	r9, r3
 852 0006 0023     		movs	r3, #0
 853 0008 C9F80030 		str	r3, [r9, #0]
 854 000c 0368     		ldr	r3, [r0, #0]
 855 000e 1646     		mov	r6, r2
 856 0010 0446     		mov	r4, r0
 857 0012 8846     		mov	r8, r1
 858 0014 8288     		ldrh	r2, [r0, #4]
 859 0016 63B1     		cbz	r3, .L166
 860 0018 1978     		ldrb	r1, [r3, #0]	@ zero_extendqisi2
 861 001a 51B1     		cbz	r1, .L166
 862 001c D988     		ldrh	r1, [r3, #6]
 863 001e 9142     		cmp	r1, r2
 864 0020 07D1     		bne	.L166
 865 0022 5878     		ldrb	r0, [r3, #1]	@ zero_extendqisi2
 866 0024 FFF7FEFF 		bl	disk_status
 867 0028 C307     		lsls	r3, r0, #31
 868 002a 40F18480 		bpl	.L145
 869 002e 0320     		movs	r0, #3
 870 0030 7FE0     		b	.L146
 871              	.L166:
 872 0032 0920     		movs	r0, #9
 873 0034 7DE0     		b	.L146
 874              	.L169:
 875 0036 D807     		lsls	r0, r3, #31
 876 0038 78D5     		bpl	.L167
 877 003a E568     		ldr	r5, [r4, #12]
 878 003c A368     		ldr	r3, [r4, #8]
 879 003e 04F11C02 		add	r2, r4, #28
 880 0042 ED1A     		subs	r5, r5, r3
 881 0044 AE42     		cmp	r6, r5
 882 0046 38BF     		it	cc
 883 0048 3546     		movcc	r5, r6
 884 004a 0192     		str	r2, [sp, #4]
 885 004c 6AE0     		b	.L147
 886              	.L162:
 887 004e A368     		ldr	r3, [r4, #8]
 888 0050 DA05     		lsls	r2, r3, #23
 889 0052 4AD1     		bne	.L148
 890 0054 2068     		ldr	r0, [r4, #0]
 891 0056 90F802B0 		ldrb	fp, [r0, #2]	@ zero_extendqisi2
 892 005a 0BF1FF3B 		add	fp, fp, #-1
 893 005e 0BEA532B 		and	fp, fp, r3, lsr #9
 894 0062 5FFA8BFB 		uxtb	fp, fp
 895 0066 BBF1000F 		cmp	fp, #0
 896 006a 0AD1     		bne	.L149
 897 006c 0BB9     		cbnz	r3, .L150
 898 006e 2069     		ldr	r0, [r4, #16]
 899 0070 02E0     		b	.L151
 900              	.L150:
 901 0072 6169     		ldr	r1, [r4, #20]
 902 0074 FFF7FEFF 		bl	get_fat
 903              	.L151:
 904 0078 0128     		cmp	r0, #1
 905 007a 09D9     		bls	.L171
 906              	.L152:
 907 007c 411C     		adds	r1, r0, #1
 908 007e 2DD0     		beq	.L170
 909              	.L153:
 910 0080 6061     		str	r0, [r4, #20]
 911              	.L149:
 912 0082 D4F800A0 		ldr	sl, [r4, #0]
 913 0086 6169     		ldr	r1, [r4, #20]
 914 0088 5046     		mov	r0, sl
 915 008a FFF7FEFF 		bl	clust2sect
 916 008e 20B9     		cbnz	r0, .L154
 917              	.L171:
 918 0090 A379     		ldrb	r3, [r4, #6]	@ zero_extendqisi2
 919 0092 63F07F03 		orn	r3, r3, #127
 920 0096 A371     		strb	r3, [r4, #6]
 921 0098 4AE0     		b	.L168
 922              	.L154:
 923 009a 6F0A     		lsrs	r7, r5, #9
 924 009c 00EB0B06 		add	r6, r0, fp
 925 00a0 11D0     		beq	.L155
 926 00a2 9AF80230 		ldrb	r3, [sl, #2]	@ zero_extendqisi2
 927 00a6 07EB0B02 		add	r2, r7, fp
 928 00aa 9A42     		cmp	r2, r3
 929 00ac 88BF     		it	hi
 930 00ae CBEB0307 		rsbhi	r7, fp, r3
 931 00b2 9AF80100 		ldrb	r0, [sl, #1]	@ zero_extendqisi2
 932 00b6 FBB2     		uxtb	r3, r7
 933 00b8 4146     		mov	r1, r8
 934 00ba 3246     		mov	r2, r6
 935 00bc FFF7FEFF 		bl	disk_read
 936 00c0 60B9     		cbnz	r0, .L170
 937              	.L157:
 938 00c2 7F02     		lsls	r7, r7, #9
 939 00c4 24E0     		b	.L158
 940              	.L155:
 941 00c6 A369     		ldr	r3, [r4, #24]
 942 00c8 B342     		cmp	r3, r6
 943 00ca 0DD0     		beq	.L159
 944 00cc 9AF80100 		ldrb	r0, [sl, #1]	@ zero_extendqisi2
 945 00d0 0199     		ldr	r1, [sp, #4]
 946 00d2 3246     		mov	r2, r6
 947 00d4 0123     		movs	r3, #1
 948 00d6 FFF7FEFF 		bl	disk_read
 949 00da 28B1     		cbz	r0, .L159
 950              	.L170:
 951 00dc A379     		ldrb	r3, [r4, #6]	@ zero_extendqisi2
 952 00de 0120     		movs	r0, #1
 953 00e0 63F07F03 		orn	r3, r3, #127
 954 00e4 A371     		strb	r3, [r4, #6]
 955 00e6 24E0     		b	.L146
 956              	.L159:
 957 00e8 A661     		str	r6, [r4, #24]
 958              	.L148:
 959 00ea A368     		ldr	r3, [r4, #8]
 960 00ec DB05     		lsls	r3, r3, #23
 961 00ee DB0D     		lsrs	r3, r3, #23
 962 00f0 C3F50077 		rsb	r7, r3, #512
 963 00f4 E318     		adds	r3, r4, r3
 964 00f6 03F11C02 		add	r2, r3, #28
 965 00fa BD42     		cmp	r5, r7
 966 00fc 38BF     		it	cc
 967 00fe 2F46     		movcc	r7, r5
 968 0100 0023     		movs	r3, #0
 969 0102 03E0     		b	.L160
 970              	.L161:
 971 0104 D15C     		ldrb	r1, [r2, r3]	@ zero_extendqisi2
 972 0106 08F80310 		strb	r1, [r8, r3]
 973 010a 0133     		adds	r3, r3, #1
 974              	.L160:
 975 010c BB42     		cmp	r3, r7
 976 010e F9D1     		bne	.L161
 977              	.L158:
 978 0110 A368     		ldr	r3, [r4, #8]
 979 0112 B844     		add	r8, r8, r7
 980 0114 DB19     		adds	r3, r3, r7
 981 0116 A360     		str	r3, [r4, #8]
 982 0118 D9F80030 		ldr	r3, [r9, #0]
 983 011c ED1B     		subs	r5, r5, r7
 984 011e DB19     		adds	r3, r3, r7
 985 0120 C9F80030 		str	r3, [r9, #0]
 986              	.L147:
 987 0124 002D     		cmp	r5, #0
 988 0126 92D1     		bne	.L162
 989 0128 2846     		mov	r0, r5
 990 012a 02E0     		b	.L146
 991              	.L167:
 992 012c 0720     		movs	r0, #7
 993 012e 00E0     		b	.L146
 994              	.L168:
 995 0130 0220     		movs	r0, #2
 996              	.L146:
 997 0132 BDE8FE8F 		pop	{r1, r2, r3, r4, r5, r6, r7, r8, r9, sl, fp, pc}
 998              	.L145:
 999 0136 A379     		ldrb	r3, [r4, #6]	@ zero_extendqisi2
 1000 0138 1A06     		lsls	r2, r3, #24
 1001 013a 7FF57CAF 		bpl	.L169
 1002 013e F7E7     		b	.L168
 1004              		.section	.text.f_close,"ax",%progbits
 1005              		.align	1
 1006              		.global	f_close
 1007              		.thumb
 1008              		.thumb_func
 1010              	f_close:
 1011              		@ args = 0, pretend = 0, frame = 0
 1012              		@ frame_needed = 0, uses_anonymous_args = 0
 1013 0000 0368     		ldr	r3, [r0, #0]
 1014 0002 10B5     		push	{r4, lr}
 1015 0004 8288     		ldrh	r2, [r0, #4]
 1016 0006 0446     		mov	r4, r0
 1017 0008 63B1     		cbz	r3, .L177
 1018 000a 1978     		ldrb	r1, [r3, #0]	@ zero_extendqisi2
 1019 000c 51B1     		cbz	r1, .L177
 1020 000e D988     		ldrh	r1, [r3, #6]
 1021 0010 9142     		cmp	r1, r2
 1022 0012 09D1     		bne	.L178
 1023 0014 5878     		ldrb	r0, [r3, #1]	@ zero_extendqisi2
 1024 0016 FFF7FEFF 		bl	disk_status
 1025 001a 10F00100 		ands	r0, r0, #1
 1026 001e 05D0     		beq	.L174
 1027 0020 0320     		movs	r0, #3
 1028 0022 10BD     		pop	{r4, pc}
 1029              	.L177:
 1030 0024 0920     		movs	r0, #9
 1031 0026 10BD     		pop	{r4, pc}
 1032              	.L178:
 1033 0028 0920     		movs	r0, #9
 1034 002a 10BD     		pop	{r4, pc}
 1035              	.L174:
 1036 002c 2060     		str	r0, [r4, #0]
 1037 002e 10BD     		pop	{r4, pc}
 1039              		.section	.text.f_gets,"ax",%progbits
 1040              		.align	1
 1041              		.global	f_gets
 1042              		.thumb
 1043              		.thumb_func
 1045              	f_gets:
 1046              		@ args = 0, pretend = 0, frame = 8
 1047              		@ frame_needed = 0, uses_anonymous_args = 0
 1048 0000 2DE9F341 		push	{r0, r1, r4, r5, r6, r7, r8, lr}
 1049 0004 0446     		mov	r4, r0
 1050 0006 1746     		mov	r7, r2
 1051 0008 0646     		mov	r6, r0
 1052 000a 0025     		movs	r5, #0
 1053 000c 01F1FF38 		add	r8, r1, #-1
 1054 0010 0FE0     		b	.L180
 1055              	.L182:
 1056 0012 0122     		movs	r2, #1
 1057 0014 6B46     		mov	r3, sp
 1058 0016 3846     		mov	r0, r7
 1059 0018 01A9     		add	r1, sp, #4
 1060 001a FFF7FEFF 		bl	f_read
 1061 001e 009B     		ldr	r3, [sp, #0]
 1062 0020 012B     		cmp	r3, #1
 1063 0022 08D1     		bne	.L181
 1064 0024 9DF80430 		ldrb	r3, [sp, #4]	@ zero_extendqisi2
 1065 0028 0135     		adds	r5, r5, #1
 1066 002a 0A2B     		cmp	r3, #10
 1067 002c 06F8013B 		strb	r3, [r6], #1
 1068 0030 01D0     		beq	.L181
 1069              	.L180:
 1070 0032 4545     		cmp	r5, r8
 1071 0034 EDDB     		blt	.L182
 1072              	.L181:
 1073 0036 0023     		movs	r3, #0
 1074 0038 9D42     		cmp	r5, r3
 1075 003a 08BF     		it	eq
 1076 003c 1C46     		moveq	r4, r3
 1077 003e 3370     		strb	r3, [r6, #0]
 1078 0040 2046     		mov	r0, r4
 1079 0042 BDE8FC81 		pop	{r2, r3, r4, r5, r6, r7, r8, pc}
 1081              		.section	.rodata.excvt.1614,"a",%progbits
 1082              		.set	.LANCHOR2,. + 0
 1085              	excvt.1614:
 1086 0000 80       		.byte	-128
 1087 0001 81       		.byte	-127
 1088 0002 82       		.byte	-126
 1089 0003 83       		.byte	-125
 1090 0004 84       		.byte	-124
 1091 0005 85       		.byte	-123
 1092 0006 86       		.byte	-122
 1093 0007 87       		.byte	-121
 1094 0008 88       		.byte	-120
 1095 0009 89       		.byte	-119
 1096 000a 8A       		.byte	-118
 1097 000b 8B       		.byte	-117
 1098 000c 8C       		.byte	-116
 1099 000d 8D       		.byte	-115
 1100 000e 8E       		.byte	-114
 1101 000f 8F       		.byte	-113
 1102 0010 90       		.byte	-112
 1103 0011 91       		.byte	-111
 1104 0012 92       		.byte	-110
 1105 0013 93       		.byte	-109
 1106 0014 94       		.byte	-108
 1107 0015 95       		.byte	-107
 1108 0016 96       		.byte	-106
 1109 0017 97       		.byte	-105
 1110 0018 98       		.byte	-104
 1111 0019 99       		.byte	-103
 1112 001a 9A       		.byte	-102
 1113 001b 9B       		.byte	-101
 1114 001c 9C       		.byte	-100
 1115 001d 9D       		.byte	-99
 1116 001e 9E       		.byte	-98
 1117 001f 9F       		.byte	-97
 1118 0020 80       		.byte	-128
 1119 0021 81       		.byte	-127
 1120 0022 82       		.byte	-126
 1121 0023 83       		.byte	-125
 1122 0024 84       		.byte	-124
 1123 0025 85       		.byte	-123
 1124 0026 86       		.byte	-122
 1125 0027 87       		.byte	-121
 1126 0028 88       		.byte	-120
 1127 0029 89       		.byte	-119
 1128 002a 8A       		.byte	-118
 1129 002b 8B       		.byte	-117
 1130 002c 8C       		.byte	-116
 1131 002d 8D       		.byte	-115
 1132 002e 8E       		.byte	-114
 1133 002f 8F       		.byte	-113
 1134 0030 B0       		.byte	-80
 1135 0031 B1       		.byte	-79
 1136 0032 B2       		.byte	-78
 1137 0033 B3       		.byte	-77
 1138 0034 B4       		.byte	-76
 1139 0035 B5       		.byte	-75
 1140 0036 B6       		.byte	-74
 1141 0037 B7       		.byte	-73
 1142 0038 B8       		.byte	-72
 1143 0039 B9       		.byte	-71
 1144 003a BA       		.byte	-70
 1145 003b BB       		.byte	-69
 1146 003c BC       		.byte	-68
 1147 003d BD       		.byte	-67
 1148 003e BE       		.byte	-66
 1149 003f BF       		.byte	-65
 1150 0040 C0       		.byte	-64
 1151 0041 C1       		.byte	-63
 1152 0042 C2       		.byte	-62
 1153 0043 C3       		.byte	-61
 1154 0044 C4       		.byte	-60
 1155 0045 C5       		.byte	-59
 1156 0046 C6       		.byte	-58
 1157 0047 C7       		.byte	-57
 1158 0048 C8       		.byte	-56
 1159 0049 C9       		.byte	-55
 1160 004a CA       		.byte	-54
 1161 004b CB       		.byte	-53
 1162 004c CC       		.byte	-52
 1163 004d CD       		.byte	-51
 1164 004e CE       		.byte	-50
 1165 004f CF       		.byte	-49
 1166 0050 D0       		.byte	-48
 1167 0051 D1       		.byte	-47
 1168 0052 D2       		.byte	-46
 1169 0053 D3       		.byte	-45
 1170 0054 D4       		.byte	-44
 1171 0055 D5       		.byte	-43
 1172 0056 D6       		.byte	-42
 1173 0057 D7       		.byte	-41
 1174 0058 D8       		.byte	-40
 1175 0059 D9       		.byte	-39
 1176 005a DA       		.byte	-38
 1177 005b DB       		.byte	-37
 1178 005c DC       		.byte	-36
 1179 005d DD       		.byte	-35
 1180 005e DE       		.byte	-34
 1181 005f DF       		.byte	-33
 1182 0060 90       		.byte	-112
 1183 0061 91       		.byte	-111
 1184 0062 92       		.byte	-110
 1185 0063 93       		.byte	-109
 1186 0064 9D       		.byte	-99
 1187 0065 95       		.byte	-107
 1188 0066 96       		.byte	-106
 1189 0067 97       		.byte	-105
 1190 0068 98       		.byte	-104
 1191 0069 99       		.byte	-103
 1192 006a 9A       		.byte	-102
 1193 006b 9B       		.byte	-101
 1194 006c 9C       		.byte	-100
 1195 006d 9D       		.byte	-99
 1196 006e 9E       		.byte	-98
 1197 006f 9F       		.byte	-97
 1198 0070 F0       		.byte	-16
 1199 0071 F0       		.byte	-16
 1200 0072 F2       		.byte	-14
 1201 0073 F2       		.byte	-14
 1202 0074 F4       		.byte	-12
 1203 0075 F4       		.byte	-12
 1204 0076 F6       		.byte	-10
 1205 0077 F6       		.byte	-10
 1206 0078 F8       		.byte	-8
 1207 0079 F9       		.byte	-7
 1208 007a FA       		.byte	-6
 1209 007b FB       		.byte	-5
 1210 007c FC       		.byte	-4
 1211 007d FD       		.byte	-3
 1212 007e FE       		.byte	-2
 1213 007f FF       		.byte	-1
 1214              		.section	.rodata.str1.1,"aMS",%progbits,1
 1215              	.LC0:
 1216 0000 222A2B2C 		.ascii	"\"*+,:;<=>?[]|\177\000"
 1216      3A3B3C3D 
 1216      3E3F5B5D 
 1216      7C7F00
 1217              		.section	.bss.Fsid,"aw",%nobits
 1218              		.align	1
 1219              		.set	.LANCHOR1,. + 0
 1222              	Fsid:
 1223 0000 0000     		.space	2
 1224              		.section	.bss.FatFs,"aw",%nobits
 1225              		.align	2
 1226              		.set	.LANCHOR0,. + 0
 1229              	FatFs:
 1230 0000 00000000 		.space	4
 1231              		.ident	"GCC: (GNU) 4.6.2"
DEFINED SYMBOLS
                            *ABS*:00000000 ff.c
C:\Users\kreyl\AppData\Local\Temp\ccZcsWhr.s:15     .text.check_fs:00000000 $t
C:\Users\kreyl\AppData\Local\Temp\ccZcsWhr.s:19     .text.check_fs:00000000 check_fs
C:\Users\kreyl\AppData\Local\Temp\ccZcsWhr.s:72     .text.check_fs:00000080 $d
C:\Users\kreyl\AppData\Local\Temp\ccZcsWhr.s:76     .text.move_window:00000000 $t
C:\Users\kreyl\AppData\Local\Temp\ccZcsWhr.s:80     .text.move_window:00000000 move_window
C:\Users\kreyl\AppData\Local\Temp\ccZcsWhr.s:109    .text.clust2sect:00000000 $t
C:\Users\kreyl\AppData\Local\Temp\ccZcsWhr.s:114    .text.clust2sect:00000000 clust2sect
C:\Users\kreyl\AppData\Local\Temp\ccZcsWhr.s:130    .text.get_fat:00000000 $t
C:\Users\kreyl\AppData\Local\Temp\ccZcsWhr.s:135    .text.get_fat:00000000 get_fat
C:\Users\kreyl\AppData\Local\Temp\ccZcsWhr.s:220    .text.dir_sdi.constprop.6:00000000 $t
C:\Users\kreyl\AppData\Local\Temp\ccZcsWhr.s:224    .text.dir_sdi.constprop.6:00000000 dir_sdi.constprop.6
C:\Users\kreyl\AppData\Local\Temp\ccZcsWhr.s:289    .text.f_mount:00000000 $t
C:\Users\kreyl\AppData\Local\Temp\ccZcsWhr.s:294    .text.f_mount:00000000 f_mount
C:\Users\kreyl\AppData\Local\Temp\ccZcsWhr.s:317    .text.f_mount:0000001c $d
C:\Users\kreyl\AppData\Local\Temp\ccZcsWhr.s:320    .text.f_open:00000000 $t
C:\Users\kreyl\AppData\Local\Temp\ccZcsWhr.s:325    .text.f_open:00000000 f_open
C:\Users\kreyl\AppData\Local\Temp\ccZcsWhr.s:629    .text.f_open:00000300 $d
C:\Users\kreyl\AppData\Local\Temp\ccZcsWhr.s:634    .text.f_open:00000310 $t
C:\Users\kreyl\AppData\Local\Temp\ccZcsWhr.s:842    .text.f_read:00000000 $t
C:\Users\kreyl\AppData\Local\Temp\ccZcsWhr.s:847    .text.f_read:00000000 f_read
C:\Users\kreyl\AppData\Local\Temp\ccZcsWhr.s:1005   .text.f_close:00000000 $t
C:\Users\kreyl\AppData\Local\Temp\ccZcsWhr.s:1010   .text.f_close:00000000 f_close
C:\Users\kreyl\AppData\Local\Temp\ccZcsWhr.s:1040   .text.f_gets:00000000 $t
C:\Users\kreyl\AppData\Local\Temp\ccZcsWhr.s:1045   .text.f_gets:00000000 f_gets
C:\Users\kreyl\AppData\Local\Temp\ccZcsWhr.s:1085   .rodata.excvt.1614:00000000 excvt.1614
C:\Users\kreyl\AppData\Local\Temp\ccZcsWhr.s:1218   .bss.Fsid:00000000 $d
C:\Users\kreyl\AppData\Local\Temp\ccZcsWhr.s:1222   .bss.Fsid:00000000 Fsid
C:\Users\kreyl\AppData\Local\Temp\ccZcsWhr.s:1225   .bss.FatFs:00000000 $d
C:\Users\kreyl\AppData\Local\Temp\ccZcsWhr.s:1229   .bss.FatFs:00000000 FatFs

UNDEFINED SYMBOLS
disk_read
disk_status
disk_initialize
