   1              		.syntax unified
   2              		.cpu cortex-m3
   3              		.fpu softvfp
   4              		.eabi_attribute 20, 1
   5              		.eabi_attribute 21, 1
   6              		.eabi_attribute 23, 3
   7              		.eabi_attribute 24, 1
   8              		.eabi_attribute 25, 1
   9              		.eabi_attribute 26, 1
  10              		.eabi_attribute 30, 4
  11              		.eabi_attribute 18, 4
  12              		.thumb
  13              		.file	"kl_ini.cpp"
  14              		.section	.text._Z11skipleadingPc,"ax",%progbits
  15              		.align	1
  16              		.global	_Z11skipleadingPc
  17              		.thumb
  18              		.thumb_func
  20              	_Z11skipleadingPc:
  21              		@ args = 0, pretend = 0, frame = 0
  22              		@ frame_needed = 0, uses_anonymous_args = 0
  23              		@ link register save eliminated.
  24 0000 0346     		mov	r3, r0
  25              	.L2:
  26 0002 1846     		mov	r0, r3
  27 0004 0278     		ldrb	r2, [r0, #0]	@ zero_extendqisi2
  28 0006 0133     		adds	r3, r3, #1
  29 0008 013A     		subs	r2, r2, #1
  30 000a D2B2     		uxtb	r2, r2
  31 000c 1F2A     		cmp	r2, #31
  32 000e F8D9     		bls	.L2
  33 0010 7047     		bx	lr
  35              		.section	.text._Z12skiptrailingPcPKc,"ax",%progbits
  36              		.align	1
  37              		.global	_Z12skiptrailingPcPKc
  38              		.thumb
  39              		.thumb_func
  41              	_Z12skiptrailingPcPKc:
  42              		@ args = 0, pretend = 0, frame = 0
  43              		@ frame_needed = 0, uses_anonymous_args = 0
  44              		@ link register save eliminated.
  45              	.L6:
  46 0000 8842     		cmp	r0, r1
  47 0002 05D9     		bls	.L5
  48 0004 10F8013C 		ldrb	r3, [r0, #-1]	@ zero_extendqisi2
  49 0008 202B     		cmp	r3, #32
  50 000a 01D8     		bhi	.L5
  51 000c 0138     		subs	r0, r0, #1
  52 000e F7E7     		b	.L6
  53              	.L5:
  54 0010 7047     		bx	lr
  56              		.section	.text._Z13striptrailingPc,"ax",%progbits
  57              		.align	1
  58              		.global	_Z13striptrailingPc
  59              		.thumb
  60              		.thumb_func
  62              	_Z13striptrailingPc:
  63              		@ args = 0, pretend = 0, frame = 0
  64              		@ frame_needed = 0, uses_anonymous_args = 0
  65 0000 10B5     		push	{r4, lr}
  66 0002 0021     		movs	r1, #0
  67 0004 0446     		mov	r4, r0
  68 0006 FFF7FEFF 		bl	strchr
  69 000a 2146     		mov	r1, r4
  70 000c FFF7FEFF 		bl	_Z12skiptrailingPcPKc
  71 0010 0023     		movs	r3, #0
  72 0012 0370     		strb	r3, [r0, #0]
  73 0014 2046     		mov	r0, r4
  74 0016 10BD     		pop	{r4, pc}
  76              		.section	.text._Z10ReadStringPKcS0_S0_Pc,"ax",%progbits
  77              		.align	1
  78              		.global	_Z10ReadStringPKcS0_S0_Pc
  79              		.thumb
  80              		.thumb_func
  82              	_Z10ReadStringPKcS0_S0_Pc:
  83              		@ args = 0, pretend = 0, frame = 544
  84              		@ frame_needed = 0, uses_anonymous_args = 0
  85 0000 2DE9F043 		push	{r4, r5, r6, r7, r8, r9, lr}
  86 0004 ADF5097D 		sub	sp, sp, #548
  87 0008 01AF     		add	r7, sp, #4
  88 000a 0546     		mov	r5, r0
  89 000c 0C46     		mov	r4, r1
  90 000e 1646     		mov	r6, r2
  91 0010 1146     		mov	r1, r2
  92 0012 3846     		mov	r0, r7
  93 0014 0122     		movs	r2, #1
  94 0016 9846     		mov	r8, r3
  95 0018 FFF7FEFF 		bl	f_open
  96 001c 8146     		mov	r9, r0
  97 001e 78B1     		cbz	r0, .L9
  98 0020 3046     		mov	r0, r6
  99 0022 FFF7FEFF 		bl	klPrintf
 100 0026 B9F1040F 		cmp	r9, #4
 101 002a 03D1     		bne	.L10
 102 002c 5E48     		ldr	r0, .L41
 103 002e FFF7FEFF 		bl	klPrintf
 104 0032 03E0     		b	.L37
 105              	.L10:
 106 0034 5D48     		ldr	r0, .L41+4
 107 0036 4946     		mov	r1, r9
 108 0038 FFF7FEFF 		bl	klPrintf
 109              	.L37:
 110 003c 0020     		movs	r0, #0
 111 003e 98E0     		b	.L11
 112              	.L9:
 113 0040 FE68     		ldr	r6, [r7, #12]
 114 0042 3EB9     		cbnz	r6, .L12
 115 0044 3846     		mov	r0, r7
 116 0046 FFF7FEFF 		bl	f_close
 117 004a 5948     		ldr	r0, .L41+8
 118 004c FFF7FEFF 		bl	klPrintf
 119 0050 3046     		mov	r0, r6
 120 0052 8EE0     		b	.L11
 121              	.L12:
 122 0054 2846     		mov	r0, r5
 123 0056 FFF7FEFF 		bl	strlen
 124 005a 0646     		mov	r6, r0
 125              	.L31:
 126 005c 5548     		ldr	r0, .L41+12
 127 005e 4FF40071 		mov	r1, #512
 128 0062 3A46     		mov	r2, r7
 129 0064 FFF7FEFF 		bl	f_gets
 130 0068 8146     		mov	r9, r0
 131 006a 20B9     		cbnz	r0, .L13
 132 006c 3846     		mov	r0, r7
 133 006e FFF7FEFF 		bl	f_close
 134 0072 4846     		mov	r0, r9
 135 0074 7DE0     		b	.L11
 136              	.L13:
 137 0076 4F48     		ldr	r0, .L41+12
 138 0078 FFF7FEFF 		bl	_Z11skipleadingPc
 139 007c 5D21     		movs	r1, #93
 140 007e 8146     		mov	r9, r0
 141 0080 FFF7FEFF 		bl	strchr
 142 0084 99F80020 		ldrb	r2, [r9, #0]	@ zero_extendqisi2
 143 0088 D0F10103 		rsbs	r3, r0, #1
 144 008c 38BF     		it	cc
 145 008e 0023     		movcc	r3, #0
 146 0090 5B2A     		cmp	r2, #91
 147 0092 18BF     		it	ne
 148 0094 43F00103 		orrne	r3, r3, #1
 149 0098 002B     		cmp	r3, #0
 150 009a DFD1     		bne	.L31
 151 009c C9EB0000 		rsb	r0, r9, r0
 152 00a0 0138     		subs	r0, r0, #1
 153 00a2 B042     		cmp	r0, r6
 154 00a4 DAD1     		bne	.L31
 155 00a6 09F10100 		add	r0, r9, #1
 156 00aa 2946     		mov	r1, r5
 157 00ac 3246     		mov	r2, r6
 158 00ae FFF7FEFF 		bl	strncasecmp
 159 00b2 0028     		cmp	r0, #0
 160 00b4 D2D1     		bne	.L31
 161 00b6 60E0     		b	.L38
 162              	.L32:
 163 00b8 3E48     		ldr	r0, .L41+12
 164 00ba 4FF40071 		mov	r1, #512
 165 00be 01AA     		add	r2, sp, #4
 166 00c0 FFF7FEFF 		bl	f_gets
 167 00c4 40B1     		cbz	r0, .L16
 168 00c6 3B48     		ldr	r0, .L41+12
 169 00c8 FFF7FEFF 		bl	_Z11skipleadingPc
 170 00cc 90F80090 		ldrb	r9, [r0, #0]	@ zero_extendqisi2
 171 00d0 0746     		mov	r7, r0
 172 00d2 B9F15B0F 		cmp	r9, #91
 173 00d6 55D1     		bne	.L17
 174              	.L16:
 175 00d8 01A8     		add	r0, sp, #4
 176 00da FFF7FEFF 		bl	f_close
 177 00de ADE7     		b	.L37
 178              	.L40:
 179 00e0 002D     		cmp	r5, #0
 180 00e2 E9D0     		beq	.L32
 181 00e4 2846     		mov	r0, r5
 182 00e6 3946     		mov	r1, r7
 183 00e8 FFF7FEFF 		bl	_Z12skiptrailingPcPKc
 184 00ec C01B     		subs	r0, r0, r7
 185 00ee B042     		cmp	r0, r6
 186 00f0 E2D1     		bne	.L32
 187 00f2 3846     		mov	r0, r7
 188 00f4 2146     		mov	r1, r4
 189 00f6 3246     		mov	r2, r6
 190 00f8 FFF7FEFF 		bl	strncasecmp
 191 00fc 0746     		mov	r7, r0
 192 00fe 0028     		cmp	r0, #0
 193 0100 DAD1     		bne	.L32
 194 0102 681C     		adds	r0, r5, #1
 195 0104 FFF7FEFF 		bl	_Z11skipleadingPc
 196 0108 0546     		mov	r5, r0
 197 010a 0446     		mov	r4, r0
 198 010c 0EE0     		b	.L19
 199              	.L39:
 200 010e 6378     		ldrb	r3, [r4, #1]	@ zero_extendqisi2
 201 0110 222B     		cmp	r3, #34
 202 0112 1CBF     		itt	ne
 203 0114 87F00107 		eorne	r7, r7, #1
 204 0118 FFB2     		uxtbne	r7, r7
 205 011a 06D1     		bne	.L21
 206 011c 04E0     		b	.L36
 207              	.L34:
 208 011e 5C2B     		cmp	r3, #92
 209 0120 03D1     		bne	.L21
 210 0122 6378     		ldrb	r3, [r4, #1]	@ zero_extendqisi2
 211 0124 222B     		cmp	r3, #34
 212 0126 00D1     		bne	.L21
 213              	.L36:
 214 0128 0134     		adds	r4, r4, #1
 215              	.L21:
 216 012a 0134     		adds	r4, r4, #1
 217              	.L19:
 218 012c 2378     		ldrb	r3, [r4, #0]	@ zero_extendqisi2
 219 012e 6BB1     		cbz	r3, .L22
 220 0130 B3F13B02 		subs	r2, r3, #59
 221 0134 18BF     		it	ne
 222 0136 0122     		movne	r2, #1
 223 0138 232B     		cmp	r3, #35
 224 013a 0CBF     		ite	eq
 225 013c 0022     		moveq	r2, #0
 226 013e 02F00102 		andne	r2, r2, #1
 227 0142 02B9     		cbnz	r2, .L23
 228 0144 17B1     		cbz	r7, .L22
 229              	.L23:
 230 0146 222B     		cmp	r3, #34
 231 0148 E9D1     		bne	.L34
 232 014a E0E7     		b	.L39
 233              	.L22:
 234 014c 0023     		movs	r3, #0
 235 014e 2370     		strb	r3, [r4, #0]
 236 0150 2846     		mov	r0, r5
 237 0152 FFF7FEFF 		bl	_Z13striptrailingPc
 238 0156 2946     		mov	r1, r5
 239 0158 4046     		mov	r0, r8
 240 015a FFF7FEFF 		bl	strcpy
 241 015e 01A8     		add	r0, sp, #4
 242 0160 FFF7FEFF 		bl	f_close
 243 0164 601B     		subs	r0, r4, r5
 244 0166 C0F10200 		rsb	r0, r0, #2
 245 016a B8EB0000 		subs	r0, r8, r0
 246 016e 18BF     		it	ne
 247 0170 0120     		movne	r0, #1
 248              	.L11:
 249 0172 0DF5097D 		add	sp, sp, #548
 250 0176 BDE8F083 		pop	{r4, r5, r6, r7, r8, r9, pc}
 251              	.L38:
 252 017a 2046     		mov	r0, r4
 253 017c FFF7FEFF 		bl	strlen
 254 0180 0646     		mov	r6, r0
 255 0182 99E7     		b	.L32
 256              	.L17:
 257 0184 3D21     		movs	r1, #61
 258 0186 FFF7FEFF 		bl	strchr
 259 018a A9F13B02 		sub	r2, r9, #59
 260 018e 5342     		rsbs	r3, r2, #0
 261 0190 43EB0203 		adc	r3, r3, r2
 262 0194 B9F1230F 		cmp	r9, #35
 263 0198 08BF     		it	eq
 264 019a 43F00103 		orreq	r3, r3, #1
 265 019e 0546     		mov	r5, r0
 266 01a0 002B     		cmp	r3, #0
 267 01a2 89D1     		bne	.L32
 268 01a4 9CE7     		b	.L40
 269              	.L42:
 270 01a6 00BF     		.align	2
 271              	.L41:
 272 01a8 00000000 		.word	.LC0
 273 01ac 12000000 		.word	.LC1
 274 01b0 27000000 		.word	.LC2
 275 01b4 00000000 		.word	.LANCHOR0
 277              		.section	.text._Z9ReadInt32PKcS0_S0_Pl,"ax",%progbits
 278              		.align	1
 279              		.global	_Z9ReadInt32PKcS0_S0_Pl
 280              		.thumb
 281              		.thumb_func
 283              	_Z9ReadInt32PKcS0_S0_Pl:
 284              		@ args = 0, pretend = 0, frame = 64
 285              		@ frame_needed = 0, uses_anonymous_args = 0
 286 0000 10B5     		push	{r4, lr}
 287 0002 90B0     		sub	sp, sp, #64
 288 0004 1C46     		mov	r4, r3
 289 0006 6B46     		mov	r3, sp
 290 0008 FFF7FEFF 		bl	_Z10ReadStringPKcS0_S0_Pc
 291 000c 30B1     		cbz	r0, .L44
 292 000e 6846     		mov	r0, sp
 293 0010 0021     		movs	r1, #0
 294 0012 0A22     		movs	r2, #10
 295 0014 FFF7FEFF 		bl	strtol
 296 0018 2060     		str	r0, [r4, #0]
 297 001a 0120     		movs	r0, #1
 298              	.L44:
 299 001c 10B0     		add	sp, sp, #64
 300 001e 10BD     		pop	{r4, pc}
 302              		.global	IBuf
 303              		.section	.bss.IBuf,"aw",%nobits
 304              		.set	.LANCHOR0,. + 0
 307              	IBuf:
 308 0000 00000000 		.space	512
 308      00000000 
 308      00000000 
 308      00000000 
 308      00000000 
 309              		.section	.rodata.str1.1,"aMS",%progbits,1
 310              	.LC0:
 311 0000 3A206669 		.ascii	": file not found\015\000"
 311      6C65206E 
 311      6F742066 
 311      6F756E64 
 311      0D00
 312              	.LC1:
 313 0012 3A206F70 		.ascii	": openFile error: %u\000"
 313      656E4669 
 313      6C652065 
 313      72726F72 
 313      3A202575 
 314              	.LC2:
 315 0027 456D7074 		.ascii	"Empty file\015\000"
 315      79206669 
 315      6C650D00 
 316              		.ident	"GCC: (GNU) 4.6.2"
DEFINED SYMBOLS
                            *ABS*:00000000 kl_ini.cpp
C:\Users\kreyl\AppData\Local\Temp\ccRpmJnh.s:15     .text._Z11skipleadingPc:00000000 $t
C:\Users\kreyl\AppData\Local\Temp\ccRpmJnh.s:20     .text._Z11skipleadingPc:00000000 _Z11skipleadingPc
C:\Users\kreyl\AppData\Local\Temp\ccRpmJnh.s:36     .text._Z12skiptrailingPcPKc:00000000 $t
C:\Users\kreyl\AppData\Local\Temp\ccRpmJnh.s:41     .text._Z12skiptrailingPcPKc:00000000 _Z12skiptrailingPcPKc
C:\Users\kreyl\AppData\Local\Temp\ccRpmJnh.s:57     .text._Z13striptrailingPc:00000000 $t
C:\Users\kreyl\AppData\Local\Temp\ccRpmJnh.s:62     .text._Z13striptrailingPc:00000000 _Z13striptrailingPc
C:\Users\kreyl\AppData\Local\Temp\ccRpmJnh.s:77     .text._Z10ReadStringPKcS0_S0_Pc:00000000 $t
C:\Users\kreyl\AppData\Local\Temp\ccRpmJnh.s:82     .text._Z10ReadStringPKcS0_S0_Pc:00000000 _Z10ReadStringPKcS0_S0_Pc
C:\Users\kreyl\AppData\Local\Temp\ccRpmJnh.s:272    .text._Z10ReadStringPKcS0_S0_Pc:000001a8 $d
C:\Users\kreyl\AppData\Local\Temp\ccRpmJnh.s:278    .text._Z9ReadInt32PKcS0_S0_Pl:00000000 $t
C:\Users\kreyl\AppData\Local\Temp\ccRpmJnh.s:283    .text._Z9ReadInt32PKcS0_S0_Pl:00000000 _Z9ReadInt32PKcS0_S0_Pl
C:\Users\kreyl\AppData\Local\Temp\ccRpmJnh.s:307    .bss.IBuf:00000000 IBuf
C:\Users\kreyl\AppData\Local\Temp\ccRpmJnh.s:308    .bss.IBuf:00000000 $d

UNDEFINED SYMBOLS
strchr
f_open
klPrintf
f_close
strlen
f_gets
strncasecmp
strcpy
strtol
